<?xml version="1.0" encoding="UTF-8"?>
<robot generator="Robot 6.1.1 (Python 3.9.18 on darwin)" generated="20240531 05:29:11.828" rpa="false" schemaversion="4">
<suite id="s1" name="testFlightApps" source="/Users/rossaafresiasiagian/Desktop/Sanber56-Mobile-Automation-Kelompok2/Suites/testFlightApps.robot">
<kw name="Open flight application" library="main" type="SETUP">
<kw name="Open Application" library="AppiumLibrary">
<arg>${remoteUrl}</arg>
<arg>platformName=${platformName}</arg>
<arg>platformVersion=${platformVersion}</arg>
<arg>deviceName=${deviceName}</arg>
<arg>appActivity=${appActivity}</arg>
<arg>appPackage=${appPackage}</arg>
<doc>Opens a new application to given Appium server.
Capabilities of appium server, Android and iOS,
Please check https://github.com/appium/appium/blob/master/docs/en/writing-running-appium/server-args.md
| *Option*            | *Man.* | *Description*     |
| remote_url          | Yes    | Appium server url |
| alias               | no     | alias             |</doc>
<msg timestamp="20240531 05:29:11.919" level="FAIL">ValueError: Timeout value connect was &lt;object object at 0x100c45bb0&gt;, but it must be an int, float or None.</msg>
<status status="FAIL" starttime="20240531 05:29:11.915" endtime="20240531 05:29:11.923"/>
</kw>
<status status="FAIL" starttime="20240531 05:29:11.915" endtime="20240531 05:29:11.923"/>
</kw>
<test id="s1-t1" name="Positive - User login with valid credentials" line="14">
<tag>TC-001</tag>
<status status="FAIL" starttime="20240531 05:29:11.923" endtime="20240531 05:29:11.924">Parent suite setup failed:
ValueError: Timeout value connect was &lt;object object at 0x100c45bb0&gt;, but it must be an int, float or None.</status>
</test>
<kw name="Close Application" library="AppiumLibrary" type="TEARDOWN">
<doc>Closes the current application and also close webdriver session.</doc>
<msg timestamp="20240531 05:29:11.924" level="FAIL">No application is open</msg>
<status status="FAIL" starttime="20240531 05:29:11.924" endtime="20240531 05:29:11.924">No application is open</status>
</kw>
<status status="FAIL" starttime="20240531 05:29:11.829" endtime="20240531 05:29:11.924">Suite setup failed:
ValueError: Timeout value connect was &lt;object object at 0x100c45bb0&gt;, but it must be an int, float or None.

Also suite teardown failed:
No application is open</status>
</suite>
<statistics>
<total>
<stat pass="0" fail="1" skip="0">All Tests</stat>
</total>
<tag>
<stat pass="0" fail="1" skip="0">TC-001</stat>
</tag>
<suite>
<stat pass="0" fail="1" skip="0" id="s1" name="testFlightApps">testFlightApps</stat>
</suite>
</statistics>
<errors>
</errors>
</robot>
