<?xml version="1.0" encoding="UTF-8"?>
<robot generator="Robot 7.0 (Python 3.9.1 on win32)" generated="2024-06-03T12:25:41.882139" rpa="false" schemaversion="5">
<suite id="s1" name="testFlightApps" source="D:\QA Bootcamp\Quiz 3\Sanber56-Mobile-Automation-Kelompok2\suites\testFlightApps.robot">
<kw name="Open flight application" owner="main" type="SETUP">
<kw name="Open Application" owner="AppiumLibrary">
<arg>${remoteUrl}</arg>
<arg>platformName=${platformName}</arg>
<arg>platformVersion=${platformVersion}</arg>
<arg>deviceName=${deviceName}</arg>
<arg>appActivity=${appActivity}</arg>
<arg>appPackage=${appPackage}</arg>
<doc>Opens a new application to given Appium server.
Capabilities of appium server, Android and iOS,
Please check https://github.com/appium/appium/blob/master/docs/en/writing-running-appium/server-args.md
| *Option*            | *Man.* | *Description*     |
| remote_url          | Yes    | Appium server url |
| alias               | no     | alias             |
| strict_ssl          | No     | allows you to send commands to an invalid certificate host like a self-signed one. |</doc>
<status status="PASS" start="2024-06-03T12:25:42.193178" elapsed="17.328207"/>
</kw>
<status status="PASS" start="2024-06-03T12:25:42.192160" elapsed="17.329225"/>
</kw>
<test id="s1-t1" name="Positive - User want to book flight one way" line="45">
<kw name="Verify sign in button appears" owner="homepage">
<kw name="Wait Until Element Is Visible" owner="AppiumLibrary">
<msg time="2024-06-03T12:26:01.185628" level="INFO">xpath criteria: //android.widget.Button[@resource-id="com.example.myapplication:id/login"]</msg>
<arg>locator=${signin_button}</arg>
<doc>Waits until element specified with `locator` is visible.</doc>
<status status="PASS" start="2024-06-03T12:25:59.524394" elapsed="1.661234"/>
</kw>
<status status="PASS" start="2024-06-03T12:25:59.523397" elapsed="1.662231"/>
</kw>
<kw name="Click sign in button on home page" owner="homepage">
<kw name="Click Element" owner="AppiumLibrary">
<msg time="2024-06-03T12:26:01.191131" level="INFO">Clicking element '//android.widget.Button[@resource-id="com.example.myapplication:id/login"]'.</msg>
<msg time="2024-06-03T12:26:01.438311" level="INFO">xpath criteria: //android.widget.Button[@resource-id="com.example.myapplication:id/login"]</msg>
<arg>locator=${signin_button}</arg>
<doc>Click element identified by `locator`.</doc>
<status status="PASS" start="2024-06-03T12:26:01.186615" elapsed="0.252700"/>
</kw>
<status status="PASS" start="2024-06-03T12:26:01.186615" elapsed="0.252700"/>
</kw>
<kw name="Wait until username is visible" owner="login">
<kw name="Wait Until Element Is Visible" owner="AppiumLibrary">
<msg time="2024-06-03T12:26:02.490641" level="INFO">xpath criteria: //android.widget.EditText[@resource-id="com.example.myapplication:id/username"]
xpath criteria: //android.widget.EditText[@resource-id="com.example.myapplication:id/username"]</msg>
<arg>locator=${username_input}</arg>
<doc>Waits until element specified with `locator` is visible.</doc>
<status status="PASS" start="2024-06-03T12:26:01.440865" elapsed="1.049776"/>
</kw>
<status status="PASS" start="2024-06-03T12:26:01.439838" elapsed="1.050803"/>
</kw>
<kw name="Input valid username" owner="login">
<kw name="Input Text" owner="AppiumLibrary">
<msg time="2024-06-03T12:26:02.497167" level="INFO">Typing text 'support@ngendigital.com' into text field '//android.widget.EditText[@resource-id="com.example.myapplication:id/username"]'</msg>
<msg time="2024-06-03T12:26:02.756587" level="INFO">xpath criteria: //android.widget.EditText[@resource-id="com.example.myapplication:id/username"]</msg>
<arg>locator=${username_input}</arg>
<arg>text=${username_valid}</arg>
<doc>Types the given `text` into text field identified by `locator`.</doc>
<status status="PASS" start="2024-06-03T12:26:02.492643" elapsed="0.263944"/>
</kw>
<status status="PASS" start="2024-06-03T12:26:02.491640" elapsed="0.264947"/>
</kw>
<kw name="Wait until password is visible" owner="login">
<kw name="Wait Until Element Is Visible" owner="AppiumLibrary">
<msg time="2024-06-03T12:26:03.463702" level="INFO">xpath criteria: //android.widget.EditText[@resource-id="com.example.myapplication:id/password"]</msg>
<arg>locator=${password_input}</arg>
<doc>Waits until element specified with `locator` is visible.</doc>
<status status="PASS" start="2024-06-03T12:26:02.757576" elapsed="0.706126"/>
</kw>
<status status="PASS" start="2024-06-03T12:26:02.757576" elapsed="0.706126"/>
</kw>
<kw name="Input valid password" owner="login">
<kw name="Input Password" owner="AppiumLibrary">
<msg time="2024-06-03T12:26:03.467698" level="INFO">Typing password into text field '//android.widget.EditText[@resource-id="com.example.myapplication:id/password"]'</msg>
<msg time="2024-06-03T12:26:03.572698" level="INFO">xpath criteria: //android.widget.EditText[@resource-id="com.example.myapplication:id/password"]</msg>
<arg>locator=${password_input}</arg>
<arg>text=${password_valid}</arg>
<doc>Types the given password into text field identified by `locator`.</doc>
<status status="PASS" start="2024-06-03T12:26:03.465700" elapsed="0.106998"/>
</kw>
<status status="PASS" start="2024-06-03T12:26:03.464703" elapsed="0.107995"/>
</kw>
<kw name="Click sign in button on login page" owner="login">
<kw name="Click Element" owner="AppiumLibrary">
<msg time="2024-06-03T12:26:03.575694" level="INFO">Clicking element '//android.widget.Button[@resource-id="com.example.myapplication:id/signIn"]'.</msg>
<msg time="2024-06-03T12:26:04.189270" level="INFO">xpath criteria: //android.widget.Button[@resource-id="com.example.myapplication:id/signIn"]</msg>
<arg>locator=${signin_btn}</arg>
<doc>Click element identified by `locator`.</doc>
<status status="PASS" start="2024-06-03T12:26:03.573694" elapsed="0.615576"/>
</kw>
<status status="PASS" start="2024-06-03T12:26:03.573694" elapsed="0.615576"/>
</kw>
<kw name="Wait until book menu is visible" owner="homepage">
<kw name="Wait Until Page Contains" owner="AppiumLibrary">
<arg>Book</arg>
<arg>${timeout}</arg>
<doc>Waits until `text` appears on current page.</doc>
<status status="PASS" start="2024-06-03T12:26:04.191228" elapsed="0.745095"/>
</kw>
<status status="PASS" start="2024-06-03T12:26:04.190225" elapsed="0.746098"/>
</kw>
<kw name="Click book button on homepage" owner="homepage">
<kw name="Click Element" owner="AppiumLibrary">
<msg time="2024-06-03T12:26:04.939340" level="INFO">Clicking element '//android.widget.Button[@resource-id="com.example.myapplication:id/book"]'.</msg>
<msg time="2024-06-03T12:26:05.156235" level="INFO">xpath criteria: //android.widget.Button[@resource-id="com.example.myapplication:id/book"]</msg>
<arg>locator=${book_homepage_btn}</arg>
<doc>Click element identified by `locator`.</doc>
<status status="PASS" start="2024-06-03T12:26:04.937834" elapsed="0.218401"/>
</kw>
<status status="PASS" start="2024-06-03T12:26:04.937324" elapsed="0.218911"/>
</kw>
<kw name="Wait until start date is visible" owner="booking">
<kw name="Wait Until Page Contains" owner="AppiumLibrary">
<arg>Start Date</arg>
<arg>${timeout}</arg>
<doc>Waits until `text` appears on current page.</doc>
<status status="PASS" start="2024-06-03T12:26:05.158238" elapsed="1.461003"/>
</kw>
<status status="PASS" start="2024-06-03T12:26:05.157235" elapsed="1.462006"/>
</kw>
<kw name="Select start date and end date" owner="booking">
<kw name="Click Element" owner="AppiumLibrary">
<msg time="2024-06-03T12:26:06.621590" level="INFO">Clicking element '//android.widget.TextView[@resource-id="com.example.myapplication:id/textStartDate"]'.</msg>
<msg time="2024-06-03T12:26:06.870561" level="INFO">xpath criteria: //android.widget.TextView[@resource-id="com.example.myapplication:id/textStartDate"]</msg>
<arg>locator=//android.widget.TextView[@resource-id="com.example.myapplication:id/textStartDate"]</arg>
<doc>Click element identified by `locator`.</doc>
<status status="PASS" start="2024-06-03T12:26:06.619241" elapsed="0.251320"/>
</kw>
<kw name="Click Element" owner="AppiumLibrary">
<msg time="2024-06-03T12:26:06.872571" level="INFO">Clicking element '//android.view.View[@content-desc="09 August 2019"]'.</msg>
<kw name="Capture Page Screenshot" owner="AppiumLibrary">
<msg time="2024-06-03T12:26:09.332049" level="INFO" html="true">&lt;/td&gt;&lt;/tr&gt;&lt;tr&gt;&lt;td colspan="3"&gt;&lt;img src="data:image/png;base64, iVBORw0KGgoAAAANSUhEUgAABDgAAAeACAYAAAArYecKAAAAAXNSR0IArs4c6QAAAARzQklUCAgI
CHwIZIgAACAASURBVHic7N13nFTV/f/x97kz21hYekdQsAA2wAJWsKDGirHGFjQaNSZGo9F8jYkx
MX6/ydfEEtN/ses3sfeGXVREjaChWEAEBOnLwi7s7sw9vz/u3Cm7M7MzszO7O8PryQOYcu85594Z
TM5nz/l8jEYNtwIAAAAAAChiTmcPAAAAAAAAoL0IcAAAAAAAgKJHgAMAAAAAABQ9AhwAAAAAAKDo
EeAAAAAAAABFjwAHAAAAAAAoegQ4AAAAAABA0SPAAQAAAAAAih4BDgAAAAAAUPQIcAAAAAAAgKJH
gAMAAAAAABS9YGcPAOhMgUBAQwcO1IlHHKUjD5qssTvupH59ekuS1m2o1cLFn+vFN9/QIy88p2Ur
VyocDnfyiAEAAAAAyRiNGm47exBARzLGaPddRutvv/5vTdh1dwUDARlj0p5jrVXYDWvuggW66GfX
6IP/fCxr+acDAAAAAF0FAQ5sU0YMHaovXntLktoMaqTiBzbKRo9iRQcAAABKTq+aGu05eqzGjR2r
XjU1GjdmrHrV9Iy+X1u3UXMWzFdtXZ3mzJ+vuQu9x8XsyIMm64U3Xy9oH+PGjNXN116X9pjLb7he
cxbML+g4ShlbVJDSkAEDNW3qkdp7992Tvv/+xx/r8RkvaMXqVR08suxVVVbqzX8+rPFjd805sOHz
z7/rt7/T2Vdclo/hdYge1dU69+RTtf3QYVmfu35jrZ57/TXN++xTbW1sLMDoAAAA0Jm2HzZMJxx+
hKZNPVJTJk5q8/hpU49MeP7au7P0+IwX9MRLL2rJ8uWFGmZB/OLSyzVl0qSCBzh61dS0eW971dQU
dAyljgAHUtpj9BidfuxxmrDbbknf33HE9lq8bGmXD3DsMGw7LZzxqsrLyvLa7gmHHyFjjKy1qq7q
pvotDXltP596VFfrnBNP0hXf+a66d+uW9fmNTU068qDJuu7W3+uN2bMVCocKMEoAAAB0tCkTJ+mH
089rFbDIpZ0pEyfplmuv0+MzXtCtd92h196dladRFs4vLr1c1116mV6f3fXHirYR4EBK/fv00dBB
g1RdlXxCPHTQIPXv06eDR5Wd4w49XI//5e9ynPwXDKquqtKAvn21au1a/eSi7+njTxbqwWefzns/
7VVd1U1HTzlUl593voYPGZJzOwP69tXxh03V4mVLiy4qDwAAgERTJk7SdZdentFqjWxNm3qkpk09
Uq+9O0vX33Zzlw10+MGNQhk3ZqxOmHpE9HkmK6m//c2TNTnuM3lixotsWckCAQ6kNKBvXw3o2zfn
9zvbfuMnFCy4IUmO4+jIgybrnsce0fsff6TH/vw3rd9Yq5femlmQ/nLRvVu1jjnkUF1z8SUaMXSo
Fi5apH8985Qkb/zXXvIDzXz/Pb3x3rsKhcIaNniwTj36WL3yzlua//lnampq1rixY3XwPhPVu2dP
7TF6jAb160+AAwAAoEj1qqnRnb+5qd0rNjIxZeIkTbn/X7rrkYd0+a9/2aXydBQ6uJFr+9NPOqVV
O9ffdot+cdvN+RpaSStYgOPYQw/TqOEj2t3Oky/N0BfLl7Wrje2HDdPxh03VXrvtrj49e6myokKb
6uu1ZPkyvfbuLD358ox2j1PytgHsP2FvDezXT71qavTme7P14fx5eWm7M1R365Zy9YbkrQyozmG7
Q0cYMmCgZv7rkYIFN3wnHH6E7nnsEa1cs1rGGL1w573aYcoBWrpiRUH7zUSP6modc8hhuvrCi7XH
6DFqbGrSF8uX6c8P3CtJCjgBXXPxJfr3vP/ob/98QI1NTdprt911zJRD9co7b+vpV15W/ZYGnX7s
8Ro3Zlf17tlTfXr2UlVlZSdfGQAAAHIxbsxYvXr/vzo8z8P0k07RtKlH6pAzT+sSqxEKHdyQpMvO
/U7e2vrh9PMIcGSoYAGO8089XSccfkTbB7Zh8dKlOQc4+vbqrd9dc61OPfrYlJOyy887XwsWfa6f
/u63euzFF7LuY9igwbrwW2fq+MMO1+hROybkefj+L37WZQMcFeXlOurgKTpgr731/scf6ZV33tba
DesleRPjb0w+REdPOSRtQk5jjI6ecogWLlqk515/VZvq6yVJ/Xr30aH77a+9d99Db33wvp5/4zU1
NjV1yHVJUjAQ1PwXXi54cEOSxuy4o4wx6hb5fjmOo/kvvKze43dXc6jz8lTUdO+uo6ccqh9fcKHG
jRkbfb2xqVGr1q6VJAUCAUlS/ZYGrV63TlsbG7W+tlZhN6y6zZu1et06bW6oV93mzQq7XrWYYDDQ
IfcVAAAA+TX9pFN0529u6rT+e9XU6MOnntO5V1+pux55qNPG0RHBDUnq2aNH3toi8WjmuvwWlU31
m3M6b9TwEXrir/9Pu+60c5vHjhm1ox78w5901f/8t26+8/9l3Mel3z5XP//BD9W3V++cxtiZ9hwz
VtNPOlmHTNpfZ54wTYuXLtWLM9/QwkWLNHniJB095RANGTCwzXbGjdlV/3PVT3TwvhP1+ruzNHrU
KB1x4MEaOXy4qqu6aaftt9fKNas1e+6cDrgqzx+v/1Ve/4OSzoC+fWWt1S4jR0Vfq67qprv/9/c6
4/JLO2QMLfXs0UNHTzlUV3znAk3YNXmCWAAAAGw77vzNTa22PnSWO39zk3rV1OiWO//R4X13VHAD
nadgAY7HZ7yoRUu/zPq8A/baWxP3HC9Jmv/5ZzklpCkLBnXv725JCG688+G/9eCzT+uD/3yszfX1
2mXkKJ181NE68Ygj5TiOgoGg/ueqn2jOgnl6ddY7bfbxh+t+qe+f/e2E15pDIS34/DN9ueIr1W3a
rPmff5b12DtCj+pqTT3gIB28z0T17NFDPXv00IC+fTV2x520talR3btVq0d1dUblVCvKy7X90GE6
e9o3deIRR6qyvEI1PborGPC+WgfvM1Hvf/yxFnz+WXSFR6Gdf+rpHdKPJJWXlckY0yo502nHHNcp
AY5eNTX6xuRDdPm539FeuyUv7wsAAIBtx/STTukywQ3fzT/9uWrr6jp0JQfBjW1DwQIcuXxZy4JB
LXr1zejzOx76V059/3D6edpv/ITo89vvvVs/uP7nCcd8OH+e/vn0k/rxBRfqt1dfI8mbrP70ez9o
M8Bxw4+uTAhubNi4UX9+4F79+f77tPzrlTmNuSNNGj9BRx08Wb179oy+FgwE1adXr5zaM8aopnt3
1XTv3uq93j176qiDJ2v2R3M0Y+abSc7OH2OMPn/ljbRbKKy1Kc/NxdbGRklqFUxwHEerZ/9bAyfu
lbLPfOvds6e+MXmKfvjt87TPHnt2SJ8AAADo2gpRJSUfpkyc1GEBDoIb244utUXle2edo+0Ge2Us
V61dqz8/cF9O7Zx3ymnRxx/On9cquBHvf//+Vx150GQdtv8BkqT9J+yl3j17asPGjUmPP/Kgybrq
uxdHn3/+5RKdcfmleu+juTmNtaMNGTBQxx16uPbefY+cJ/XZMMZo79330HGHHq55n36qFatXFayv
8rIyjRgyNOE1a62stVq09Es99cpLeu711/TlV18pEHC044jtNWHX3TR2x5309r8/0MlHHa199thT
FeXlGd+blau95KL+9zZen569VFFeHg2CFJIf3Lj02+dq3z3HJT3GGKNuVVXafphXnirgeDk4evao
0YihQ9XY1KQhAwcqGAiqX+/eGjF0qOq3NKhf797RFTkAAAAoLtOvukLjxuyqPceM6eyhRM1dsEDT
r7qiQ/oiuLFt6VKzlgtO+1b08f1PPqaGLVuybmOXkSM1Oi4fwn2PP9bmOY+88Fw0wFFVWanddx6t
N957N+mxv7r8CpUFvdu2cvVqHXLm6UWxasN3yH776RuTp6iyoiKr85qam7VilRecGDJwYEIy1bZU
VlTo0P3215vvzdZDzz2TVb/Z+ME506OJM621WrZypS689r/04sw3JEk777CDfvdfP9NRB09OCGDs
dNhkLVr6pW67+04ZYzSwXz/98Rc36ITDp0bbS2XuwgUaNmiQKsrLW70XCAT0o/Mu0I1/vj2PV5nc
DsO207eOPSG6vSuZgONolx1G6WeX/FCSZIy30uTAvfZR927dFA676t+3j3pUV+v4w6Zq911GKxQK
a6ftt09Y7QMAAIDiMuXMUzXnqec1YujQtg8usC+/+kpTzjy1Q/oiuLHt6TIBjjOOPyGaM6N+S4Nu
veuOlMf+9uprNPXAg7R85Upd8d836NMvFkff23P02ITJ61sfvN9m358sXpTwPNVk7qiDp0SX/ltr
ddVvbiyq4MaQAQN1wIS9oz/Bz8QXy5fpoWef0TOvvqKVa1ZLkgb3H6BjDjlUpxx9jHYYtl1G7ey0
/Q6aPHGS3vrg/YKs4nAcRxefeXY0sDHljFOj1Xe+ddwJuv26X6p3z56tVma4rqslXy2PPrfW6us1
a3TSJReqsqJCv77ix7ps+ndSbnt5+Llnde0ll6Zc8XHht87okABH7549tcN26T+LQCCgEUOH6rxT
Ev8HZc8xY1pF9A/aZ18dtM++eR8nAAAAOl5tXZ2mXXS+XnvgwQ5Lxp/Mxk2bNO2i81VbV1fwvghu
bJu6TIDj+2dPjz5+YsYMLV2xIulxpx1znH58wYWSvDrOjU1NOvn7F0Xf//Krr/Tbv/0l+vzTJYtb
tdFS/z59E55/terrpMedecK06OMP58/TfU+0vTqkK1mzfp1mzflQh+53gHYZObLN49/7aK5uuesf
euGNN7Rx0yaFwl7Z0y+WLdO8zz7V3IXzddn072SU7+GLZcs0e+4crVm/rt3XkYwxRiOGDNVeJxyj
OQvmy1qrnj16aO37c9Jur1j+9dcKh8NJ39va2KgrbrxBV9x4g7bM+7TV1hXXdfXGe+/qsT//LWX7
wwYNzv2iAAAAgDyZs2C+pl91Rdr/71po06+6QnMWzC94PwQ3tl1dIsAx9cCDNGmct7Q+HA7rlrtS
lwzabnDihHFQ//4Jz9+d+6HenfthVv3HT9DXbliv9z/+KOlx+0/YK/r40Reejz4ePGCAdt95tPr2
7q3auo2aPXeu1tVuyGoMHaE5FNLjM17QutoN+tF5F+jQ/fZPeewXy5fprkce1hMzZqh+S0PCe6Fw
SOtqN+iJGTM0oG8/DR00KG1J2VfeeVu/v+PvevO92WoOhfJ2PfF6VFer94Tdo5Varr7wYt14xVVt
Jhx9+e2ZGbXfbbdd9Jdf3agLTvtWNMixfmOtTj/2+LT5OjoizwkAAACQicdnvKDrb7ulUyb/1992
ix6f8ULB+yG4sW3rEgGOy889PzoRfO3dWWkTdj78/LP6wTnnaviQIWpqbta9jz/arr7LgkGddOQ3
os9feOONpMftMGy7hO0Yz7z6sk4/9nhdfu53NH7X3aJ5OSQvAPD2Bx/o13+6PZr/oauo27xZL7/9
llauXq3vnXWOTj36WPWorm513Mz339MLb77eKrgRr35Lg55+5WXtvdseCatbfJvq6/Xgs0/rT/fd
o/mff1bQZJv+MjfHcfT4n/+uYw89LKPgwqw5mQXDrLW68Nr/0oJFn+v31/xMxhjd/egjuvmnPyeI
AQAAgKLxi9tu1vbDhunb3zy5w/q8+9GH9Yvbbi54PwQ30OkBjvFjd9XUAw+MPv/T/fekPX7J8uUa
d9xRmrjneC1etjQh/0Yufvb9H0ZzUjQ2Nemm//fXpMftv9de0Yls3ebNuvTb5+rck5MnxwkGgjp4
34maNH6CLv3ldfrr/93frjHm29bGRn20cKFeeect7Td+gsbuuFPC+03NzfpsyRf68quv2mxryfLl
WvLVsqTvLVu5Qq+885Y+Wrgwur2lkIwxevOfDyestGnL4mVLs+rjljv/ofKyMt14xVXq26tX1sla
AQAAgM522Q3Xd1hllbkLFuiyG64veD8ENyB1gQDHledfGM2R8PEnCxO2fqSyYeNGPf/Ga+3u+5BJ
++nK878bff7n++9NuSdspxE7RB/3qK6OBjdc19UH//lYn3+5ROVl5Rq7004aM2pHSV7Z0j9c90tt
2LhRDz77dLvHm0+hcEgBJ5B0gr5m/TqtXL06o6BEKBzSl199pRWrV7XaplJZUaGAE+iw4Mb/u/G3
2m/8hKzOq9u8Oeu+fvu3v6h3TU9dfeHFbR7L6g4AAAB0NbV1dZp28fma89TzBU06unHTJk27uPBJ
RQluwNepAY4dhm2naVOPiD6/4+EHO6zv7YcN052/+Z2qKislSR8tXKD/uuk3KY8fMjA2efcnrfM+
+1QX/ewazXz/vYRjLznrHP3+pz9XeVmZyoJB/fKyK/TYi88XLP9ErkLhsEJJxtSzR4+s/kPXv0/f
VolaJam+oUENW7Mv9ZuLay7+vs49+ZSsAwrJyru2ZfCAAfrxBRdm1Je1Nuv2AQAAgEJbsny5ppxx
qj586rmC9THljFO1ZPnytg9sB4IbiJc6A2MHuOL876pbVZUkacXqVfrLA/d1SL89qqv14G1/itaB
3rhpky762TVpc0S0zFMxd8ECTf32ma2CG5L0x/vu0e/+EctOvMvIkfrOqafnafT50a93H+28ww7q
06tXq/eqq7ppxNBh6te7T0btDB4wICEHiW9Q//7adaedM2qnvQ7aZ5+czhvcf0BWx/eqqdHiV2cq
EAjk1B8AAADQVcxZMF/nXn1lQdo+9+orC14xheAGWuq0AEfvnj31rWOPjz6/7/HHCpqEMt6Df/hT
tHJKKBzSJb+4Vu98+O+051SUx7ZyhMIhff/6n2nl6tUpj7/hj3/QqrVro8+PPOjgdo46f0aPGqXr
L7tcl5x1jnrX9Gz1vjFG+0/YK6PtHpMnTtSUiZOSvtenZy99/+xv6/rLLtfoUaPaPe50br/37pzO
y2bf4ajhI7TmvQ/JuwEAAICScdcjD+nWu+7Ia5u33nWH7nrkoby22RLBDSTTaQGOy889P7p6YHND
vW67+84O6feem27WUQdPiT6//rZbdP8Tj7d5nuPEtiMsXLQo6cqNeA1btujVWW9Hn0/YdfccRpt/
h+63v276ybU664Rvqn+fvilXIuy28y6aftIpCSV0W9pnjz111gknaucdRiZ9PxAIqH+fvjrrhG/q
pp9cm7YsbXu9/PZbWW8HMcbokEltj8kYo4vPPFufzHg1mi8mU2xRAQAAQFd32Q3X6/XZs/LS1uuz
ZxU8qSjBDaTSKTk4yoJBTT8pVpbosRdf0Fervi54v7+9+hqdPe2b0ed/uOcu3fDHP2R0blNzc/Sx
42QWF/rPp59GH/fr3TvDURbOkAEDNW3qkTps/wPaXIVQUV6uIw8+WL1qanTnww/q+Tde19oN6yV5
21JOOHyqzj35VI0bO1blZWVp26rp3l2H7X+AFi9bqoWLFmnF6lV5uybf1sZGbW5oUE337lmdN3HP
cQoEAgqHw0nf792zpxa88IoG9uuX07jqt3RMDhIAAACgPaZddIFeu//BdlVWmbtggaZddEEeR9Ua
wQ2k0ykBju+ddY62GzxEkrfdI99LopK58vzvJlRMue+Jx3TpL6/L+Py169dHH3errMronNq6jbFz
qqrUrapKDZ044V2zfp0+WbxI6zfWtqp4kkx1VTcdsNfeGjNqR/30ez/Q0pVe2djhg4eqd8+e6t2z
Z5vBDd/6jbX6ZPEirVm/rl3XkIq1VjNmvqmTjvpGVucZY1RdVZVQTcUYo+2HDtPd//t7Hbj3Pu2q
hPLSWzNzPhcAAADoKLV1dZp+1Y/02gMP5lRZZeOmTZp+1Y8KWjGF4Aba0ilbVC447VvRx6++844+
+M/HBe3vnBNP0o1XXh2dqD79yss6+4rs/mHErzoY2K9fRnkYusclJt2ydWunBjckqTkU0mvvztJb
H7yf8TkV5eUaPGCARo8apSkT99OUiftp9KhRGtivX8bBDUl664P39dq7swpaSea6W3+f0zaVm396
naoqK7XzDiN1y7XXqeE/n+jzV97QQfvs267ghrVW1/7+f3M+HwAAAOhIcxbM1/Srrsjp3OlXXVHQ
pKIEN5CJDg9wnHH8Cdp1p52jz/943z0F7e/oKYfoT7+8IVrl4833Zuu0H16SdTvxP4mvqqzU1AMO
avOcHUdsH30cn3C0M336xWI9/crL+mTx4qzPLS8ryyqo4ftksdfnp19k32c25n/+WU6JaqefdLLW
f/CRFr74in44/TxVVlRkvA0pnabmZi1Y9Hm72wEAAAA6yuMzXtDlv/5lVudc/utf6vEZLxRoRAQ3
kLkOD3B8/+zp0cdzFszXEy+9WLC+Jo0br3tuulnVVd0kSR/On6cTL/5uTispZs35MKGG87e/eXKa
oz3x1UXmLJiXdZ+F0BwK6eW339JLb89MyCtSKE3NzXrp7Zl6+e23Crp6Q/JWTOx/yolZr+JwHEf/
+/e/5jUhaK5jAQAAADrbLXf+Q3c/+nBGx9796MO65c5/FGwsBDeQjQ4NcEw98CBNGjc++vwfD/6z
YH3tMnKkHvzDn9S3l5fc85PFizXtovO1rnZDzm3+8+kno4+nTT1C06YemfLYH04/L2EFx0PPPZNz
v/n29do1ev6N1zRnfizosq52gx567hn96vbb9Oqsd7IKfjQ1N+vVWe/oV7ffpoeeeybhHs+ZP0/P
v/Gavl67Jq/XkMrchQty2vd35fnf1Xd/+pO8BSQ2btqkD+d3jaAWAAAAkK3pV12huQsWpD1m7oIF
OW9pyQTBDWSrQ5OMXn7u+dGcBsu/Xqm//t/9ObXz26uv0dQDD9LylSt1xX/f0Grrw8B+/fTon/4W
TWS6bOUKnXjxBVq6YkW7xn/jn2/XmSdM03aDhygQCOiu3/5OF1wTbBW8OP3Y43XDj66MPv9o4QI9
8OQT7eo7n8LhsN7+9wf6v6ef1PqNtXrvo4/04sw3tHjpUm1tatS/nnlKpx59rM4+8ZvaYdh2adv6
Yvky3fvYo3rw2ae1cs1qVZZXaOTw4TriwIO1zx576KmXX9ar77yTskpJvllrNeGEo7XolTez2mZS
WVGhww84UFf95kb99upr2pV7w3VdTTj+aFZvAAAAoKhNOfNULXn97aRJRzdu2qQpZ55asL4JbiAX
HRbgGD92V0098MDo8/sefyynLQunHXOcfnzBhZKkcWPGqrGpSSd//6KEY+656WaN3XGn6HNrpf+7
5fas+rnr0YdaLbXaVF+vy264Xvf97lZVVVaqZ48e+uett+uSs8/Rh/PmKRgMavzYXbX/hL2iE+St
jY0FrwOdiw0bN+quRx7SI88/p/otDarbtFmhsPd5bNy0SbfefYdqunfXZed+J207T8x4UbfefYc2
btoUDWKsXrdO8z//TNVV3VS3eZPqtzQU/HriLVm+XNf/4Rb94tLLMw5UGGN02jHH6Y6HH9Q5V16u
e266Oecgx41//qO+WL4sp3MBAACArqK2rk5Tzji1VWWVjZs2acoZpxasYgrBDeSqwwIcV55/oYIB
r7tN9fW67Z47c2pnu8GDE54P6t+/1THbDx2W8Hz4kCEaPmRIVv0M7j8g6euPvvC8vlv5E/39xt9E
k1FO3neSJu87qdWxDVu26IKfXq1XZ72TVd8dwVqr2rq6pP9RCofDWl9bq9Xr1qmpuTllYtGm5mat
XrdO62trE14PhUNaX1vb6vWO9Kvbb9MRBx6sA/baO+NzjDF67h93q/eE3TVk/3301Vuzs042Onvu
HP38lt9lO9x2a2puVn1D4QNJ9Q0NHZK7BQAAAF3DnAXzddkN1+vO39wUfe2yG64vWMUUghtojw7J
wbHDsO00beoR0eePvvCcVq5enVNbDz//bHSrSVNzs+59/NG8jDEb9z3xmI6YfpZee3dW0q0XW7Zu
1bOvvaoDTzupS21Nydaa9eu0Zv26nN/vTNZaHXT6yZr32adZnRcIBFT74X/UsGWLAjvvoAeefEKu
62Z07sJFizTp5GmdsjWltq5OX674quD9fLniq4LWNgcAAEDXc9cjD+nWu+6QJN161x2665GHCtIP
wQ20V4es4Phi+TJV7z46L20tWb5c4447ShP3HK/Fy5YmLT26y9RD8tJXOm++N1uHnHmahg8Zosn7
TtLAfv3U2NSklatX6+V33tKGjRsLPoZC21C3UetrazV04KCk76+vrdWGuq57ndZa7X70EXrqb3fo
6CmHZLzlxHEcrZ79ofY89kid+aNL9b3rfqq//fp/dPJRR8sY06oda62ef+N1HXvBuRq53XDV1tVp
U/3mDl3p8NmSL/TkSzN0zJRD1a2qqiB9NGzZoidfmqHPlnxRkPYBAADQdfmrNgoV3DjyoMmaPHGS
Xnt3VkHab8ucPBcIeH32rKSr/HNtC5kxGjWcTIhIavSoUfruaWfooH32Tfr+S2/N1N//9X9avGxp
B48se989/Qz95Vc3ZpVXw1qrH/7qF7r93rtlrZXjODpk0n76r4su0T577Knu3bzywz+68VfRiPY/
b71dtXV16t+nr0665MKCXEsqvWpqdNj+B+isE07UgL798tr26nVrdd8Tj+nlt99iBQcAAADQhl41
Nbrl2uu0/bBhbR+cxpLly3XZDdfz/8EzRIADKZUFg+rds6eqq7olfX9zQ4M2bNwYTU7a1fWortYH
TzyjkdsNVyAQyOgca61WrF6lEQfvL9d1E7afVJSXyxijrY2NCX1IUv2WLRlvbckXY4zKy8rUrapK
jsnv7jPXumrYskVNzc1UhwEAAADQJRHgwDbFGKNgIKCPn52hHUeMkOM4Ga3qcF1Xn3+5RIefc6aW
rWxfuWEAAAAAQP51SJJRoKuw1qo5FNLoIw5R1a4764QLz9dr785SbV2drLXRVRr+Y9d1tXHTJs18
/z39+H9u1MrVqzr7EgAAAAAASbCCAwAAAAAAFD1WcAAAAAAAgKJHgAMAAAAAABQ9AhwAAAAAAKDo
EeAAAAAAAABFjwAHAAAAAAAoegQ4AAAAAABA0SPAAQAAAAAAih4BDgAAAAAAUPQIcAAAAAAAQAbd
sgAAIABJREFUgKJHgAMAAAAAABQ9AhwAAAAAAKDoGUm2swcBAAAAAADQHqzgAAAAAAAARY8ABwAA
AAAAKHoEOAAAAAAAQNEjwAEAAAAAAIoeAQ4AAAAAAFD0CHAAAAAAAICiR4ADAAAAAAAUPQIcAAAA
AACg6BHgAAAAAAAARY8ABwAAAAAAKHoEOAAAAAAAQNEjwAEAAAAAAIoeAQ4AAAAAAFD0CHAAAAAA
AICiR4ADAAAAAAAUPQIcAAAAAACg6BHgAAAAAAAARY8ABwAAAAAAKHoEOAAAAAAAQNEjwAEAAAAA
AIoeAQ4AAAAAAFD0CHAAAAAAAICiR4ADAAAAAAAUPQIcAAAAAACg6BHgAAAAAAAARY8ABwAAAAAA
KHoEOAAAAAAAQNEjwAEAAAAAAIoeAQ4AAAAAAFD0CHAAAAAAAICiR4ADAAAAAAAUPQIcAAAAAACg
6BHgAAAAAAAARY8ABwAAAAAAKHoEOAAAAAAAQNEjwAEAAAAAAIoeAY5OZSK/072e7P3Wx5o2j9vW
tHX/TIrH6V4DAAAAAHRVBDg6lY387U2mHfkfiI17z8ZNtRMn3bFnVjZ6PGTiA0Qt70vL152EY+Lv
KQAAAACgeBgxk+tkjsrkqjoo9a2p1sDqMvWprlL3yqAcWVmZSPDC0ZbGkDY1NOjrzc1a37BVtVvC
apIfDtk2P0pHkisjGStZ7wtdLql3dVC9e1RpYM8y9ayuUHVlufz7Y2VkjaPG5rA21tWrtr5RazeF
tW7TFm0NS2FjJGujrQMAAAAAur6SmhWbaDDA/wl+LpeW/pzMW40/0n/syMhVuZH2GthdOw7orqAN
ybFu3DEmdkrKpmOrEMLGkWuMmp1KvT5/pVZubZZk5Pp9R5t1JOtmeQ1dhf/JRkZuJFl/1YvVdt3K
dNCeQxRwG+UoHAkMOTItr9K0XqkRDY7EvR42QblytK4+pJkL1qmuyfW+V8ZE4iix4Ic3otSBEEeS
Gxlv7BqyFfe9SFht4sgSgAEAAAAAScU4103Dn2w6WU764qePmRwb/3dy/oQ3NgkPSjpyt2EaYLdI
xsqEJQVanmeSPkzKxIdPIldgrawxcp2AFm2WZn2+WiHFT739wE+xTYoTAwhlkg7bc7gGVzTJcUIy
VnJtZKtJylvo3S1j/DCDiW0EMsk/TWOMbKTJkCnTzIVrtXh9U6S1SMDCSI5Nf0eNWm6EaR//H61b
Uv96AQAAAKB9SnaKdM6YgaoIN3o/MTf+T9w9Rkoa1fAWBbR4MXqwlay3KmCTU65/zv86Zd8mclut
cTS0XDp05wGqDDfLGm9CbGykc5Pm9ps0EY74SXwkqCFFVhcYSSYsVwEZIzWpQs/PW6G1IRuZrPur
XIqJN+qRfSq13469VGHDkUUcXpjBjayu8P/ypA5a+O/6G1ZSBZMSPx0ja7xxbAyV6en3VqgxEmVK
f0eNzj1wgIzCcdfifU4tz7GR8cVfgjWR64w89j/vOV/Wa86ShpS9AgAAAMC2JtjZA8i/SHAhWl1E
0cfJWHk/gY8FN9zEI6PLJGy0PdPGCghjpO17VOmg7apVprBMuEn+z/C9iaqJWzQQv6Iiu+0LNhqk
cb0QQCTQ4U/7jTUqt1t03K69FFZAryzapGWbGrPqo7M5kvberlq7Da6QrJUrV8b4oQn/M7GRbSJ+
FKCNFSrR+5Y6uBHTcmuIVa9go87cr6+aTYVe+XidVtSlvqexbTKx72NCc/67/s4km9ifjXvN2x5j
ZKyVcckPDAAAAADxSjDAEZk52rjKIlbRSXFUXKoL6/gTSLf1T9ajM1JHMl5mCzey6cDf5GDlyBhX
slJN0NGJu/RTudss1/qBBylho0irH/dnHtiIj7fEV1excRNxf0JsjZUx3gTZkXTEyB4Kq0aPzVun
jaHYFpqus4gnMRy1c78q7T+qh4zr+ntJFLBhP/1GJKOJvz3Hu79WNno5JmEVTOwarYlL45Fmf5KN
+9PrPZakVJLKbEhH7dpDIaeXnpuzTqvrQ9FtLX4LXoDC+yO+m5SLhVq84IesYi/5F99VPjMAAAAA
6BpKMMARYeJ/cp6aN/eMS8ip5JPi2AGRoIHcuKCCK2OlU3cboh7uVhk3LNdENk+YTH/SHj/TziLg
EZ3Mpzoi1mbAhiXj6KTdemurU6F//ntFi/wcnTxpjuSzqJJ00sTBCrrNLZJbRPJotHV/0m3vSSbj
JCyxe+QaybGurDEK2JCOHddbVkHd/9ZKNRnjBbZsFilFW3xdrYkLYuWSlxQAAAAAtjGlG+DIMWCQ
XmT7i4376b6Rdu7VTQcM7q6AG5IkhaM/rfdTSxZuhprZBNjbBhNyHDmRiEil26TzxvXTi5/WanlD
KFZ1pRM51urYPYZoQGWjXNsceTWztK4dLeD625qspIBkrRw16+z9B6jW7aZHZy2RFEvr2naoI/H6
YltVAAAAAACZ2AY28qefKHoBAj/hZ5q9ClYyNiw/54Pk3bxTxgzU5MEVCigsKZSkoGe6/tuxRcTE
fmd6thNJ2uFvWbGyOmLnGh2362Dvi9DqHhR+ku1EuulupOl791f/8pCsG1u90DKHhSLjTp/WM1ux
xKOZsgmrRPztMV42kF6Bep17wEANqSmXG/fdStt+wneQ4AYAAAAAZKuEV3Dkf5LoGi/Bo+sEVCnp
9LH9FbSNCjlBBWwuKwxitTxiCj25bb11p3+wSWdNGKgHPlwlVx1ZRNaRlaud+1TqgJHdJWtlFJZr
nDR3wSS7hATWJpRTyVjbZ9gUj1u0Yx2FA2F9Y/de2tAclFFYsv52pa61EgUAAAAASkXpruCILvF3
lfGk0voBh9aBByMpYK1cx1F326xzxvRRubWyJqiADeU6yBzPy0Wa6buRgjaks8YPUJkk72vRETk5
XB0zfrgOHlkjY71wh5WRE0kYGpcvNHG4po34RQ7BjbxdqpFcJ6Sg68gaqXeZK+/b4ShWKjbzttip
AgAAAACZKd0Ah6R85m+wRnKNI8e6XnLJyOoDY62sApGjcp2Ntm9rQjZn2eikOX4ZhFd5JeiGdcaE
fuomN7KhIj6dZz5n2t4WmZMmDNLgYL2s9Yq8unIio3HSdGmTrntJPKQTV0lYSQrINX7yWlcB60Yq
8OTxnxsLQQAAAAAgQYkHONoj2ezaxv0VybZh4o/MdtYZC2y0WRmkXeLKjNrEV7xggRN9FHCtvjWu
nyoi47ORYESS2rY58nKYnLzXEPV0mhR2/VK7imSwyOQ+tBniKEiQI9MwlLH+7YqVQsminkqWIwIA
AAAASKUc4EgoE1uYiWDi9oH2TKjTJ83Mj7ggR6t7EnevrLf64Iw9+ygY2d7jJp7ebieOG6wa0yRH
jowxssZNef05fXJt7mHJXQahlRbHt5FcNEXDNrJDKG9xJQAAAAAocaUb4ChImdhC6OgZrPGr28ZV
KfGL3hrJRCrFGOnscYMUyPM9nDZhqHoFmyP5NZzoygaTdeigi2p5m6yRbCb/zBLzvxDYAAAAAIDs
lHCAw1e44IZJmJO3J/+GL7+TfJM0Q2W6yi3e6wHrysjIUbPOmDAwhyKqrVs2Mhrdr1J9nCYFrFdm
1SjshTiso1hi00zbTVtnJfeBptHmHUjShvHXcFibfttMxmVi/TaoyAIAAAAA8Uo4wBE/aS/MRNBP
sxD3LJ8tdxKT8LDcNuqwnfrlnCPEv5IeQWnS9tVyrCvXFLZCi806/0aexpI2ftGVVxEBAAAAQPEr
3QCHLXyAI/+LQ/LXYLryomnfi/vbWK+6ynY9pN5luY8tKOmkcf0VsCayJaXAAZwClYltz6eTfdBF
lIkFAAAAgCyUboBDUnYT6VbJE9o+o9UWlfbORvO5PSV10+nyO/gpMY28bSQyRo6Vpu3eL+uSsY68
lQsnTxgso3B05YZ/p2z0WQoJ48xm+0rb78cXwsn0o8s4WWjKXolWAAAAAEChlHiAQ8p8YpljcCFv
lVQKzCQ+jktnmfQQn/++I6uTxm0nJ4MVGH7aUFfS4DKrHqZRxjoKtFjFkN2UP/N7a9vKd9EJCU1N
LqWAqaICAAAAABkr3QCHyayKiveT/MiE2PjHZjb1zl+Z2PxLu7UhunwhJlXYwm/HWle9TL0qM/jG
WDkysnIkHbnHAFkZGdl2bLeIrzCSgZRlYjtie0yO55VIERkAAAAA6CylG+CIzha71raA2AaQZO+0
fN0kvJu+dkh2YmGc1Cs4TMIKAiPXGH1zwkC19bUxcmUlHb37UAVd168jIuOmvr5sR514vmnxfuRe
GiNr/MCKVdgE1Oh0U51bqbVNQX3dYLSqwdGG5jI1mSqFTZl3zVLO22NyZ5V1IAcAAAAAEBXs7AEU
TmaTUm/RRm4TWGPjV0pktjrAy23hlUZ1I6scYiU/Y+d7x7iR1Q/eiggrVzJONE9Guv7a3tqQeM3J
wivxR/nvV4abNbTa0Vf1rmIZNRLHYuV9sQZVNMcWxkSuqXXrNnJtSWusJh1rsmex+yrJOjImJKug
1rvd9dzsJWpW4t3yHseVWjVGsq4CkbZGD+mmPbbvpQq3UcYYGWvkGkXGWoj8sm2vNgIAAAAApFa6
AQ7bcuKdSRZJm9X8MtctKsZ6k2kn0pk13jQ/7AT8I+TYgGSaIpVMXIWcgIJy5cqVv+7CJjzKbtym
xZjj1j0kH7MkVwEZ42rq6L66+4NVka0obtLeT50wWNY2y7Et71PCSLIad+yslutZvFcc6yrklGmL
W6an3lujBjd2RV4oI/5exdKcek14f4cj7/5nxRbNW9EgOY72GBTU+B36yLGuZKysdSIZRlJcUh5j
FLHPCgAAAACQTukGOCQlTqC7zjQxbIyWbTWat2KD1m0JqylJjMJf2xCUVbUj7TqkRiP7VqnCNnsH
5DiRjgUbEgrCRvtMfaLkGFeyRkGF1b9bmVY3hOJrrkQPrZRUZZrlWOtVYkm4pmTaCq/EH+PGHWdj
b8nRqqYyPTdnpUIt6rQoclayNRxpL1iSda3mrmjS3JVfa+e+Vdp/5xo50TBIgXWdrywAAAAAdHkd
kHWxc5w9eqAq3Mboc2PS5I3wJ+HWtt5ykmzubb3yp5GHce/FZ9jwTrTGa9+Vq7XNZXrxk9XamsP1
OJJcI5Vbaf8dB2hkddibxrteOVdvw0u6bR6RERr/5VgAwKYLcCS9TqnRKdd9769oPUZJJ40bot5O
s7dlpEVzNtak/HUhsTHEHd1yb0zcU0cmeh1hhWWdMv1r1qqc7mtWjJFjrY6ZMEz9KxtkbEDWuN4q
C+vEHZYmMhG3TSf5ypbEe+BdfstAndWHSxv04ZL6HC8EAAAAAEpP6a7giE4kC/xj8CTNWxnJWDmu
IyujtVZ6Yv66yHaDXGJKkXwd1qhZrl5ftFqvW+mA4X20Uy+jMhtW2AnI2PjVDSmGa/0tMa0voK0t
KvGjrgw3q0JSY1wEyJVVQFIfp1GuTKuTWl91/GeUomeT7GlYXl0WoxUNFXpx3qpIDo1Cx+qsXElP
/fsr1cjqm/sPlCNXxg16kaZ0Z0YDS1l1F8kRk9toAQAAAGBbUuJVVAqbuDFVDg4rI1lH4YDRfQvW
6Mn5a73R2Fj+iKwYb5WD66cljXT81rINuvejddocqIjk88jmOrMfR3zrrrE6YfxgtQyLTNl1qMKm
dbUXq2QrFtoOQrUOxNjIRhWjR+ds0Iz/rIy83AELkWxs60udpHvfXiXXKZNMHras+KWKqaICAAAA
ADkp4QCHr3A//jYJqxOcSF+OHNdqpS3THfPWaquNpeHMedqacKIrG5nkW2sVkvTAnFWau6bR699E
VlOY1Mk9vVKosV+5MHLU3TQrEB2glTHS8KpQJJCTeH9Mi+dxr7bRj6TIHfS3sbgmqPtnr9WGprB3
a2z61RP5kxh8CEu6e+YqNToVclJVgolos6qNMZG9O9kGqgAAAAAAUkkHODp2kmgiuSRkpVnrmvTs
gpW5rdbIul/vz/dX1OmZz9Z76wuMt50lM5mNseW6AmO9MrG9K/1dTkZVAUdOmuIiubIKyLFeOVnX
SPfNXq1IOKfTGRk98NZXCqlcjmzKSEbGHwcAAAAAICelG+CIzigjgYdCdhHhWFcvrazXx2s2RVYW
OC0SRBZgDJJkvNwQK7e4emDueq+cqeu2vWqgHdsh/Gs/Yo+hkozkWH1z/FDJhJK3mXZhQuoxeOtR
wl4yT+vogdlrFYq+15lRAxNJkerKWunut1coLCObKpIR3YICAAAAACiE0g1wSEoshZr/tuMDCK4J
6Y2VTVpSuyXyijf97ZA1HP7E2Uj1cvTQvI2S01b+kdxHFt9yZaje25zjSkHblLSCiBfsSddfW4EW
R1aOXl9cp8a41zo3V0XilhQrowfeWS2TpEqKX0knz90DAAAAAOKUeICjPdLPII115Bor43pJJ1eF
K7WwtqFFTZKOkFimxMiqNuzqxUUb5e0WSbKCJS+lObxNOTJSt6DUzZEcG5JrA63ajhahTZqDw09S
mno8rpVqwxX6Yr1XCNZrpqPybqSTmGQkZKVZXzR5tVaM5I/R2Fjek/xi3wsAAAAA+Eo3wJFQJraN
Kh3+9gETf3z6yWPYiRzhhNVkgnpm4Wqp4BtS0osPFyytD+vrUHnKY6OJSmPhh6ymy16RVkfGWu0z
vEbjh/eS5Eg2VUURv8fE19ruR7JOQI9/+JXaLoLbiayVK6MFK+rUFOgWWbHS/tGSuwMAAAAAMlO6
AY4Cl4l1rJfI0xqjf81bnaTPjufXarGRUMdz81eqySmXrJPswIjcx2usV651eO8qjepXLmPdlCVT
bbQr2/LVtGOwVnpx3kbZSIWRrrszw7vnVtK/3lgqxzoy1iiDRCgRtsVvdeFoDgAAAAB0PSUc4PBl
UIY0oURnZqyxcuVq8SapKfGd7IeYd36ow9Gjc76WafUxx5eHza2ErZVkjStHUtCGFLRupEptIOnx
JsmjdOtG/OCJa6QV9Vtl3dwTonaM2Nia5WhduMxbfZHxEgzT4neqq/Vf7ewcJAAAAADQtZRwgKOw
P/42VgqbgN5Yur4LTzNdbZbRVifY4vUCjNhab8VCWtkEkLz1Go99uLZ94+oERq6efHd52mO67ncG
AAAAAIpT6QY4EsrEZpiQ0ibZJpCm+WUNYYXUxXcSWKtHPloRe2riFxV42ypM5Hpb58hIaKiNUqdt
bR9Jd5dan2mslWsCqgt36bublJUUkrRJVYmvt1y8AgAAAADIm9INcEhq38/Jk5U7jb3mWKPXlmxo
dy8docGVwiYo6/hBDD+xqI2GOBK3rSRj4rbypJJZcCijc4yjLzda2bTlZbsyo+ff/TLy2JU1Rsb6
W3uUhy9NV6giAwAAAABdR4kHOPLLiZtsN5lAZIpZHLfw3ys2RXJxxPI7xFdR8V/rHK1zcYRlNPOT
1ckP7/K8a6lvlqwxssarNmNl8rBywyT8BQAAAADwFMfsPBcZlonNhre9w1vn8Gl9KBLgKI6fpC9Y
3SDH9caaKq2ov7Ag+jvr25auak268EmS4x1HzWlXi3R1Vq6RmlUlWVfWhOSacPTmtrqyrp5DFQAA
AAC6uNINcBSgTKyxRsa6cmX08dL1fgmWvLVfSM2SXBOMjDY+KJPvsWeyhSW+gkvy4+vDAS/fR1EG
OSJjto4++HSNHONVtHGiW4OSyTz/CwAAAACgtRIOcPjyN0G2xpuQG2O1JToPLY4JqZW01QlGRmri
fiUek1CsNIfLavtuxyegSH30whX1kpw0SU27Mjf69+er6+UqGC3Vm/KKE0oVF2NQBwAAAAA6VwkH
OOJXCeRpkmwdeVsPjEL5abHjGCmkMnnBDf9+ZHNvbAaHp2s3u4n7F2tq5cjN6pyuKGQk17qRYFEJ
/3MDAAAAgE5WujMuW4AAh7GSHIWcQH7a60jWaMnqOkluNFATeSPzNoyN3IPU59ikCSbaHFyrNrc0
++sginEFR4y3y8ZGvo7FfS0AAAAA0JWVboBDUvsmlMnO9cqsukV526xWra+VY41cYxOqp2TGtPid
2HbC/bKZrtaIT2vausXYMcXLyPtHFo0NZXluSrbNIwAAAABgmxLs7AEUXp4ngdHEosXHRjNwxGfC
6MxrSV3pxiZ5VJy8lK5Oi+hGRleVOgcrAAAAAKCFYlyKkBmTWRUVL0+ojewl8I9NtQLBey3sFkdp
2JasX6I0OrtOvMb2loltnbY0ofe0Z2b2WvGxsslvZIaXl0uiVwAAAADYFpVugCODSh3Rd40yXJlh
E1ouXvH5SWJapQXN8kJtm/lOkr2X+p6nK6paLLyvVSTIER/oaPPepioZ6z8v4X+6AAAAAJCDEp4l
ZTMxzrY0ZxFOuhOGnHp2nVuh0tjR6eftmbca20JT/OGkZDIrp9vWJ1Ga9wYAAAAAclG6AY5cqqjY
hA0aBRlWp4lb0JLbjolMysSmm5BnFzIJkIACAAAAAJCF0g1wSCrZYEU7xAc3WoYP2gwnZFAmNreY
hNuqzUG9q9P3AwAAAABAnBIPcLRHia0eiFxOfF6N+PBB26GEdGVi2zOo5LlSdhxYkcd+ugarEl4h
BAAAAACdrHTLxJrkE2ek1irJaC63Lqt5e+rPaGhNRbaNFQnvWkvxygAAAACgM5XwCo7MysRuc6xS
VkdpeZeyn4SnW5mQbOVC6gBHmQ3LSfpOETNp9ge1wkoPAAAAAMhGCQc4fCU1RW63dHk3/JBQ9HcO
c+vMqoPEP051hqvB3STrlM5XNP5+tn1vU20HiqwAMW7+BgYAAAAAJaB0Zo+tENhIYOP+Mq1ezmM3
6e57dqV4J+82RHKZyAMAAAAA2la6AY5ouZDWFTq2aSbdxpB0MisTa1NurUjXW+tGHWtVaZtVntUY
AQAAAADbqtINcEiKTZxzCXCUZlDEmnZcWSZlYnOSpD1jZayrY/Ye0fKNPPddnHLZPgQAAAAApazE
AxxIxg8RZDdHzqxMrDH5KSXrysgaR31Ng8qi/UulGnjKDcEeAAAAAPCVboAjoUxs6omglSRrvd8m
/vhtb/JolFi7w2Z6C6xk/PuVMv6QSzjFKmykUyYNjftsSgNhGgAAAADIr9INcGRbJpY1/7nzt61E
t7Ckkvk9tpJcOV4uDrdR29eUZ3V+V5QQMKJMLAAAAADkVQkHOHzpZ5LewgAj71aUzgqBViKXli7+
kHuZWCMrKWzKZfP0lfI+Ea+CiuNKh+7UU8G49+LWjBSN/JSJtZE/HRH8AAAAAICYEg5wFNv0t7gZ
SU/NWSXZcBtHZc+VK0euztx3kCSvFK1Xr6WEv74AAAAAgKyU7gwxoUysm+E5CRkoCjKsTtfWLpJ0
J7Zxb+pCrlwTSHF+bsENK0kmINcYBd2Qzpw4JFqM1sn0cwUAAAAAlLzSDXBIal+QojRXgLS8qsyv
MnUVFSPJNd7f89eFI7GltlZYxAdKUh/nJxs18mJWFW6jzpw0RI78sJU/lq7/VbYZBIkyVZrfTgAA
AADIXdefFSI/bMJfLV9ud9P+qor3l6yXn5PDmnQrLPxASaaTfRs9oyK8VWdMHBLJyeH1bopmNce2
W6UHAAAAAAqpdAMcJj5lZuleZtZMbPdOstUcOZWJlWSs463kkKMVm7077mTUQPogR+uAjJExUqXb
qLP2HaBujokGV7q64kuLCgAAAADFo4Rn/v6Ul0llPGsKl13EX0Px4idrFHZcWZMu8JDb5+JvWXGN
o6Bcnb5PX03dbUiS5vL1uWdRajiv2trKUgwhHQAAAADoOCUc4EAq/lQ92XaVXMrEJh7myspowRor
69qEVQuJ7bVsPHkAwbR65NVU8bekBKzRsOqQpk8cqAHdy1K0n/3XPNavjQZVOlaqrSzec5tbplgA
AAAAKFklHOCIn8YzGWw/m/JWtg5NWL375UYZJxA9wfhttKd/SZIjE/nlyiocGVfAdXXs2J46d9JA
DeleEffF9jbOZCcunGEcWdPx4Q1fNtuEAAAAAGBbVroBDkuAI++MX2M2/f30jrB65j/rE0/PYZtH
W5+ciSw18SqtOAq4YR29a2+dPam/Ttx3uKoDuXzJrcoljR1SrXMm9dPIGtM5/1AIbgAAAABAxoKd
PYDCyseKgRLhJxa1ua4KSH9S/N3y04Z+3ehqqylXlZq8jSvWfye74rSJrdqEtRyu9Xr31mi43ns2
pICM+pgt+tY+/RW2VqFApbY0hbV8fYOWfV2r2obYmKvLpIH9umnk4L6qqbQqU7OMwl7IxLo6YOxg
ffHOVxmPuSN4O1T8ewIAAAAAKN0ARzRHAT8G72hWjiRXsq7++f4KfXuv/l7JWGva8XHEfZ4Zf7RG
1loZI5WHGxQMBrTbgKB2H9BPbqRFYyRrXVkTkNEWrycrWWOiX6EyNarKkRo6uhJtdrEgAAAAANim
le4WlYTZYepZovcTf+v9Nv6xyZI7lgirlMlD21UmNuGZG/liOXIlzfhsoyRH1rGRPSVZDTduRJG+
TBvNRN/0839YWSM5CsuVUVhOJAjjfewywcR7YoyMtZHys45kjI7ad3jSKy0c75qNZYUGAAAAAGSi
hAMcvvQTUi+m4c+YSzSoESd5TQ5PrlVUku2S8LeMuDJaVtek9c3lcmUiv5Vx9MRE/4wFLfxfqcfT
4j1rIttjvFwajrzghRN57gW3Ii1aRYMK1r8Sa9XLNETOVQd9TVIF2mIbdNieAgAAAAAxJRzgKP1g
RVZswl8tX25f023camuMHp+7Qq4cBayVY00OZU7z8HnGdRkLl7QuRJvK6EG94nKJAAAAAAC6ktIN
cEQnoX62hUzOSdigUZBhdToTuzVZbxbJuExs4nl+Qsz7P1itkPGCGzbD3m2rRyb6y1oTXX3T9mak
1u0mXI41bUZq9h5ZLX/9R0chlgIAAAAAmSndAIek2PS1RIMVObCmHXcjwzKxLU7yjjdS2Bo98P4a
WUlOAT6SxFhA2x1kO4Ry26DKbAJm7UVwAwAAAAAyVuIBjvYo3dllYgrObM5KnYA1dVtCN8L8AAAg
AElEQVR+bgsvMNIso4c+WCvXGNlIPg7rrcdIO9bE9rxfxiiaILb1uhuTdlytriIavEnNNWU6et9h
WSQnaT3ykl8hBAAAAACdpHQDHAllYks3WJFP+auikpqV1Sbr6KF/r5FcV0Gb+zYMa20GJVVac6NJ
SrMN8bjqFdyiQFZnxZ+fPkjUStsxFwAAAABAROkGODIsE4uO5VUhcbXZtXpw7gaF2pjs53N+byKF
X708JNm37Bed3WVgtzyOKl1vrPQAAAAAgEyVcIDDR3BDUvQ2pJvX51omNpspuBs5wUraFHb1wAdr
Ikk7W6cTlVJ/ekZGxpjoFpVMR2rklYx1rBNJVaqslkkY62riqJoMRuhx/eaNzXKlSqqVHt69col7
AAAAAECCEg5wENjo+hxtNdI9761Rk8oLu1bBxBKsxucgyS5dqpE1jgI2pConvpU268hE9uHk7wqb
Q815awsAAAAASkHpBjhyKRO7Lcg5r0OuZWLTcSXryEq65/1VWttYKVdhOSZW6iXdULPJwdFy6Lls
/vCL24YlHT9puNd1G+f4qU5zyjOSonKtlVRXtzWHBgEAAACgdJVugENS+8rElmZQJNmGh4zPzHO+
Vq8p19u2IqMnP16uZ+dtUshIkm2188TG/SkpoYpK+j7SZGPJKtrj1XpxZNXNbpFjJStH6b4rRvIC
Nsl7z4mRo7rN+WsPAAAAAEpBiQc4EJViRUS+wjjtDyG5MpJWbXV17+w12mir5C3kcCLHeilCE6f0
WUzw061cyXh5hR9iMXLkauzQHpFCt+mYaN+pSuHmIhw3HgAAAABAKQc4MiwTa6XYKgATf3yJ/nQ8
xbaHyFsFLxObjpWRsa7Ckh75YLke+fdaucaJfBxGxlq5cV9Zb4dKJNlo0vZSbfFIUqEky1iBNUbj
t6/2y8KkPC5oYpEV2+J3250kC8p4LzRmN1wAAAAAKHmlG+DItkxsbokpio6faFPqeiEcE81y4Y2t
NizdO/trzVzcIOO6ck0wsmIiNnJrrZeLI41YkCOW6NO2ejNN5Cd5qwrYkCpcyTip+x/Rv0auAnH3
PdMQR/LjbOR5SJnlHgEAAACAbUUJBzh86SeB3qINI+9WbBsTxvj6H/E6okxs2+14f/obP1xJn6zb
qjveX6t3l2xW2JRFcm5YGRO/ZaXFZ2dt9Bpi1+FdoZFRXJHY2EFtXLCNvO8nDjVydPQ+w2TdQIsj
I98nI03cpbcc68rKjWyxif1KL/lKIuNvijHZlMcFAAAAgNIX7OwBFE7Lafy2EbzoDAW/s9ZbtzBv
TYMWrGnQoO5BHbrbEAXdrQoYb0WHsf7qj8jnbVoGBtofiHFcxwtyWCPHOLIKqUeZX1clYcBevg0r
ldmtsdwhbVeUzZBL+g0AAAAAaKF0Axw2hwBHNA8HWms5o+64G+VtXfGTjbpasTmk+95dqjIrTdxl
oHbsbRSQK9nIuo8kWzfcFiVdcykT67fhGqtmx9Hsz5u0+Ov1cqSEVKP+815BI2PD3nu5BCRM8phI
fbgqh8YAAAAAoLSVboBDUvt+zJ2Pn/l3IXG7MbJKNdGygRQKeafiN63E7zZpljTzk1WaKaOArEbU
BDRp7BCVuc0K2rAcx5GVl7Q0etEmuskjwvEzzcoab+uKta53nDGy1shVSG6gUiGV6em3l6jeSuE0
F+y3/o2Jw2VsfTRQkXXOjBQrPr5YtTW7dgAAAABgG1DiAQ6JJRnbAquwjBbXWS2etUySUVBW3csD
GtynXGNGDFRVIKSAG1JQrrcaxLixwIafFcNKjU6ZQqZMtQ0hffLlWq2p26oGV3Ktvy7Dz4uRujys
n9GlymxVNM1NnpLYWrn6+PN1KrkAHAAAAAC0U+kGOEyWVVS2FfHVcFtoNWU2md+5zrvD3qi9bSz+
6K1CMqptclX79RYt+HqJt3rC2oTknibuapNvWYlP8ummPbLleSdMHC7ZLd4Z0S7bn4TDmoCao20B
AAAAAHylG+AguWhSpfdz/1jtlcRra3GV1j+u9RGx81rmbcnuTplImKXSWPUKNktyZY1fqCjbu57s
eKuQquPeKb1PEwAAAAByVcJlYglsJJNuOtzZZWLbK9dxtLWOIxNGRtZ4K0ROOXCEZJskBWL3MOtm
TSRnh//bSsZo7qL17QiaAAAAAEDpKt0AR0IVFSaC8csVcksyalPeSkJJkr/55YBd+qo8XC85TkJi
12xvkvVjGlayxpVsQLLSvOV1sWox3HkAAAAAiCrdAIek2IycAIfPmoRYR3biU1IgjleZpU9VUDv3
d2SNZCIRiviqL9l8DxNWz1hHruMqpEq5KXKIAAAAAMC2rvRycBjJWEdGgWiGAi83gkk4JnGyaeNe
j8/q0CIhp43M8KMvFtEEMzJ0q9jEO7r5IfKH945XKcREps/GWlljo/fRrzqiuHKzRpKbpyohxSLx
0zcqd6yOH99PsiF5cUObZItPbtEhf7vQax+tjSzp8F7ftu44AAAAAKRXWgGOyKzTyso1obhUkTbx
p90tZ4Ym/i0/FNJ6MurIyE2oplE8THQhi40LVESuNRKpiIU94tcemNgWCyvJOJE5dtwE3vghkW2H
jXwbrHEUtK7OnDRIsuHUMYx23xyjLzduKbavHQAAAAB0mCJbhtCWWGjCxP2kO9sWUp3mz/MdSaGc
xte54lNT5jsYYSSF/Ul/ntvuivzitEFZnbPfAMm4in7/TOzuxvKduJHzkr3XsmUpfiORNdK6UI2e
fvvzyBaVbeEOAwAAAEB2SmsFR9zmElugOaCVoms4ik38uAtzezo+uJF6ul+4QIDjOHKtq2pjdeqk
AX4m0Lz2YayRaxw5CsuV9Ozbn0c+P4IbAAAAAJBMiQU4sG2LD2oULsDhuq526VepSbvUyLFhua5J
WLWRlz4cydiQrBzVNVUoZBzJsn4DAAAAAFIhwIGiZhWQTFiOldxIalQrR4VaZ2MknXbAcP1/9u47
TLLysPP97z0VuqtzmJ6eGWaGIc4QhyEMGUljRLJAAgSSEAghAV7vXYfrx7vPXvteX+96Hz8bfO/u
Xa/XuyCJlYSCrZUwCwIhyUICESRkEAIEmDg5dk9P565w3vtHdVVXOFV1Kld1fz9S01Wn3nPOW6er
evr91Rs6NSvHusm5SEztFyMy1so1ARnX1cPP704HG4QbAAAAAOCNgANtLhlu3H7RqKyMvvX8Ac0r
NR9G7eIAI+nCk1fpzBFHsvOLg3GMZENynYScAkNUKh29YhWQI1d7p1wlkksDSXbZTZoDAAAAADVD
ewltanHxX2N0+4VrFXYXZE1yrZyYwnri5QM6PJ+aE2RpweDCL/fcyT2dxeNbfWDzKh0/aOUYZ7GH
SLH95TlcxZpyJxl1ZWX0lZ8eVoJ3KAAAAACURMCBNmTkLAYNd1y4TkEbU3Lh1mQo4BpHRkauHM26
QT395hEdnJxPDvHIesVnhhqOZFw5VuoISmet79WWdb0KuXG5RjJySyw94x1wVLqKiiOrH7w2pZ3j
C+ItCgAAAAClEXCgLTkyuv2iUXXYhFw3LusEZayVkRaXUpUkI+NYWZuQTPLFHnfCWjBhJQONxXJu
XEElFLIJSVZWrhyzuBCsa2SNlTXJHiOp4+a/bWobcMScDn31J7vLuygAAAAAsIIRcKAtLL1QHTly
dfuFaxS28YJTiS6FDNZz+9KEnTajI8fiXBcFj1nszVJlwGGNrHFlFoOXrzx1UK7ad0liAAAAAGi0
2i//ANRBsm+GkSNXd1y4RkGbkGzhuMHazN4WtapDHRkrYx0ZSd//5VHF5RBuAAAAAEAZCDjQNgKy
+sz21QopIce6yWVUPSb0XOIz3LCmZO+NenOtZB1XB2cC2jMVS875AQAAAADwjYADLcks/icVUQRk
dfv21QpaV7LJOTEc2YyeGl68e3HY9JaMfU2h1VEK1K0G3MUquMbIOEYx26FHXzwg2cya1a4HCgAA
AAAsZwQcaF3WyMpRUFrsueGmA428gCJH8Z4dqUJF79adY5MJjuNKrmv0taf3Kv85MUUOAAAAAPhB
wIGWZOVIxsoxru7YPipjrWRdJZzk3BRFO26YpfVOZKy/oSepYSoNlBwV48oa6cFnDiafM/P+AgAA
AEBFCDjQmoyroJU+e/5aBW1MRlYJE5Cj5FKuzZwvozpLIYpjrRImqAd/ekgJ60jGlUO4AQAAAAAV
CTa7AkBKZt+FgJVuv2BUjrsg13EkWTnWSnJUavRJfh+IpVk3vHfwFyqkjltOBJE6tE3fcdMrwriO
0YNPHVRCRpKbnI+jjGMDAAAAAJbQgwMtIjWsJDnnxqcvHJVRQjJO+vH0zBu2+BCVevWBqOS4WSNf
rJGRkeQooYC+9tRBJZJTpdawlgAAAACwMtGDAy0i2TsjJFe3X7Baxo3KyEkuBZvbryHd46I5K4xU
NEuGSe7lGquYgnrw6X2Lx0g9N+beAAAAAIBqEHCgZQSVmlA0Ltc4clzHY97P1CoqqR4dHqGAtZ6r
qOQfanH/pS4WdchMrIx1JCUnEx1b6NTDP9/jcRrCDQAAAACoBgEHWkbAKBlO2IQcBWWrmEjU5oYc
pkSEUKdJSx1rlDBGjmv0kzdm9M7YEfpqAAAAAEAd0NZCC3HkyNXHzt2oIWc6GQxIyu5WkexlYWSS
c3E4i495TMphjFkMLuzixJ6pnh9KTeup9ASkfgIOs/TN42zZ503fdhVVSA/+dH/GQBtHTCcKAAAA
ALVFwIGWYZQaNWLUH3J007ZhyUqOdZUMNhaDASMZa5ITeBY7nkkuvZoKMRbXYEnes5JrpLwjFBui
UjTgcNJbjSM5skooqOfentIbB2dlcwIY3ngAAAAAUFu0s9CSUv0sLjxplU4bSihgHblmKUbIn5vD
4xgmo2eGXdqWHXBk7lDirVAw4DDJIMUaySRXSjkaDenhF/YuLgHLWwwAAAAA6o3WF1pY8uUZkHTN
2aMaDVtZx81YVWVp6VjPvT0eKhhwVDlExcjIdYxmE5166LldihpncdgMby8AAAAAaAQCDrSopZVN
jHFkrauQpGvOXa+RYFTGurKm+Mt3KeBYKucZcPidYLRIwDEf6NH/fPp9RbXYi8O6i/N+8PYCAAAA
gEagBYa240g6vj+iyzcPKmjiMtYuvoiTc224xpFjXRmzOGoklWjY7AlA0/0rPAOO5FvDaPHYxsjK
kZGbfiShgP7xwKx+9u5kcj4Q3kkAAAAA0DQEHGhTyZduWNI5mwa1ZTSioOIyNpHsOWFscqUV48hk
DhXJGbfiFXAs7rlU3rqSjIyR4gpp/5TV068e0FzWbqyMAgAAAADNRMCBNmMWe1Ukv6eWezWSApIG
Oo0u3HKcBjtdBW1MAWOTPS/sYvhgTP4LPivgMHKsles4chfXXJmIBvTSu2PaM76ghDLfMLx9AAAA
AKBV0ELDMpYMQcKSBjqk9au7ddL6NQqaxGI4YuW6rhQIKW5COnBkQu/uPqSxGWlBkmucxd4bAAAA
AIBWR8CB5c8sDh9Jv9IXF6FNz5uRnMhU1s0uwjsDAAAAANoGzTisCH5f6LwhAAAAAKA90Z4DAAAA
AABtz2l2BQAAAAAAAKpFwAEAAAAAANoeAQcAAAAAAGh7BBwAAAAAAKDtEXAAAAAAAIC2R8ABAAAA
AADaHgEHAAAAAABoewQcAAAAAACg7RFwAAAAAACAtkfAAQAAAAAA2h4BBwAAAAAAaHsEHAAAAAAA
oO0RcAAAAAAAgLZHwAEAAAAAANoeAQcAAAAAAGh7BBwAAAAAAKDtrZiAwxhT9H41x2qEUues9vFy
y5Vbtp7KfW7GGF/7tMrzAwAAAACUFmzUic466yxdfPHF6fuJREJf/OIXS+53zz33pBua9913X97j
9957r+86pPY/55xztH37dllrZYzxPG6ma6+9Vhs2bJAkWWt1//33l3XeTFNTU/rGN75R1j7GGFlr
ddppp+nSSy+V4xTOpcbGxvTtb387b/vIyIg+9rGPlTyXtVZTU1P65je/mXX+e+65J6vcfffdJ2tt
0WNlXqNS1zjXbbfdpp6enqJlYrGYHnroIU1MTJQ83h133KHOzk4ZY/SrX/1Kzz//fNHyxhhdfvnl
2rx5c/r6ewUeO3fu1BNPPJG1zXEcfeADH9App5ySrucDDzwgSerq6tLtt99esr5eHnroIR0+fLjg
45nXOx6P60tf+lLR4xlj9OlPf1pdXV2SpFdffVXPPvtsRXUDAAAAgGZrWA+O3Maw4zhavXp1yf3q
8Sn6L3/5y6xjf+5znytaPhVuSNKDDz5Y8/qUMjw8rHvvvVeXX3550XAjVfZTn/pUxefyut5eQcbd
d99d8TlqJRQK6dZbb9W9996rk046SVLh10uhgMLLOeeco7vvvltbtmzJ6vXh5fjjj9eVV16Ztc11
3ZLhTzns4lex+t91111Z94PB0tllbh1rWWcAAAAAaLSmDVExxvjqUVAv999/f/p2MBhUd3e3Z7nM
T8UnJyc1NzdXwdlsxld5LrnkEt100015x5uentauXTu1a9cuTU5OZj36jW98o+7DKxzH0ejoaF3P
scSq0DVMbdmxY4duvPHGwo10I9nF/xVzyy0f1/btFyjz8llrNTExoV27dmnXrl2anZ3N2ueHP/xh
uU8oq+427175r5NQKJS3bXh4uKJ6AQAAAEA7atgQlUyZn6Z/4hOf0N/+7d/W5NPjcoZBWGv1/vvv
a9OmTXJdV7fddltW6CFJo6OjWXXNHLZR6FzVDMvI1dPTozPPPDNr29e//nVNT08X3Oeaa66RVPrT
+GrrZq3VRz/60aqP48cbb7ypp556StLScB1JCofDuvPOO5M/H2M0MjKiSy65xHOYhVn8XzHbtm3T
4OBQ1rYvfOELstYWvJ7XX399Wc9ldnbW85rdcccdikQi6TLl9BRatWpV+nX62muv6YwzzpC1Vjff
fHNDfj4AAAAA0Aoa3oPDWqvHH388fb+/v79pkzl+//vfl5TsjWCM0Yc+9KGsxz/60Y+m6/b1r3+9
4fXLHWpy3333FQ03JOl73/te3eqT2cT3O7yndmdc3JIRNESj0XQAkSp/xhmnFxxmUyyoMMbovPPO
y3r8vvvuKznc5JFHHvH5XOrnpptuSj/nZ555Jh12WOsyUSoAAACAFaPhAYcxRkeOHMna1sz5HL7y
la+kb6cmhZSkW265Jd2wjcVimpmZaWi9RkZGshqnpSaMbBSr7EZ9MBhUOByu/XlKBBKZ5e6///6s
IOKGG24o+3xXXXVV+npba/WFL3yh/Ep71M3Pc8gtW25vptz9XnzxxfTtCy64oGjIUek5AQAAAKDV
NGUOjmAwmNd1fsuWLc2oiubn5zU7O5tu4H3+859XIBDQ4OBgejjEAw880PAG4I033ph1P5FINPT8
Xszi1/79+7O2f/azn63jGf1JzkOSrKGfyWtzbdy4Meu+67plH6MZzj///PTtVHD44osvLm4x2rp1
K+EFAAAAgBWhaQGHMUZ79uxJN76uuOKKZlRFUnJllNSn3IFAQJ///OfTjz399NPNqlb62vzqV79q
uUZq7nwl27dvb1JNkp588skqj7B0fVult4wf27Ztk5R8rTz88MPp25kYpgIAAABgJWj4JKOpxpe1
Vo899pjuueee9GN33nmnvvzlL1d87MwJPnO98cYb6YkqvXz1q1/VHXfc4blfs6Qapj/72c+yJtf0
s1+pssWuVamJKVPHf/vtt3XyySdLkrZu3aqf//znWeWqCWWsTa534rdpfvjw4aLnLVaXzADAWlvz
3jKNCKeMMVm9Tp588sn0nDIf//jH9a1vfavudQAAAACAZmp4wGFMcgjBxMSEpOSSprfddpskqaOj
Q6FQSLFYrNHVylv+1VrbMp/kF2ogVxNSVCNVnx/96EfpgMMYo8/edZe+/D/+R00a9MaUWvOk+L5+
tqUk62tKlssM43Ll9mjxe+5q3Hzzzenbu3btynrs7bffTgccAwMDdTk/AAAAALSSpgxRyWwAz8zM
KB6Pp+/Xbz6H4k4//fSsehljsoaqwNsXv/jF9CSVoWAwvdRpK2u14T6VMMZoaGhpSdsnnngir0zm
8+zu7m5IvQAAAACgWRregyNXqqfEPffck/zU3hjt2LFDP/rRj8o+VjW9Fi677DLP7du3b88betFo
vb29mpqaqukxK7lWXkNGXNfV/Py8Ojs7JUmf/vSni/ZmqISfQCIQCFR3Di09t9whPo7j5E06mlqK
teDx6hyiOE52NunVuySzDp/85Cf1xS9+segxl0PwAwAAAGDlakoPDi+vvfZa+nZq2EOj3HPPPenG
3f79+7OWjj3nnHMaWpeUzMbmxRdf7Fnmvvvuy/pqSL1y71urr371q+nbknT11Vc3pC6ZLr/88hIl
bMaX96NS8jn09/dnPZYKN+6///70Vy2WkS2nfrk++9nPpucpKbRHbkhTOJAp79wAAAAA0IpaJuB4
9tlnsxpkqU+k6/2p8qpVq9I9RyTpkUce0fz8vKLRaLrM3XffXdc6eMnsRbBp06aGn9+TtckvD08/
/XT6GqaWXG3U5JqSdMopp5QqmfGVL/ONcPPNNzdh5ZHi9csqaUw6sCi2R2YvD2utzj777KrPDQAA
AACtqulDVDJ95Stf0Z133ikp2Yg77rjj6t7QvOmmm9K3v/Od76Rvf/nLX06HLI7jaNOmTXr//ffr
WpdMX/7yl9PXQpKGh4c1Pj7etGEEpc77xhtvZPWiuOeee3T48GGNjIzUvV4XXHBB1rbMHjh+vfLK
KzrrrLPSYVcoFMoKuVrJ5s2bs+4XGxJ07rnn6rzzzpMxRtu3b9fLL79c7+oBAAAAQFO0TA8OSVpY
WND8/LykZMP1uuuuq+v5brnllvRt13V15MiR9H1rrV566aV0w/6qq65q6Kf6CwsLWfdvvvlmBQKB
JvQs8O9LX/pSVhDS19dX93Nu3bpVW7duTU90mkgk8q6dJFlZuTb55eX5559PH8Naq8985jMlr3Wz
BnVkBknPPPNM0bIvvvhi3lCVXOnn0bovLQAAAAAoqaUCDmnp0/fMYSN+FSvv9djg4GD6ttecCi+8
8ELWfsWWCa2HL3zhC1mN07vuuku333572cug5qpXL5BEIpEVUHV0dFR1vFTY4PXcrr32Wt199915
vTceeOABz2MZFR/OIUk/+MEP0ueVpM9//vP66Ec/WngC08UhO4WuZ2Zg4oefsqmhS6mvX//612Ud
+8Ybb/R6ULJWlS/MCwAAAADN11JDVFIee+yxinpv3H333UUb+pkTcd57773p26+++mrBfR544AHd
ddddkpKNxA0bNmj37t1l160SruvqySef1I4dOyQlG7eRSCT9PEut5FGIMSbr+eeec2pqSn/zN39T
0XEffPDBkj8H/5Jrm5x66qk69dRT8x/NeP7W2pKrhJSyc+dOvfXWW1nzeYyMjKR//q0g932Ru+KL
l8cff1zXXnutpOxQL9cZZ5yhM844o+ixaj+5KgAAAADURsv14JCkPXv2VNTLwE+j2hiTbuylPPfc
cwXLx2IxzczMFNy33t5++2098MADWdcj9TzL7bFSSqWBSeb+UnKi1kZI1fXJJ5+sOtxI+clPflJ2
uNPIeVHWrl2bvv3oo4/66vGxb9++rHJDQ0N1qx8AAAAANEvDenDMzMxo7969kqS5ubmiZY0xuv/+
+/Wbv/mbJY+bOqZf1lo5jpPe73vf+17JRuLXvva1rLp8+MMfTg9nqLY+fsRiMd1///0yxujKK6/U
mjVrFIlE0o/Pzs5qcnJSzz33nA4fPux5jGg0WrRumddgdnY27/FyntfBgwervg4HDhzIeo6ZxsbG
9Oqrr6aDJ3/H269wOCzJ6NixY0XLTk1NpXsqXHfddRoeHs4abjM1NaXp6Wn9+Mc/LliHo0ePat++
fZKSQ3dK2b9/f/ocXnOIpKSOmXxOB0oeN/Vz3bd/n4yMrKQLLrhATzzxRPoY1Q4lAgAAAIBWYNSc
eRIBAAAAAABqpiWHqAAAAAAAAJSDgAMAAAAAALQ9Ag4AAAAAAND2CDgAAAAAAEDbI+AAAAAAAABt
j4ADAAAAAAC0PQIOAAAAAADQ9gg4AAAAAABA2yPgAAAAAAAAbY+AAwAAAAAAtD0CDgAAAAAA0PYI
OAAAAAAAQNsj4AAAAAAAAG2PgAMAAAAAALQ9Ag4AAAAAAND2CDgAAAAAAEDbCza7AkCmP7/ydn3E
rlfHu0dko/FmVwcAAABADhMOauHEVXrU7NEf/fDBZlcHSDOSbLMrAUjSYzf8oU78hyPNrgYAAAAA
n949b5Wu+19/0exqAJIYooIW8edX3k64AQAAALSZE//hiP78ytubXQ1AEgEHWsRH7PpmVwEAAABA
BfhbHq2CgAMtoeNdem8AAAAA7Yi/5dEqCDjQEphQFAAAAGhP/C2PVkHAAQAAAAAA2h4BBwAAAAAA
aHsEHAAAAAAAoO0RcAAAAAAAgLZHwAEAAAAAANoeAQcAAAAAAGh7BBwAAAAAAKDtEXAAAAAAAIC2
R8ABAAAAAADaHgEHAAAAAABoewQcAAAAAACg7RFwAAAAAACAtkfAAQAAAAAA2h4BBwAAAAAAaHsE
HAAAAAAAoO0RcAAAAAAAgLZHwAEAAAAAANoeAQcAAAAAAGh7BBwAAAAAAKDtEXAAAAAAAIC2R8AB
AAAAAADaHgEHAAAAAABoewQcAAAAAACg7RFwAAAAAACAtkfAAQAAAAAA2h4BBwAAAAAAaHsEHAAA
AAAAoO0RcAAAAAAAgLZHwAEAAAAAANoeAQcAAAAAAGh7BBwAAAAAAKDtBS+56TPNrkMW0+wKtBBb
soD1vF65+3leU1v46DZ1hKwiRrkbsw9htbRbxgPWavroEY9jLm5J3d9VsDoAAAAAWtw5F39IMkst
D2OMjFKtCCNjpIGhVZIkx5il5oWxiyUkyco4qb2SX6n97WL5ZBvEJL9nNDGSX8P1JB8AACAASURB
VFbWLu6b0whK7maWbmf9d4nxaD2ZjOfl2Yoq1XAzPtp2HscsvU/ZRy1b/c9QW/TgQEUK5SO27d4C
AAAAANrVUs5hc7YWuld6O9oXAQeagF8lAAAAwHJWtGd+5oN2aVMte/M3LNSgadNSCDiQpeIeGJXs
xi8DAAAAYFnw+tPea2BHbohRm2DDu2FhCz6C5YqAAwAAAABQU7bInH8pJi/e8Bd1eAUXmdsqDzVa
ZEZIUpmKEXAAAAAAABqmaPu92INlNfxL9U33H2YUDGsIIlpOsNkVwPLH+x4AAABYObyGoeTeKRwv
ZK7eaBb/u7Qln//WRk3bJbU6WF540iK9SNoUPTgAAAAAANUrNiyl7Ha71zqvPqrg89AtMYWg5/Xi
4+Fq1L0Hx8LstJ9lgZM8CoY6OhUI0tGkVmLRBS3MzigRj8uNx2UcIyfgKBSOqCPSJRPwl3nNz0xq
YXZa4c6IIr2Dda41AAAAgBUtsytHxqayV0upRQcJMoiWVffk4PCudxWPx4qWKfYaG910iiI9fbWt
1Ao0Pz2lo4f2a2F2SlL+e9JIknHUPzSi3lWri4ZK0fk5Hdr5Tvr+6AlBdXT21L7SAAAAANqSVxuv
VLZQfChKBpt3o6SWyySKTsLqkebAF7pGLHPWWh3dv0eT44d8FHZ1bOygZiYntHr9CQpFIp7FErHs
wCoRjUqd+eVcN6HY/JxiC3OSpGC4Y3GmZAAAAADLUXl/7aca+UaZjXqj7ECi3F4aNuuWWbqfu2CL
z9TDmMa3YVoukGkTDQ04uvoG1NndW/Bx4/FTDIbCdazR8mat1fjenZo+NpbeFu7sUs/AsMKRiJxA
UJJVPBrT/OykJseOSNZVPLagg7vf0eimkxUK5ycXnd3d6uju0cLMtMJdXers6fc8fzw6r4Pvv63o
/KwkaWTjielfDrxhAQAAgBUko1NC0UlIC2zxPuDSrbKHqlSKhkxLa2jA0dndq77h1UXL8Pl+7UyN
Hc4KN/pH1qp/ZI0cx8nqEhXuiKirt089/cM6tOtdxWMLSsRjGt+7W6ObTsmbJMU4AY0ef4pcNy7H
CSg5Sw/vdAAAAAAeijbycrpSeI3OyHm47VsetJ3qhiEqy1RsYV4TB/ek7/etGtXg6Lqi+4Q7Ixpe
t0EHd74tSZqfm9bs1DF19Xn30HAcXj6NElwzqNBxw3K6OmQTrtypWUXfPyR3aq4mx3d6I8nj93dL
ktzJWUXf2S8bjdfk+PUWHB1QcHRATl+X3MlZxQ8dU/zA0WZXCwAAADVii9zL3GqlnIAkIzFZvGmL
HKMumFKjYWihLlPTR4/ILr5pQ6EODYys9bVfZ0+vunr7NTt1TJI0MzFWMOBAfYU2jqjn6m3qPGOj
nAGPSVxdV/F945p76V1NP/YPcucWyjq+CTjqufpcRS44WaENI1IwkF0gnlB05yHNPvuGZv7+5Sqe
SbbAYI+6Lj9dkXNPkqzVoX/1zYqO40Q61PuR89V5zokKrhuScsZGJg5OaO6ldzX13RdqFgQBAACg
TCUa9pW2+/10gljKFbJv+dmj4MNoaW0VcETnZzU/PS1JCgSD6h4YkpuIa+bYUc1PTykeiyoYCmtk
44me+1vX1dz0pOZnphSLLsiNx+UEggqGw+rs7lWkp3dxXorCFuZmtTCTrEOoo0OR3n5Za7UwM625
6UlFF+bkxuMKBIMKdUTU1devjq7sxmmq/OzUMcWj80os1iO55Gq/OrurW5HETSQ0ffRI+n7vqlE5
gUCRPbJ19w+lA47Z6WPJ6xQMZRw/rumJ8aXyA0NyTPL4s8eOKpGIS7KK50xGOjd1LD0HhxMIqiPS
rXh0XtGFeUkby32ay1r/p65Qz29szQ8dMjmOgutXqXf9KnVdeKomvvGU5l9619fxQ5tWa+ifXKvg
miJL/AYDCp+0VuGT1qrrki06et8Tih+cKPOZJJlQUF2XbFHk/FPUseU4KZR8n8V2H67oeJHzTlL/
pz+owFDhOX0CowPqueZcRbafomPfeEpzL7xV0bkAAABQPc/YoNBEn5k5Q97jBdaLLZmULH78a01F
qUrV2UaqjgxPqau2Cjhi8/MaP7BbkhTp6VM40qXDu99VdH7p09no3KznvnNTxzR+YI9iC/Oej0+N
H1YwFNbg6HHqHhgqUofZdB16BlYp1NGpsX27NTd9zOOgx3TsyAH1Do1ocM1xcpyAYgvzGtu3S/Mz
U/l1nE6W7+4f0vC6jTJlhBKZovOzct1E+n5XgUlACwlHurLux6IL6sgKOFwdPbA3fT/S2y9nsSE+
PTGu+cWlaHN/C0wfHUtv6+zpVUekWzKOpseP0GVrkQk4Gvq969V59gll7RdYPaDhf3qdxv7qu5r/
5XtFy4ZPWqPh37tBTl9X0XLZ+6zVqj/4mA7/h+8ocWTS936dZ21S18Wb1XHWJjm93qvylKv78jPU
f8eHZML+fn0Fhno1dO/VGjdGcz//x5rUAQAAAJUxuTcKtQMKhRY2/27WJo99/AxvKYlcoi20VcCR
KR6L6sju97LCDUl53dQlaWr8iMb27czaFgiGFAyFlYjHFI9F08c8vOc9xWNR9Y+sKVmH2PysDr7/
lmLRhcVTGwWCofTxls5/WI7jqGdgWAfef0uJeLJng+ME5ASDikezhxbMHEv2jli1obxGbkp0buma
BIMdCobLW4kmGA5rw+azlZ5U1KSCljLWUvJ7rlBYoY5OKVq67Eow8Jkd3uGGtYofnJA7OSsTCSu0
ZjDdCyItFNTg5z6sQ//6m0VDiIHP7PAMN9yJGcUPJXtoBNcNyenJDiQCowMauONDGvuPDxd9DqH1
w+q67AxFtp2owOhA0bLlCp8wqv7bP+AZbiSOTCoxMaNAbyT/vKGgBj93peL7j1bcawQAAADF5CcS
1lo5vpdY9U4mMhd69TfBaM7SsIWKZJzSymNFT+t5szr03qi7tg04Uj0xnEBQvUOrFI50KeAEs3ou
SNLc9GRWuNHVN6CB1WsV7lxq4MXm5zRx+EA6WDh6cK+CoXDRnhyStLC4/Gnv0Ih6h0YU6uiUMUau
m9DCzLSOHtyXXiL12JGDmp4YVyIeU6SnTwOr1ykc6ZIxRtZ1tTA3q2OH92tuOtkwnTk2rt7hkbzh
LX4kMgKTjq7usveXlOyRUcH7b/XxS8ODonOzOvDe0rCAkQ0nyBgneScjK+ns6ZPGteJ1nLFRXZef
nrc9+vZ+HfvmU4q+vT+9Lbi6X/2fvEKd556UVdbp61LvNedq4sEfe56j97rzFTo+ZyWjeEKT335W
U4//Q3qTCQfVd9Ml6rl6W1Zo2Ln1BHWec0LBXiL9t1yqnmvPkxyn5POtRP+nPyjTkR3YuVOzOvb1
pzT73BtL9dx2ogbu+FDWEBbTGVb/Jy/Xkf/wnbrUDQAAADkhR6FsI3e52KzPUfN38tMsKRR+tE6k
0Do1Wc7q0wppkI7OLq07aUtyWEnfYHKCzL6lT25dN6HxfbvS97v7hzSy4cSscEOSQp0RjWw4Qb1D
I+ltY/t3K5Ezh4SX/pE1Gl63UeHOyNL8Ek5Akd5+jR5/UtacHol4TB2dXRrZeKI6urrT5Y3jqLO7
RyMbTlQo3JEuPzflfyhApoS7tPJFoMScIrVnlr7yFrg2Mia/k024szZDF9pdz9Xb8oKB2HsHdOTf
fTsr3JCk+KFjGvvPj2jh9d15x+k8a1PBc0Qu2py3berRF7LCDUmy0biOffMpzT77en49d2wteHyn
v7twuOG6Bffzo/OsTQqfnDNZbjyh8b9+PCvckKT5l97V+F8+Kpsz8WrHGRvVeebxVdUDAAAAxVS+
kKvfvh62xJ3yz26zb9c4iyDaaJyGBhzRuRlNT4wV/Jo5Oqbpxa+FAnNpZBo+7ngFMwKBXLOTE+nh
I44T0NDa9elQwcvg6HEKhpKfDicn0hwrev5gKFx0KEsgFFbv4HD2Odasl+N4z63hBALqHlgqX2g+
kVLceEYvlkCrZVj51z+QMb/HSmU6w+rYvD5v+7FvPSMbK7xU69SjL+RtC4z0yenOf1+ET1qr0IZV
WdvciWlNffcXBY8/+dDzUjy7V1R48zrf818onlD0H/dq8m9/qvH//oS/fQrounRL3rbZn/+jFn6d
H/JIUvS9g5p58pX841yW30sGAAAArcDPSidLBQpHKf6DDsKH5aWhH+9PT4xnrb6R4hU5DK5Zr45I
4UkQw51deZNh5prJOFfv0EjJhrQTCKh3eLWOHtiTrO/RI8UDjGCoYFiREgx3Lh3fCZQcMpI5X0Zq
ro7yZb5Nmb2zHXScsk6mI/v1mRibLNh4T1l4bZfs7IJMV0ag4TgKDPXJncmea6LzrOPzus8svLm3
aICSODKp6LsHFD71uPQ20xFW59YTCq9K4rqKvndQ8798T7PPvq7EWHLS2c5zvFc38iu0aTRv29yz
b3iUXDL9o1+p56ptWavRdJyWHyQBAACgzlIdvAssp1Ji1oykMouU2xKqX8uJGKVR2nYOjlLcRELz
00srlUR6/a0kEunp09HF27HogmIL88lJMCvkZHTXD4Y7ZErMTZCeo0LKm0/EozAT1SwTgVV9edtS
wUAp7tyCAl3ZPTZsIv+1E1yXP6dMbGfpCTdje8eyAg5JCm1Y5RlwzD7zuqYe+XnFy8kWE8y5RjYa
8xyikylxZFLxgxMKHrfUM8rp71Zo3ZBi+5j4BQAAoJ6K9Z4vN0zwN7lo7v3iZ6l0QAtaV0MDjt7B
VYr0eQcNubPWhooMPfEjHoumVjpOHq/D3/FC4Y7F/DC5byIWqyrgqEqF77WsXyRlBiCZzx2Ns/D6
bo3/18eytrkTMyX3MwFHTk/O6zMWV+Jw/vwtmRNupvgJIryCluCI9/u4VOBQqcBgT1YvDElyp+dl
E6Xn9Ygfyg44JCl88loCDgAAgBqrpgdENcNJkkNVsld8tDIl61P7NSLRbA0NOEKdEXX1Fl82slbd
gnI/wS41lCR9fsdRILS01GsiUbj7fqvKnNjUluoFgpYQP3BU8QNHSxfM0XnOiXmrisT2HPEcduI1
L4c7PZe3La/MVH4Zp7uxoZ/nnB8+wzt3Ln8NYqeXiW0BAADqpaI2nUfaUH74YHK+l3Fa0o5lodVm
oKwZm9P4KTU0pGDZNhwC4gSXGoPxaH7jDstH946z87bNvfiuZ1mvkMBdKD3Pi1dY4nuS0RpJjE/n
vRfzeq4U4FVXp6u6HmIAAACoBZ9BRMafgZl/Enq31MqPV+o7a2H7tSfb2bINOEwgpzt7GT0ZMpeH
dQL+en60ksyJTRfmpvPCnlKstVqYntL8zKTmZyaVSFQ62SnqqeuS09Rx+oasbe7krGae/JVneeO1
ok7Cx2vD9SjT4IDDxuJ5PUlMR1jhU9eV3De8YSR/Yxu+rwEAAFYWP/NneBf1/Au3yHwgWD4aEnCY
xa9GhleBnAZMZmhRTCIeywpDMod7tIvOjNVlXDdR9nKz8YUFHdj5tg7ufEcHd76jRLz2w3T49VKd
4JpB9X/y8rxf1NPff0nu9Hzdz9+Mfx/iHnNmdF96Wsn9AqMew+LasGcWAABAazM5XwWKFN3fu8lY
eDnYSpuYVtlHrdlECR5faKRl24MjGO5QMLTUDX1hrvSEjZKywgBjjEKdTZpgtAqhzoiCwaXnPjtZ
3ooW8zPT6duOE1AoRHf+VmLCQQ391tVy+rKXSY6+s19Tj77QpFrV3/yrO/O2RS7aovDJawvu03/b
Bzy3F1saFwAAAE1SJBuRVCAvsMUfzilr85ZUqGW4gWZbtgGHJHX3L31yO310zNdQjemJpU+Ju/oG
fE9O2kqMMeodXp2+PzV+KD1painWWk1PjKXv9/QPec9fkvt7wEcai9oY+q1rFDphTdY2d2pOR7/4
gybVqDFmfvyK7Ex27xTTEdLwP/tNdW47MWt7cKRPQ799nXqu2uZ5LLtAwAEAANBcZQxBydqWv2Kk
3xVYig1rqQ7hRqtov/EXZegeGNaxIwclSfMzU5qdnFB3/2DB8vPTU5o5thRw9A56jN1vEz0DQ5oa
O6R4fEGudXV0326t2nhi0bWoJWnq6BFF55d6sXQPDhcpXUpOMGItWUeVBj7zIXWed3LWNhuNa+KB
H3oO4VhO3Ol5TX3vRfXdfEnWdmegR8O/d4MSByeUODYjEwkrtG6o6Dwb7lR5w7YAAADgj+8/91MF
bepuzgZ53y2xuUgw0pwQguijsZZ1D45wZ0R9w6Pp+2N7d2puetKz7MLstA7veS99v7t/SJ09vXWv
Y704waCG1m1M35+ZntDh3e8pXmAuEmutpsaPaHz/7vS2/uFRhTsrX07TyZnUMh5lstJq9N10sbp3
bM3e6Lo69vWfaO7Fd0ruX8tpJ5o1hcXUIz/X/C+9V4kJjA4ofOpxCm0YWQo3rJU8hqPE9i7vMAgA
AKA9eMUhpSOScgKLqv9sZXLStrKse3BI0sDqtVqYm9HC7LRcN6GD77+l7r5Bdfb0yQkGZBMJzc1M
ayZjWEaoI6KhteubWOvaiPT2aWjtRo3v3yVJmp08qrnJCXUNDCncGZETCMq6CcWjUc1OTSgeXVja
t6dP/SOF5zbwIxgKKxgOKTqfXP3i2OEDivT2JlemsVKkt7+q468kPVdtU+/127M3WqvJh57XzI9f
8XcQr3kn/EScXkOU4v5XJaq18b96TIN3f1iR7acW/QfHLkQ1+Z3nFNl2ksJbMt7P8YRiuw43oKYA
AAArR91jALpCwIeWCjjq8aZwAgGt3niSjux9X3NTxyRJM5NHNTN51LN8R1ePRtafoEAwVIfaNF7v
0IgCgaDG9+9WIh6TldXMxJimc8plXvuegWENrVkv41T7EzHqHx7V7GSy14zrxjUzkbzu4a5uAg6f
ui49Tf2fuCyvMT/zw19q6pGf+z6OjeWHEqaj9Ovcq0wzJ+m0sbjG//pxRX7xtrqvOEPhU4/LqqM7
NauFV3Zq8tEXFN83rt5rz8/aP7Z3jElGAQAAGij9V6xVTqMvO7Ww6e8ma5vNuG1yylece+TVpZoD
oVW0VMBRL4FgUKs3nqTZyQlNjR/W/MxUXpmOSLd6BlepZ6DApJptrLt/UJ3dvZoaP6KZY+OKLczl
lXECQXX19qtncFgdXd3JjTV4r3YPDKt3+GhyklfXXXqAZTp96dx2ogbu3JE3n8Tc829o4ms/KetY
7kz+8rGB/u6S+znd+avouNMLHiUba+6FtzT3wluSksvmBga6lTg6rfjBpVWDwqesk9Ofs9rMuwca
Wk8AAAB4sLas4R+ZIUfuOiiZj/vRHoNOapbArCh1DzjWbzm7ZsfqHhhS98BQRfsaY9TdP6ju/kEl
YjHF4zHZRELGcRQIhhQMh30dp2dwlXoGV9Wtzsk6nieptllgIBjUwOo1Gli9RvFoVIl4TK67+PwD
AQVDHekJSL1+YWQKhsM6/vRtORlF4X26ewcU6e5VPBqVtVbGMQoukx4y9dSx+TgN3XO1TDj7Wi28
8r6O3v/9so+XGMsP9gKr+kruFxjOn4smMeY9l02zxA8cVfxAfq+s7ivOyPuHMxWKAAAAoMms581K
Ni4ry/8Z1s+K6MGRKxAKKRBauQ3sYDisYIOfv3EchTo7F9+ti9MC8c4tKLRxREP/9DqZruzeE9F3
9mvsrx6TTbgF9iwstm9cuVPGhjeWXikodFz+SjqxPUfKPn+jhU9Zp66LNmdti+08pIVf7y6wBwAA
AGqmRp0P8gexFJmDzcfx8kbIFFi8xR8aNK1meY3FAJaB4Op+Df/OR+TkDB+J7xvT+F8+Kjsfrei4
8y+/l7ctvGW9TKDwr4HAQLdCx6/O3hiLa/6VnRXVoVGCawY1+PkPS6HsDHfm719uUo0AAADgh/W4
bW1+lLA0/4b/JKUdBnwQmVSnZQKOdnixAfXm9HVp+HevV2AkewLWxNikxv7zo0pMzFR87Niuw4rv
z14eNTDYo55rzi24T+9HLsibZHTh9T1yp/LncWkVXRdt1qp/cZOCawazti+8tlMzT73WpFoBAAAs
dzbnq7w9i91PbS105KpCAZtsi5bfHq0+isi9YoQb1VuRQ1TQWqwtf7jFcmQ6wxr+3esVXJ89x4s7
Navx//JdzzkmyjX709fVd8ulWdt6b9iuxPi0Zp97I2t7z9Xb1L0jfw6d2Wdfr7oeteR0dyi0cUSd
Zx6vjtM3KnTCaF6ZxPhU2ZOyAgAAoD5q9+F2s3pvEEW0KgIONN3CTOW9EpaTwc9dqfDJa/O2O10d
WvUvP1728Y49+GPNPJ3dY2H6By+p69LTFFy3NPGt6Qhr8N6r1XPNuckQxXEUWj+s4Nr8yXEXXtul
2effLLsu9TDyR7cotGlUJlz815g7Nafxv3pM8X3jRcsBAACgcqbgncp4LyCbcc9HxuB7To4m5BVE
JPVBwAG0iODogPcDgYBMzjKx/g6YPwLNRuOa+PLfa/j3b5CJZExgaoxCx6/On28jgzsxrWNf+3H5
9agTp6ujZLgRe++Ajn7xh20xKSoAAMDy4zEpqN/VT633EI7cOUFzv2Nla5k5OLByOSFytkZaeHOv
xv/rY3Inpn3vkzg4oSP/78OKtUkviMTYpKb+7nkd/jd/S7gBAADQMiqIIWzRu1WprKMJUUora4mW
JROMrmzhjtzFS1Fv86/s1ME/+br6brxIkfNPltPb5VkuMTapueff1OTDP5ONxhtcyzIkEoofnlTs
/UNaeH23Zn/664qW0gUAAECt+V/a1e9Em+0eMbR7/VuZueSmzzT9+hJwePM1ZswWmmM4o4xngcJH
t6m9s4rkLxCdfQi7+P/ciNVqzY9e8FjuKbvkfxi8omB9UH8dm49TaOOInK4OWdfKnZpTbOchRd87
2OyqFRQ+ea1krRJHp5UY998bBQAAALX3qY3vS5KMMZKRjFLfU7eNBoeGJRnJMYtDCUyyTbBY3lrJ
muw5NqxdXD0ltT21j5XsYhvF+pgAxHhsNl7lbc62vB2rWyGmvCOUainXvynf9LCgTEHCBQALb+7V
wpt7m12NskTf3t/sKgAAACBTFY3LQkFA3hwcqYKZ56oug5Apfxe0KObgAAAAAABUqVi64WMiDeux
2aNcrYKIZs2/QZBSXwQcAAAAAIDqmPR/fLN5N1J3C8QANv9mtYGBd42rG1iC5iHgAAAAAADUTOnQ
wBZ/xGtKwHLOXkH3jPxdcgfHVI+IpP5aYhUVLG8Hdlyw+ItqKWe1i7+50uPdXm5O3QAAAABUr39w
SIvTiSYnGk19T000mjNZp00trrL4Pbfxn7kwQWZvjarnkLRFOpuQQLQ9enAAAAAAAGrCfwDhNelG
kdJVDE9hYY2Vg4ADAAAAANB0fgaDVNXJImcsDMHH8kPAAQAAAACokqkgMPCeTtRqqcdGoUDDFn20
snk40P4IOAAAAAAAdWF8dLkoHmIU69mRm2KUmWpkzmiKZYGAAwAAAACw7HjFHabQY+QcywIBBwAA
AACgSfwnC+VOLir569NRMPRA2yHgAAAAAABUxWT8txLpYSjWI8bwlWhUeO46DlOhU0jjEXAAAAAA
AFpCqZVU/IcGVc7PgbZEwAEAAAAAqLtyejT4WTK2XAUjDiYbXTYIOAAAAAAA1aljB4nS0UOBk/vY
XK9qE5c0BwEHAAAAAKCJCscBtsi9dtK+NW8vBBwAAAAAgOpV0B2i3GErlZ60VKla9uQgzGgeAg4A
AAAAQFOVCgVsXolyFoD1W4poot0RcAAAAAAAmm5pYtH6BQ2NmH8DzUPAsQLU5tdD7X/J8AsFAAAA
WGZy/sjPbUXYnC/vMsaj9WHyD14B63G7Hiu25KLt0xjBZlcgV7N/8Mu1U5JV868tAAAAgOXMuzVl
U8uwmuw2SSrIsJnlzNKG6ldvLVAfLdUj+3ZtAxQ0XksFHDTAs2W8t2vC61jlXXPergAAAABKMEql
GhkbJNmMFkWBxs7SpmQBj6P457P50qhWjt/60+qqnJPbRahZF7NVwo1WqUejrPSfNwAAAIAmsMn4
Im+YiPU5eWjJhkzxBWZz276tFCrQVqqc5xwcrfTDRf01M9gCAAAAsByUblHkzruRNweHzS5bq3k3
0sc0+ceqZVuotm2q5scc7dhGLDhEpZwn0/xLX1u1HhpSjWJ1qfV1z/wFU/jY1Q90ySrulrcrAAAA
gNaT3W6xmaNS8uT1nLBLQYPxLLi01Szetjnbi54kZ7PXXvnbTc53X4cv+kg5WqlNmtJq9fFSkzk4
Uk+00gb3cgtIloPyxrq1w0sdrWDtX96rjs3rS5aLvrNf+377rxtQIwAAANSL17AQKWNSz9ScHCY3
9DBZ5b2YVAHP0SpF9jRG1lbefim9Zy2iCVrIlQrWtMuPxzZ/R69HA7mS59WaDfVmv7xruQKL8TNc
DstW+MQ16jh9Q7OrAQAAgLrxbj3kDkPJ6u3hI9AodrrsNoatQYPDyF18Ch6jWorWJbV/gcOWcQxU
okVWUal1B5zqm+Ot2CWomUqHHCxECwAAAKxkRVsDecGG9/wX+fNxmPR/C66pYjMf99EmMYutvayT
m+To+WqaNLVoDrVoQ7QFq+QpWNWyOz40utlrqjibbdVXE5Y90xFS/y2X1ux4gdX96jhlna+ysV2H
Fdt9pGbnnvvF21p4Y0/NjgfUStfFWxQ+aY0kKXL+yTIdofRj7mxU8y+9I0mKvnNAs8+90ZQ6ArXg
RMLqu/kSdZ69SdN//7Kmn3ip2VUCsGJ4DxYxOY/mTjSaaoVZW6rtWMtJR/Mjk5ZBs7RiLdKDQ+Kn
iJXM6enU6L+9s9nVqInDf/Y3BBxoSav/ze3q2Hxcwcf7P3GZJGnhjT16/8r/q1HVAmqm58qt6rvx
YnV98EwF+rslSfFDxwg4ALSHqpuC5R+A1ufy00IBR20wUAIAkCty4eai4Uamji3rFblws+Z+9mad
awVUr+PM49V/66XqufIchTaONLs6AAA01bILONBMZKAAWlOqd0Y55Qk4zERfiAAAIABJREFU0KqC
qwfU/4nL1HPNueo8e1OZM+ABALB8EXAAAJY10xFSz46zy9qn5ze2ynSEZBdidaoVUB7TEVLfjRep
9zfPV9fFW2Q6w82uEgCUpfBHobUIafmgFUnLMuBgmEozcfUBtJa+my5WYFVfWfsEhnvVd9PFOvaN
p+pUK8Cf7g+cqb6bLlb3h85WYKin2dUBAKClLcuAQyLDAwAk9V6/vaL9+m64kIADTdGx+Tj13XqZ
eq7apvAJo82uDgC0hMLtO1p+WLJsAw40E704ALSG0IZV6rpoc0X7Ri46VaENI4rtPlzjWgH5AsO9
6r/1cvVce64iW0+QAk6zqwQAZWt8K4BwA9kIOAAAy1b/J6+QCVf2T50JBdV/2xU68u++XeNaAUkm
GFDvDdvVe8OF6rr0NDkR5tUAsLwQP6DRmhxw2OxXfU3ivmX2NrIlnk+pxyvaz2Z9q2x2dpvzffG2
NfmbITu7oLH/9L9qdryeq7ap4/QNvsrGD07UtBv+3C/ertmxgGr1Xntedftfcy4BB+pi+Hev18Bd
Vyo4Ut78MADQ8mxGTw6zdF8mu4dHujlgrayMbE7/j6XmivVsJ+Y1Z7yaLEXaPDbvtk0ewho1u7HS
yLPbUu3JspuCze3J35yAY/EiJr9ZlXjtlqcG1zNVr7ZQ4AVZsvZF3+w5AUfq52Wy3+w264aVsUsb
beqHmdo355zJN5LNy7hWKncuqiN/8VDNjmejcd8Bx/Tj/1DTcwOtouuS0xQ+dV1Vxwifsk7dV5yh
madeq1GtgKTIBScTbgBYVqy71K5LhRU2nXY42Z+hZoQe0lIzwWa2NVIfjBbKGzy25Q6RKdZ499sG
aWZbpXSbrhbnKPWB+uK3Iu1sk3nVTfpT8qrqVanGBhzWylrJWlc2kZB1E7LWXXqV10LNVhlqjWZ3
pUFF6drboneTm5IbTerxvJ4cmeFFTl2sZE3m/YwXejr0yEw3mBkeQG3133ppTY7T9/FLCTgAACgh
ujCXbj0Yk+wPYdJ/+puc5MGku3ikWxxGma2PvHadydlgs8oY5d8qeifvA9j0GXKbPBX1Zq+BSj4I
rqgJ67OXS6mAwxgZx5HjBGQcR8Zx1IyQo3EBx2K4IevKJuIK2ISCjlXQMXJMwXZ6+WoWcLTHJJkl
uxQV3jH7rneh7JumQLmcNHZJ5g4272ecTmpbI0sCsIyYjpC6d2ytybG6d5wtJxKWOxetyfGAqlnb
vD+4AaCASCigpSzDLH23qTxjKbiwOWFCKgxJFbDWI7vI/b2XVcYjFMkdHeDxe9NPM8Q0+fdt0Tra
gnf8Hz+dXBTf3zPgSP9zZORaKWYTSrhWrnXkKNiUkKPBQ1SsXDchm4ipI2TUEw6oMxRQ0ElekKWL
WpuLsBL+6a804Ci+X+YQorwdc0plHs9k3zc5j9vM4Ug2nZqSbwCotf6PX6rAUG16hgUGutV3y6Wa
+MqTNTkeUBFrtfDr3Zp58hXNPvu61n/9D5tdIwDI0tfdkb6dDgUWv2eGBCbZvWMx4DD5+xS4X2p7
tfuVe7xaKT14wM8H04uP+Bm2U3lFPOthlLxGsYSr2WhcM1FXc3FXxgk0pT3esIAjOYLByroJmURc
XZEORYIBBRZfME7eNC91uhzLPPUo/PQ8umQVkMowvN7L2Z24Ch/P637mTzV1O907DQBqqPf6C3yV
m/jqkxq440M+jredgAONZ60W3tqnmR+9osmHntPCa7skJeeGAYBWYzxu535P387OP/Jue90vtb3a
/co9Xi2l5zX1bGDltuMKpBjpotk9MnwFHOlC3k8275w5PWyMrEIBo65wQAnX1Uw0LscNyTpOuodH
ozS0B4e1rqzrSm5CQUdynOTFsq5n6Zpeh/Shlll3gdyeGH6n0fHT88OzTNEeHKXvZ25f6tVBxAGg
dkIbRhS58NSS5RJHp3X4X39Tvdeep8Cq4pM9Ri44VeET1yj67oFaVRMoKPrOAc38+BVNfuc5zb/8
XrOrAwC+5DYdlubfWHw8tT3je6EPT73ul9pe7X7lHq98BdpfuZ/zKzOa8HnkgkNVPI5UZO5F3+fL
uG3sUj4SMEaOJOvGF+fabPyQyobOwZGch8NVZqKRnJcj992w+J8ahhHLLNdIq8sqsT7L2Jz3ji30
WMb9rF9y6Tfwcv3poF5CG1ap59rzFNl6gkLHjygw2CMTCUtxV+70vBJTs4ofnND8S+9p5qlX0596
1oITCUsBp2Q5G0vILsSqPp8JBmQ6Q77KutPzVZ9vORj49AdkQqX/eZt9+tdy56Kaefo19d14cdGy
Juio/5OX6/Cff6tW1cyzEl9bTm9EPVefq67tpyi0abWCo4PJ6xAKykZjsjMLih04qtjOQ5p9/k3N
fP+lgnOh+H0+rfo+ie08pJkfv6rJh5/X3M/fanZ1AKBsmQsU5N5aEUq1ncp4pMzRIp4NN+/dC2yt
4seU3dEk2W/fdV25rivHNv6j7Ab34LDJ5YOslbv4Xcq/zMZza63Ra6BlrKDfe6hO7w3bNfDpDypy
4WaZYOmGYO9152vkj29R9L2Dmnr4Zxr/b49X3bjZ9MM/U+j41SXLzT7zunZ/4t9XdS5JGrhzh1b/
q9t8ld171/+n6R/8supztrueq7f5Kjf13ReS3x95oWTAIUk9155X14BjJb22ui7eooHP/oa6P3SW
nK6OomWTS/2eoYE7PiR3ak7TT7yo8fue0MKvd2eVW/P/fE59N19S8txvb/1dJcamqql+zcT2jmn2
J69q8uGfafaZ15tdHQBApbynv8gv5PeR4hNleG7yG2j4P1cpuZ9oJyeHdV2bHLWx2MGh0Ro8yaiU
/Oknkx2bleg0OnAo52IThgDNFDn3JI388S2KXLi5ov3DJ4xq+PdvUP+tl+nQn/2Nph75eY1riFbR
ddnpvuYniB+a0NR3fyFJmv7+S4rvG1dw3VDRfcInjKp7x9ma+dGvalLXlSi8abVW/dEt6r36XF+9
VXI5vRH1ffxS9X7kAk187Sc6/OffSvdmqdWkso1y6P/+BkOeAGA58BVuFNy1TuduYLCQqoOxi714
7GK2kVpUQg1tTpf/10U17FKQYzOSJpt1y2aVaY0vj41q5S9g+Rj6J9do/Tf/ecXhRqbguiGt+y+/
pVV/8LEa1AytqP+WS32Vm33qtaz7Mz951d/xffQQgLe+j12ojX/3x+q97vyKwo1MpjOswc9/WBu/
838ofOIaSVJgsL0CDsINAMtOZlPEb5OliU2mmrUVfTyRpaZ/ziXwLF64wv7PXaKl6KvpWOI55dVh
6bpmHbjBfQUaG3AAQBlW/9ntGvk/P1GyC3tZAo6G/+CjGv7d62t3TLQEJxJW946zfZWdfDi7F8/k
3z3va7/uHWfL6Y2UXbeVbui3r9Wa/3Rvyclcy9W59QSt/+r/rvBJa+QMtFfAAQBY4fhcui4IOAC0
pNV/drsG7/qNuh1/+A8+pp4rt9bt+Gi8vo9f6utT/NieMc08mT3MZPaZ1xV9/1DJfZ3eiPpvvazi
Oq5EQ799rUb+6BZf8+ZUInT8ah13/+8oONxbl+MDAFBcmyUVtahuCz/lFg04WviKAai7jtM3aPCz
O+p6DhN0NPInn5QJBup6HjRO7/UX+Co385NXvLc/6b097zy/6e88kHqv365V/+Kmui8RFz51HT1r
AABNUGG7tVnN3RqFG63cWs8KOBpX0Va+JABaQgPWzA6fuEYDdewlgsYJb1qtyPZTfZWd+rufeW9/
6LnUwNGiIuedpI7Nx5VVv5UodNywVv/rT/tashcAALSa9lxoo7HLxBbY7n3pbMFHAKxcibEpRd89
oMTYlGzCVaC/S4GBboVPXivTGS77eP23Xqaj93+/DjVFI/Xf9gFfvXGi7x7Q7HNveD429+I7ir61
f3FZ0iICjvo/dYUO/ek3KqnqirH6X92m4Ehlc27Edh9RbOchJSZnZQIBBQZ7FBjuVfiEUcnhbwMA
AMpWUR8Dk71ji/fekBoUcLT6RVh+CIewzFirmSdf0cRXfqTpH77sWSQw3Ku+j16kgds/WLqBmqHj
tA2KXHCK5l54q1a1RRP0XH2ur3IzPy4+DGX671/WkI/XT89V2wg4iuj+wJnquWpbWfvYuKvp776g
o1/8geZefMezTPjUdeq74UL133aFgqsHalFVAADqauW2hZvzzBs8B8fK/fE2nueCQEDbiR8+pv2/
/wXt+cx/LBhuSMmeHUe/9AO9f+2faurxfyjrHEw22t66P3CmwietKV3QWk1++7miRSa//azklv6d
Gdo4op5r/IUqK9HQ73ykrJ4WibEp7f+d/659/9t/KxhuSFL0H/fpyF88pPc//Cc69s2nfQ0pAgCg
WTz/lWqrf7raqrKSJKcmiwj7/pK8LlLbXba27BxRdCVkoCXF941r963/Ptno9MkuxLT/n/13Lby6
0/c+neeeVEn10CL6brnUV7mFN/dq/uX3ipd5Y4/mX9vl77w3Xeyr3EoTOe9kdfmcD0WS4ocntfvW
f6epR35euvCixNiUDvzhlzT2l48ScgAAgLS8Hhx1/zMh3a72c6bW+aMlKxJoZCZUr5zJ+5kBLSMx
MaO9v/VXir61r+x97UJMR/7iId/lw8evLvscaA1OJKzuD57lq+zMj35VupCkmR/+0le57ivO9LUs
7UrTf/sHfffesNG4Dv7zL2nhzb0VnevIv/+Ojv3tMxXtCwBoLU1tEtXj+VRz4ior7NlmLZvNO0bR
w9iMG01sWrbMMrGFf4ZNTwB81bWtvgo+3XKvTa2udRPfAWhZ43/1Xc2/9G7F+0//8GVF3z/kq2xw
zaCcns6Kz4Xm6bv1MgUGuksXdK3vnkCT335WNu6WLOf0dKr/E5f5OuZK0n3FGb7LTnztx0WHnvlx
6E+/XtX+AIBayf37vrzWXe3O3/x2Y1XPx2Nn77MVqUPFFVg8prVZxyj9E6xZBarWsIDDFrnXeu3b
2r/dWk3Ws1v+TxdtaPyvH6/6GAslhiOkOUahTaNVnw+N1/uRC3yVm39lp+9eAtH3D2n+l/7CtZ7r
zvdVbqXo3nG2gqP+Jv90J2c1/pffrfqc7tScFt7YU/VxAAC14x0HJP9XOgipbdhQv+dTpCa+qlP4
efiLhmp9JWz6W7nHsxn/bbaW6cHRItcDwDIS3XXYd9nQ2sE61gT1ED5xjSIX+JvrYebvy+sl4HeY
SuScE9Vx5vFlHXs5677sdN9lJx/+meKHJmpy3tnn3qzJcQAAyFV2M7Wadm0t2sQrvF3dOgEHACyq
dDx+rsThSd9lTSRck3Oicfo/eblMsPQ/Yzbu6lgZE9VK0rH/+axsNF66oGPU/4nLyzr2cta59QTf
Zae++4vandiWHlIEAEAhjesX0vjhLf52Wj6pCAEHgNaTqE1jxZ2P+i7rdIRqck40jt9lWudfekex
nf7mY0mJHziquV+85ats79Xbyjr2chY6wd+EvfF945r96a/rXBsAAApruRH6toXq0sYaHnAU/KG1
5dKrAFpaOctHBgP1qwdqrvuDZyl84hpfZSudxHL6iZd8lQuuG1Lv9dsrOsdyElw9oOBIv6+y82Us
4wwAaC800tFM9OAAALSd/lsu9VXORuO+V0/JNfmd5+TOLvgq23fjRRWdYznpOG29ZPx9WhF972Cd
awMAAFaipgQc6TlzrcfGlsQyIwDQKpyeTnV98ExfZedeeEvxA0crOk/i6LTmfuZv8squy05XcKSv
ovMsF8EyJuqNvr2/jjUBAKAJqmkqltyvXdqgza9n83twNP8aVKDxSxMBAJL6b7lUgf5uX2Wnv+9v
mEnB/b/nb3+nq2PFTzYaXOU/4InvHatjTQAAaLAaNAW9D9G+7cxyRorXUtMDDpt7J+Or/X6c7Rl4
5EU1tvhXwWyn3AWi2+9SAWgBvR/xN9+FO7ugye88V9W5Jh9+Xu7UnK+yPdedX9W52p3p9L8SUWJi
po41AQA0Qy3/rPfTJinUPqlkn6q//D6rAvtXct1s+kKVW4/idSp+mPxHU/VI/cxSmjXFZtMDjqQC
lzEn6Gjlr6JPoC2+/PN7tPqcHcBKFj5pjTrPO9lX2bmfvanE0emqzudOz2v2GX+rfXSedXxZy6Qu
NyYc9F02cZSAAwCWnQqaIEXDh2XFFm3yVvRI2dfI6+IXOmPhVlupdlw65GhSwuH/r5G6WR6v3sxn
0Z4Lwni+PHPut+czA7B89H/qAzJBf9l8cO2QRv/tnVWfM7h2yF9BY9T/qSs0//J7VZ+zHZkyViJy
Z+frWBMAQLN4tSjM4nZTpMzyUTjFKP68y4w5Kgo36rG1krrUVwsEHAAA+NNzzbm+y3ZsWa+OLevr
WJt8PR8+Rwf/5Zcbes5WYeMJ32WdzrD8lwYAAC2pWLjRpOCjCUNUSsZXAADk6d5xtsKbVje7GkUF
RwfUd+PFza5GU9hYGQHHYE8dawIAaAaaeLW/Au1zTfNr2qy6NzbgaJ+fUFWW5bAxScyaAaCZ+j9+
abOr4EvfjRc1uwpNYecWfJcN9HfVsSYAADRBbhPJd9OpSIFCx6xWNcewOd9bTItMMro8NX76z0Yq
NK0oANSe09Op7g+e2exq+NJ1yRYF1ww2uxoNFx+b8l12JV4fAMByVnC2zlodscJjFm5RljnTRhV1
aKwGBxxlTx0LtUPYkak94hkA7aX/1svl9LXHp/6mM6z+T17e7Go0XHzvmO+yHaesq2NNAABolNSK
JPkrm/hrFfnovVFWk8ojaPH4qijcaBMt0YPDZvy3YIHl/FXmtWrFL/81BoDy9X7kgmZXoSy9153f
7Co03PxruyTX3+/50Amjda4NAAAN4NXE8d3kKSP28HXMiivijy1wu3Bi0hQtEXBIWrwoNUgA2tEy
eJqVBx7L4MljRbF+X64OyyrXSvjUder8/9m78zA3qjNt+HdJarWk3vduu73jBRtMMDbYLIEsrAnD
mgQDEyCTQAghOG8CmZCFGRL4eJ0AQyAJyTvZuAKeAGYza8CsGQMGzBIb2xi8tu1277taakn1/aFW
tWpVlVSSSur7x9VuVenUqVMl2eg8Ouc5S+bkuxmWlB7eCv+xcy0dU+jvrWj3ICKH+kyVLV00Pcut
ISKi3Mv3V665/1H2ZuTbqb8i1n0mo+7ReC2imZ6Xeq/l3ppoR5vtk78Ah0NuAGUHQxdUtMIRU8Vc
gdIsN2TyqL7o0xA8zonHmyIIqPrSidaOKYL3VviTg6bKeWc2wnf07Cy3hoiIip5WhyOXMY5sXZNN
Bxl/JWLhRBbblM8+oCeP56ZJQvn3n0EPKmRieMxUOVeZL8stmTzKTz/adNmu1Y8gtHVf1tpSMqMR
jf+x0lTZss9/CoLHDTFibvnUYnhvBd/dicCJC02VrTz7WIy+u9OW8woefpwhIpoUCqYjkcuG6pxL
0HsqB9EK08NS7ZenTwQF886kLOK7gApRtG/YVLmS1jq4/F7EguGMzudfZm2aQ7EpP+1olMxoNFV2
bF8Xun+1LsstAqovORleE0kyPQ2VqDx/Bfof/IepeovhvTX80geou/aLpspWXnA8uu9ah2i/ues2
Evj0oozrICIih8pSpyHffZGsnz/fF5inBhTImN9cjQciIjIW6RowVU7weRE4ObNlTQWPu+CSa9qt
8vwVpssOv/zPLLZkwtCLH5guW3HOcabLFsN7K7hxB8K7O0yVdddVoPaaszI+p7umHN6Z5oJgRETk
YLmcBlLsDO+bM3N52aVAAhxa+O4notwb23nIdNmqL1vMwaBQ/+8XZnR8oXNV+FFmoSM/8NgbWWxN
0nkeed300MvAigUomVZvqmyxvLeGXzIfAKq+4vOmp7ToabrtsoyOJyIiB2BXznbp9JCL4WUo4ACH
lgIPdhRCwhsr5y/Ql4HIyOjmPabLln3mSEsd9GS1V52B2itPT+tYM4TSEvgWz0z5464qy1obUqm6
6CS4KvymyoY/aUfwzY+y3KK40Ja9CG3Za6qs4PWg6isnmSpbLO+tvj+vh2g2Yarfi5Y7vw7v7Oa0
ztV400pUfGHyLclLRFRwlAn5TPRd9Io4ubtkid6F2VFXmlXI+nGm6nTEnZQp4qxcejfbjiE5mbyQ
ORoSlNzETE+ZyeU67z1PlJHhVzYjNhg01fEWSjxo/sUV2P/1uzH6wW5T9btrytFw45dQddFJgJC9
fy+8c5ox4+mbUpY7cNWvMfjU21lrh5GKL5ifQmFl1IAdhtZ/gNIjZpgqW37WMej65aMpyxXLeyv8
STuG1r+PijOPMVXe01KDaWv/HYd+eB+Gnt1k6hh3TTma/u9lqDiLwQ0iIsfIsPulPFwwrNToJKL5
k9rGWqdHVdrU4crrsnl8huGX1Imdzp/ekrcRHPnr96Ybt7Mr3peH2GG6p7KziY4PoRKZI4bGEHx7
h+nynim1mPa3G1D/gwvgaajULec7ahYab1qJmS/egqqVn85qB9SSWH7+gpbOnwq/2WVERTE+bSSH
BtZugBiJmSpbOm8qAscfnrJcMb23uv/rCYghc6vCAICnoQpT7v0WWu65yjD5qXfuFDTc+CXMeukW
BjeIiAqcfnfAjk5C/jsaWmeX9ilHbliq1eAk49uiqrz6Dhttp9UWh8jjCA753RcBCDkPtmm9KLrr
6eS4DVk+lTPfj0QFYeCxN1H2mcWmy7sq/Ki79ouo/eYZCO88hGhHP2KjYbj8XrgqAiiZXg93TXkW
W5y+fK3yVbXy04DbXAw+tK3N9CgGu4R3tmP0g13wL5ljqnzVl0/AyIatKcsVy3srtGUv+v/2D1R/
9TOmjxE8blSeuxyV5y5H5GAvxvZ1ITY4ArgEuMr8KGmtg6elxjnBPyIiMsXcwI5sfuDIdn/LQttt
u0xZFENnfIVd7VJ2IlPdu/x2NB0yRSV+o/IxmEjNCT1/K23IYYCEiADEv72v+87Z8M6xljdAKPGg
dP5UYP7ULLUsG/Lzb2L5aUebLjtsYVUTOw2/8L7pAEfZZ4+CUFqSclRDMb23On/2PwgcvwDew1os
H+tpqYkHM4iIqGCIEKWvipO/MhZke4HC629lVpv9V6sen2H8TIq9lhvohNdPn/OSjDr7fhERAQC6
734y303IjTwM4Sg/YwlKpjeYKxyNoX/thuw2SEf/Q/8wnUzTXVuOqi+dYKpssby3YsEw2q//E2KD
wXw3hYiIKP8y+kiVr05y4XXOHRfgKLxbSEST0cDD/4uhZ9/J+nlG399lOtdDVuThH+XK81eYLju6
eQ/CHx3IYmv0RQ72IvjOx6bLV5x9rKlyxfTeCr61A+0/+LOlfBxERERFh53cnHFcgIPswL9BRLnQ
/r0/IWRhaU+rQpv34MCVv0ZsOI/fgOd4BIe7qgxlJy0yXX7ohfez2BoT5//7u6bL+o+bB+/MRlNl
i+m9NfjERhz87n8jNhzKSv3Dr25B75/WZ6VuIiIiI7lJY8rRG1bkPsBRmPepAHG5EqJsi/YPo+2r
/4Xg2+a/xTdr6Pn3sG/lLzG2vxviaP6+/c716JGqi04ytUwqAIiRKAYezs/0lISBR15HLBg2VVbw
uFF18cmmyhbbe2vwiY1o++qdCO/usK9SUcTA2g3Yf8VdgJjHUU5ERER6stUFS6NOw9VfbZe/fidH
cEw6DHgQ2SnS0Yd9F96G3t8/B3HUXEc3VX0dP30A+6+4C9HeIQBAbMT+b77NBhGifUO2n9tI+RfM
L/05umknxvZ1ZrE1qUW7BxF8c7vp8uWnLzFdtlDfW3qCb27H3rN/hr77Xzadu0RPpL0X7T/4Cw5e
9/+sT3/J09LHRERUuPLz1bHxWaw8k+v/84ma6+HmhuYqKtlfzUSU/VI9K46vAifae0tU18TFRiC/
w7whROkQI1F03Pw/6P/ba6j55pko//xRlpfmDH98EINPbETvH55HtH9YXn8WOqHuqjJT5SLtvbaf
W0/pglb4j5pluvzQC+9lsTXmDT27CWWnHGmqrHdOM8pOPgLDr2w2Vb4Q31tGor1DOPSDv6DvvpdQ
8/XTUHHGEtPBNgAY29eFgUdfR+/vnpNdi+AtMdmAmBTcISIi0qLqf5rtkCYvHWMXvf6yTfWkTWNd
2nhMI/9fIggrzv+qZits7eqKgCjGEA2HEQmNQgyPYGpdJQLjH0hEjZBKNt4fSoLuRuEQ05wfb+a4
VGWUzxttS4/Fibe9mPTgF5tqU7aHqJCUfXoR/CsWwLdoOtw15XBV+OEq9wExEbHRMKJ9w4i0dSO0
vQ3DL/0Tox/szmn7qi4+Gc2rLzcsE+0ZwseLr81Ri8gsp7+3rBBKS1B+xhIEjpsP7+wmeBqrIZSV
QvC4IYbGEBsaxVhbF8IfH8TwK5sx8r9bNetpuftKVJ6XOjltbGgUOxZcbfdlEBERgBuW9sa7VIIg
/Y7/kv9OsLw98YTq3MqyWvTKiLob5uuOF9Q+3pjBASmf0i6gjD2kHkhhsdGi9jkEAYiJIgZGQmjv
G4Y3UIESnw9uTwly2dnWHMGRLUYvBGTPCTmJ/cjGLnAgQx6Iit9ExWP41S0YfnVLvpuhq3TB1JRl
wrsP5aAlZJXT31tWiKExDD7+JgYffzOjejwt5oLksWBuR6wQEZE5yZ1wWcc8me4TOuVMn9gmWejS
FGQvKc+Nzn6AI8UFitL4DVG2N9dRBmXkTvPsDHwQUZEonZs6wDH67s4ctIQoc95ZTabKRQ70ZLkl
RERkhZj8wK6+VkFGBZKYar+J0fgwc0vTH72RxtE5kdMRHEpOvCEJmgM6NOYaEREVGqG0BL5Ppc51
MfTsphy0higzgRUL4GmqNlU2vIujkoiInCJPOSgdxJ4EokbP5O72JodT8vuiuvRys+plijXMGmui
kPmUEc55t6suydJNISJyloovLE2Z2DG8uwMjr2/LUYuo2LmryuCzkEDWiqpLzC29CwChrW1ZaQMR
EWlI6iOJGj/sO9lL9R38JO2jZrRM7CS7VxLD2MYkfSMRUeGoPG9PtuyLAAAgAElEQVR5yjKDj72R
g5bQZNF8x79h6p++g9KF02yt17d4JirOMLf0rhiJYfDJt2w9PxERJZlYU4DfAVPeSAGOjN94fOem
v6QQEVGOlM6fisBJiwzLxAaD6LvvpRy1iIpd/f85F+WnHw1PYzVa7/su/MfNs6Vel9+Lpv/vqxB8
XlPlQ//cjbE9Hbacm4iI1BjMsIHDb2DKxVjE/F9CRiM40pMU0sv75RMRTS513zkbgsdtWKZ/zauI
dPTlqEVUzCrOPAa13/mitO1prkHrn1eh+vLPZVSvq9yHKb+/xtK0l4EMV2ohIiKyTzr9YONjrNdo
PcFoIcg4wJFeSo3E2inFpzivioiKgf+4+Sj/wjLDMpHOAXTf/WSOWkTFrHT+VDT938tVATVXhR9N
P78UrQ98H/5jDrNcb2DFAkx/5EaUfWax6WPCuzvQ9+f1ls9FRERkL4NxLmJ6o2B0jzFcGCPb4ZD8
jeexZxUVG4I/yn2CtLfwliwxteRsusxUZub1sKsMERWMhh9cAMFjENcWRXStXoto71DuGkVFyVXu
Q8uvroS7tly3TNmnFyFw/OEYfWcHBp/ZhKHnNmFsX5d2fRV+lJ++BJXnHofAiYuM38caeu99BmIk
aukYIiIi22l1ejNdFtbOPlsR9P9sCXCIAiCkuhlp9/IL5S7rX6AdV2BqqVrRcNP0c0ZlBGWBwos/
EU1KlRccD/+xcw3LDD7zDvrXvJqjFlExa/zZpShdND1lOcHjgv+4+fAfNx+NP70IkfZejB3sQWxo
FBBFuPxeuBuqUNJaD8Gb3keWoefeRd9fX07rWCIiIvOSe0/Wl0wVZeXVx6ffp7Q+9sJ8Ced1BmWf
FjLpr5oKcugePP5bkO9y3u0yYhR5sK/2BOleWwhqZKMdsh3KJwvvRSQqWsG3P8bgk2+h4sxjALf6
2+/QtjYcuv7PeWgZFaPhFz9A5XnLU+Z7kXEJ8EyphWdKrW3tGNvbiUM/vM+2+oiIiCwTNR/Gu0mZ
JuV0xOgNMefdPqNz2ZpkVBRSnA3W7lthZuLVW0TW6k96Z8klU+cvzBeRqOiM7enAgW/+Bm1fvROh
zXtkz0UO9uLA1b9FtH84T62jYjO4biM6f/Y3iJFY3toQae/F/q/fzYS5RESkw86elNY3vVajF8pv
jlOM3sh0aktapbWuM/Er5fh/W6Sq0Z4cHElEAIL1ETmkop2VxOl0X3K+F4gcYfiVzRh+ZTNqrzoD
tVefidhICPu/9iuEdxzId9OoyPT+4XnEgmE03rQSrrLSnJ47vLsDB7/1W4Q+3JfT8xIRkZOl6pBk
p8OiV6uZySe5mpaSSZ257OaZ6RHbHuAAkmYmmE6aQqkVXsBDa/aKkLzB9wZR3vT87lkMPLIBgq8U
Y/s6890cKlL9D7yC8McH0HTLv6L08Gk5OefwSx+g/f/8AZHOgZycj4iInCwP+SJ0pqQ4WqZTZRzE
o3yhbZ8/IwU5nN8hLyxaUQLn3+PkwVbZzVpCRKmwA0i5ENy4A3vO/E/UfvMMVF1yCkqm1WflPGP7
utB995Pof+CVrNRPRES5pvcFb2F0xc210hmjN6xPTTF4SjY7Z/yBKlmn9R6gOmqhTXMERzaCHGJh
vA9z5sCBA9i7Z2IefH1DAw477LC06jp06BB279olbc+ZMwf1DY0ZtzFX+NYgIipuYiSK7nueQs+9
z6L6ss+i6qKTULqgNWlOa/pC2/dj8PE30fv/nkMsGLahtURElF+F/zVo1vo3uZt5Yk+VWbkRxpXq
TlHJRooQrTona+BjLBxGT0+PtN3T04O62jrU1NZYrisSicjqmjFjpi1tJCIispMYiaL3D8+j9w/P
o3ThNFScfSwCJxyO0rlT4Krwm6tjLILQ1jYE3/kEw8+/i+FXt2S51URElJ5J2NGz6ZLTTypq/UQZ
jd5I+8jsrbtiKQeHlWZol5UvszIJ3/KGtmzZjOUrjofHyrJ6REREBSj04T5ZElDf4pnwHT0bnqZq
uCsDcJX7IEZiiAXDEIdHMXagG6Ht+xH6YDdHahAROVKiB5i9zqvTZTNY4ET5uhqjd5flJKO2vl11
VplRFZskfz8GBgawa+dOzJ0314baCn9oFxERTR6jH+zG6Ae7890MIiJKl1293cJKtWG7rMxw0Otn
p3tg1o7LvN6srKJihvyFm3xRPr2XZseOj9DY2IjK6irZ/vTvTuqFiawfq/e80bbW40n6rxYRERER
ETlWZr0U46Mz7wHlIomoyVkXDuzOufJxUlU32Ew/Ops/DrPlwy2IRaOyfYZNdeA1EBERERER6bG7
O+aM7mEGwY1s9U3TrjPFgaLhZlYZnSvHAQ6tt40Dvs13WKCjr7cXu3drD9MtkBgNERERERERmWG6
Q2ex55d2ElExnbMBECGaO2nG9PrFeZuiohnyyfcslTymrZg9ew527doJcXw4y0fbt6OxoRHllRWW
67L6fopGY+jv78PI8AjGImNwu93wer2oqKxEwK+f1V4UgeBoEBDF+Jtp/LhUQqEQorEYRFFEqbcU
bndeBhIREREREVGBcdaXu+Za46w2m2OtzfHOvGxmhmEF2etw5zHA4WBGL0aWXouq6mrMmz8f27dt
izdBFPHhh1uw7NhjIbisBgBEg1lUEyKRCNr27cOuXbsQCoU0a6qursbcefNRq7V8rQC8u2kThgYH
AQC1tbVYumyZYctisRg2vvkmwuF4BvzDFy5ES0tLqgsiIiIiIqJJqhADBKblLx9nFk9uP7PjIfjV
uVVZfA/MnDkT1TUTgYTu7m7s3bvXlrqVQ3eGhoaw8c03sW3bNt3gBgD09fXhrY1vYucnn6ieEwA0
NjZJ2z09PVLgQs9A/4CsTFdXl7ULISIiIiKigmfv98bZTtpoPVGA/ekE0pkwkqszWaklu9MlGOBI
R5aCHC63GwsXLpTt275tG4aHhmw9z9DgIN7auBEDAwPSvkAggNmzZ+PwhQsxd9481Dc0yI7ZsWMH
2tr2q+qqq62Vbff39xueu6enW7bd1dmFcHjM6iUQEREREVERyHeWAsql7L/aDpuiksckGA5RVV2N
w+bOxcc7dgAAotEotn74IY5ZugyCK/P7EhmL4P333pON2pi/YAGmT58BlyIXRl9vH95/712Mjo4C
ALZv24r6+nr4fKUT7a2qgtvtRnR81Ze+vj40KIIjCSKAQ4cOyfeJMfT39QFozvjaiIiIiIjIOUSd
LSFpS1RsT/QFrXyrnL/+oyAIEAQXBJcAF4Q0cleY3SsvIIri+E9sPPfFxFEpVynNhEHdgiBAkF4L
+18TM9NU8hPg0Lgpya+JICQ33c5Xx8abbPubZiLb7KzZs3Ho0CEMjo+w6OzsRFvbPkybNl2nHXo3
VG3Xrp0YHM+ZAcRzYEyfPkPzmKqqKiw64ki88/ZbAOI5O/bt24vD5s6Virs8bjQ2NuHgwQMA4lNO
5o4/rzQ0OIjh4WHV/u5uTlMhIiIiIipk6iyASsX3JbYgCAgGRzE8NITh4WGMRRIj081cq7VlWCd2
ixAAeDwl8Af8qKqsQonXC0EQpAUrzJ5D91kzERatvaKYWEfFTCVpSVVrnkdwaC8hI4qJIEcWzqfJ
WX/ZPG4PFi5ahDdff13at23rNtTX18PvD6Rdbzgcki0/W1tbi+nTNYImSerqalFdXYO+vl4AwP62
NsyeNRsut1u6nXX1dVKAY3BgAMFgED6/X3a3RQC9Pb3SdkNDIzo7OwAAHR0dgPXFYoiIiIiIiADk
J12mAAGRyBgGhwbR2dGBwcEhxGJR2NO/1B/d4Xa7UVZWhvq6epQFylDiLRkPcKQ+XvfZTG6gamiF
VmW56XM7ZIqKerBJPMiRy/PbxZ5G19bUYtbs2di1cycAIBIZw9atW7FkyZK0z9HZ2YloJCJtT58x
00RdAlqntUoBjlAohIHBQVRXV0slaqrlK6z09/XB5/NDGeHo6JiYnjJz5gwEgyMYGhpCJKlNRERE
REREhUGEy+WG2x3vVo+MjGB0NChN388Gt9sNv9+PgD+AkpISacVNvelA6hab3Wmy0PiYBWl8Qlbn
x6SWVpLRjII7Fg7O873Ju8PmHIaysjJp+1B7Ow4cOJB2fd3d8gSfNTUaS79qqKiQD68YHpYnPfUH
AqiqqpK2+/r6VHUEgyPSfr/fj/KKSjQ2NanKERERERER5UwGi6jEYiLKysowpaUFs2bPRktLC8rK
yuByZWctD5fLBb/fj8bGJsyYMQOt06YhEPBDEFwQY8lZTYpV6i/6uYqK7TJbTiiZp6QECxctku3b
tnWrlPTTqoGkFU4CZWWAKCIcCun+jIXDGAuH49NRkgRHgqq6GxsbpcednZ2q+V+9vRPTU5qamiEI
AmoVK7AQEREREVEREeNfWqt+kGI7jZ8srPRq7hJFES63G5WVlZg2fRqam1tQUVkJt6IPlSmPx4Py
8nK0TJmC1tZWVNfUTExLkfpexiM3NKelZDJ6Q1VClDbkR9g5NcO4rrxMURFVDwzKppqqopXDI402
5cLEZei1UD1Vp76+AdNnzMDePXsAxKeIbN+2DUcddZSlOTwxMYahpOVmR4aH8dJLL5o+PpnWlJKa
pGBFMBjE8NAQysrLpX2dHZ3S40Rgo6K8An5/AMHgSFrtICIiIiIihxBlvwA4LdNhdoiiCEEAvF4v
aqprEIlEIIoxAMDw0BCi0ahG8k9rPB4PysrLUV9fj6amJlTX1MDn8wEQk2Y9GAQ3lE9ZemG082aq
z6rMwJhN+heQ9ggOM03WTYsi6t0knVCaTrRNivbpH+kosnYqG5r8hOJn7ty58Pv9UtEDB/ajvb09
KVypd7YJsWjMtuuIRCNQ3vWKikqUlJRIZfr7+6TnwqFRdHXFAxxerxeVVZXx5wSgsalRVT8RERER
ERUe3f6fZo/NaLuwfkQxnnC0xOtFbW0tmptbUF9fj0BZGTweD4QMkku6XG4EAgHU1daipbkFtbV1
8JWWQhASXcGJe6i6m3rdRVXHWa+zLUrxDb2fieOd0RfPaIqKmcCC7KZKBUXFf9CoIekNo3EuJ9w8
u+ldZ0mJF4cvXCgru3XrhwiFQ4nbqVNR4uaLUhQxweVyoaSkxPDH4/Fo/mj9BXW7XbKcGr29E3k4
epNycjQ0NsrmpNXW1Zm+P0RERERE5FSTpdemQRQRi8UgiiICgTLUN9SjpbkZdbV18Pn9aefkcLlc
8Pl8qK2tRVNzMxoaGxAIBABBQCwWg7KvLDUHsHDrU4elUh2ffL5EeQHjEw5SxnbMBJHMs3WKigiz
q8NYjWCluqjiH/zU2NiIqVOnYv/+/QCA0dFR7PjoIyxcdISqrFZATjkHrLGxKT7NJZniNlodSlVX
V4f9bW0AgM7ODsRih8PlcqGrc2J6Sn1dveyYyopKeEtLLZ2HiIiIiIjIMZL6UdFYFCUlJWhobITg
ckFwCegURQwNDVnqX7ndbvh8PtQ3NGBqayvq6uvh8ZRIgRTAoJecYXDDeVSRBl05z8EhWgsnma11
/HcxBzoEzJs/H11dXQiFQgCAffv2yZJ7Gh4tuFDq8yE0nqB0ZGRYOyCVwS1MXjo2EolgcHAQZWXl
6BgPcLhcLlRVV8mOcbkENDU2AvKFWYiIiIiIiApMfD6HIAjwektRU1OLWDQGAQJEUcTISBCxWOol
ZD0eDwKBAGpr69AypQU1NTUo9ZaOJxWdmOWg1wTTbbWzDkHjuJT12B9gyd4qKlbuuGjXpRVKBCo9
paU+LDj8cNm+rVu3IhwOmTo+OQAxMDCAcChkavqV2Z9Sbymqk5aeHejvR39fL6LjSUkbGhtleToS
ahWjOoiIiIiIiApV4kt9n8+Huvo6NDU3x3NyBPwpc3K4XC74A4F4Lo+WZjTUN8Dn88fjB9kMbiSn
30i3jnSaYrP8LBOrdbW2Bjmy8eMMLS0taG5pkbZHRkbw8SefmDq2rlae7+JQxyHpsV13qaFhYkRJ
d08Purq7pe36eu1ARlVVpan2ExEREREROZoYD0TEYiJcggC/34+6ulpMmToVtXXGOTkEQZBybjQ3
N6OhoQH+QLx8DEn5K7W6qKLqgXbjIE4sq6t6Jnm3Xj06QRZRVSQvbJ+iYmWWgyj7Q4i/GRw6y0TI
2rSaxJb5d8H8+QvQ3dWFsbExAJBGSMjrVtfV0NgA1zbXeEIaYNeuXWhqaoLX603ZxlAojP7+PsWU
GPXfqpqkERzdXV2yERs1NTXSX6bEyy4inhmYiIiIiIgKnLJ7oDVtociJSX9GYzEIAPw+PxobGsen
qwDdooiRkRGpXwbER254vV7U1dWhubkZ9Q2N8AcCiMXGwxo6gwSMWqHcpYxBaB+vKpX6WRGAIFoM
bGTnjZHjERyi5kO9Ik7ipDEefr8P8xcssHycz+fD9BkzpO3RYBBbtmxBNGI8DywcCuODD97H+++9
h493fIxYTP9qy8vLUerzAYhHLsPhMIB4AlL9QAoREREREVH6sjWO3/q4f3kIQAQAQUCJtwQNjQ1o
aZmC+voG+AMBqZTb7Ybf70d9fT2mTm1FXV18Kdh4UEInuKF7F7R3m6sijV6tdIgg7VDfBy3ZGdmQ
lykqDo1hZCyXwY6pU1vRYDLBaLLZc+agonJiSkhnRwfe2fQOenv7VO2ORqM4dOgQ3njzDfT19gIA
DhzYj1BoVLd+KWmoQn1Dw/ijfIeHiIiIiIiI7GTUrxEhijEAAsoCZairr0dTU1N8CVmfD16vF36/
HzU1NWhumYL6hnoEAmUQXOMj71N2lVL0qUwFN8z1ycz32syFOLIh56uoxKW4gVbmuUxSggAsWHA4
erp7EI0qp6joK/F4sHjxYry7aRNGRkYAAH29vXhr45sIBAKorKqCx+3B6GgQ/f390jQYIJ7Nd/FR
R8Hv9xueo6a2Fnv37pXvS5q6QkRERERE5Gz2d89FiPGRGg31EFwCIpExhMNhlJWVoaGhES0tLSgt
9Y4nITVz/hRlrAz+yOxMyGdQI1meAhwmMMiRUllZAPPmz8fWD7dYOq68vBxLly3DPz/4AL3jIzOA
eMLSRNBDqaKyEkcccQTKy8tT1l9VVS3brqysRCBpCBYREREREVF+5KsLLiIaE6VVUuogIBqNYmws
Ap/Ph6qqKpQFAojGouOrpaSuL9XT+Q42pGZ/kpacBjhE1QMTBxRokMPoEu28pNbWVnQcakd30mol
Zvh8PixdtgwdHR3Y39aGrq4uzXKBsjJMa52GKVOnwOMx93bxektQX18v1dmYxlQaIiIiIiIqHM7q
TDurNZLxnBoCBPh8pWhubkYsJsLtcsHj8SAmxuxpuaXghj33yhnjN/I4giP/l54/IoDpM2Zg+owZ
GQc7XC4BS5ctS+tYQRDQ1NSEpqYmhMNjCAZHEBkbi/8l87jh9/lR6vel1cZPHX20LPJoLgpJRERE
RESFS/mZfxIuozJO86qFRIADcLvc8VwbggBRFCHGYuOrqmT+dbjddzy7r2A67xH9e5TfKSpi/A9R
HF+GVaud8bSzOW1WLmX6ZjEVN9C4fcrDSrwlKPFWKeo2jsMp92un1DF+PDn/uSMiIiIiIjs5ol9h
shHxjJQiEI0m7UlRSRZWQjEsaemGioAojPdN03kl7AuEOTcHB9kn+b1SvLEiIiIiIiIi++QkapI6
l0bOz5rfGEVGGOCYbPSGTjDwQUREREREk5EDOuap2DV6IyuX6qDcmQxwUFzine6QNyYREREREVHW
5SW4kesUoBakcUJ74hv2DAFhgIOIiIiIiIiKjyNHZlholNU8GHkhOuo7clfOzyiK8YQqEifdDiIi
IiIiIipoIooiuFFYq6Eknyh+pnz09DmCg+SUCXwZfyIiIiIiogyIuhtkjzzl3tCqOAuBGSsKJMCh
d4vY+8463noiIiIiIrIo7RVDKe9BAvPsbqVeHg7znc8CCXDo4VIgeZMY9sVbTkRERERESUQuYKAh
WyGLfI3ecGYIpsADHEoMeOScckqL1eec+feCiIiIiIgsEJM+1wvshqUnn30jx/TLMnvzFFmAQ8mu
V4l/Q4mIiIiIiMiM9NZatXaUudL2xy0cvMQtij7AYReu+kJERERERERO4JjhFo7DAIdlmSU9ISIi
IiIiomKV3uiNbMjn6I18yXmAw/m3JB0c4UFERERERDR5ZdbTdfbEj3yeV8m4v+2AERxOuVFERERE
REREWZaDLnDKUxRpN9wBAQ4iIiIiIiIqbkXao06T9buRr6SiTiPCaBSHYwIcIgDBuK0Fgos+ExER
ERERaU7lL/4eeErZCm6kWXlRyXOAQ0z6LaSIxRSaXL2z0j2PmeNSlVE+b7St99wk/xtIRERERFQU
dBZj4Md9mXTHYWTnNjrrxRGMggGyZXT1252fAIez7iMRERERERHZIU99vcLqYhbMsik5YxjcSJRB
6kvMQ4DDuEmiaO7iiIiIiIiIyCEKuHOdW1maoJLH+6+aiSGK8b3jO+3s36eqKvcBDr7xiYiIiIiI
aFKx1hEu/G6zYG/6CTPDNwC47DyneWIxvGJERERERERE+ZVW37o4O+SOWUWFJrf5bX/KdxOIiIiI
iChdX/hivlvgEJkHDrIXeiiEoIbeuA9zbc9jgMOggcW1nAoREREREREVvfQDCIUQeigEuZ2iYvJV
44tLRERERERElIJjO8/pNCzzUQ62BzhsG3jh2BeKiIiIiIiIKNkkH70hKn5bZnKd2BTylGQ0NVH6
g4iIiIiIiKj4WO7yioqf7J3JYcwNpcheDg6jZVwK/d4SERERERHRJMeOrZI4/l+2pApzOHoVFRGA
wISjREREREREjpbo0ia+5xY09pFcWqM3cnOmzFk6ZeoOv9mQQHanqNgQmOBfBCIiIiIiIpq0LE9H
yRExN80SdDfUMhrBYSZ+ISQKicLEY47IICIiIiIiKiJO7IE7S37uUC7Omsm0C/VxgnKXhUtIO8Bh
Krih94TFeywW2N+VnMZv0r03Zo5LVUb5vFZ5McXjAnttiYiIiIiI0uLEvk8GbVJ370T9AiapghsW
5SUHh3bSEaOrL6whH7l83+YzvqFVzijmwfgGERERERFNRpn3e7LQc7JlislEz856XSb7+YokLkZB
kLwlGWXHloiIiIiIiOzguP6l4xrkfJmO3gDSTDKa7nm5aiwREREREREVNds7uAXWY85ic52/TKyp
i7f7DhXWlBciIiIiIiKabAojsJFeitHs9MnzEuDIf3gh+Y2S/9YQERERERFRASqMGISaLe227+JT
Tk8RAEGMJ+MwKpr/ERx5l+pFYQCEiIiIiIiIsi230ZL0zmZHG9PsYyuSjWphgCMljvYgIiIiIiLK
poy7zYU6kiIfbFk9xT5WkosKKYIcDHBYonUnGfQgIiIiIiJKl+ik3nbe8CaY5rRlYovrpVNeDQMe
RERERERERqTElOllqCwS+ekZ5+Ks+ueQv9hmR28Iskf6tXMEh+04pYWIiIiIiCYXaRRGov+Z3A9N
emwijQLZzbYbbqWi7M1+YJLRvDF6AzD4QURERERENPnkPsST+Rkt1pCFSzTTg85tgEOU/iBZOJOI
iIiIiIiKX477ww5LKJrMSnJRxZG6z3AER97pvd0Y+CAiIiIiIqI0OSqyYW//Vq82Bjgci7k8iIiI
iIiIikchTk3JjnRHbwhIkYMjW11ndsntxGAHERERERERmeS4yIZ8uRxRNBPkSBQQFb3gHK+iot1O
0bAhZJbyHjL4QURERERE5Cz57/vmPLGobRRLyY6vvZNq9AaQhQCH0QnZ/c42Ji4lIiIiIiKatPKy
JKydhKQ/tShHc8hlFOBgN9qpmLiUiIiIiIgoP4ph9EbmRM3ZB6n7pILigbRt4qIsBTjYPS50ouIx
X1EiIiIiIqLMOCGcABuXhM2wFjHd4wVVcAPS9BQBgiBCEAHBKAeH0ZO2kk2YYT4OZ2D+DiIiIiIi
ovQ5pF/rkGYAqZpi5Yt2IWnCirkLzMMysbaFlchWWi8Kc3oQEREREVG+sONohSNGb2RwfPKgDUGn
DyoIgGBwipwFONhFLmQc6UFERERERLnE4MbkImg/TuThEM31RHM4gkOZ/4EKk97ryMAHERERERFR
zjkl94ZerWJ85IUpgrpnmWo7WR6mqFBxUuZVYcCDiIiIiIgo25wc3LBOPXoj8XgiwahBktGstYsm
OTHpN4MdRERERESUilM62QWikG6XrFsY39Ac2ZG8U9GVjF+uXnaOOAY4KAdExW+9fUREREREVJiS
FygQk35D8Zhs4fBpKZZOL8ge6JczgQEOIiIiIiIiIsoKxcANrQ0ZURQhJI/iUD5vcC5XOg1MH5eI
JSIiIiIiIkqX6NTRG2bapVVATPzSXtDCSisdM4KDcY/0mL1vzIJBRERERERZY6Vjkjxzxcqxk5T9
tye9GpVHqSYeaayAkrpGVRIOTOTnmHhePtlJ/yz5C3CMJz8VOaojMybvnbKYaOI4M2WU5ZTH6D0n
PebLT0RERERU8MQMIxx6sQ7GQMav3YE3QNUkUf5ANwyRFNcQIcbTho7vSw55TAQ5kg8VVPuS5SXA
MdG3FePDa8SYE1+vgiCajUKkc1xSGaPSyXUp6xUVUQ1R43G610BERERERM4gxkQIwsQiGLKP+IKZ
x4ker6JvoLdfVsZEA9Md0p6lofDWe0D29pnsqk0Y/1Mcr1X2Mhl2ImEqAqK50oqBHAc4JsasiKKI
WCwGURTZwc1AVgMcJssbBTgS73CtYIb0mK8/EREREVFBi39pnZhAMDFKQxCEeNLIRLmkXq2g8ziZ
0aKgiUSUZvo2xouL2n+cZaqR7SlWFbFScRZJtbtc44MXLJxPuYKK7JdsmEd8pIf0nCOmqMSDG4Ig
AIKASDSKaNStCMixo2tV2sEh5UiLDM6jHKWhVV+ijGEwhIiIiIiIClK8O2c0ykI+EoMLxypo3oz0
75B2r8x+wng/X4zFEImJiMZiEASX1O9PyUSQI1FEGh1kUFZfRPoAACAASURBVF1OR3DEL94NCC6M
hMYQjUbhGn9nO6mza6YljknaqXPfrN5Ns/ffdKBjvBXyXfJtJ73mRERERESUvuGRIIDxfpIgaD9O
2pY/TN5n3NNK9Xy6ZQ0qybyOVAq5WyRM3OdoDAhHohDcHgguV8b3fyK8YV5uAxwuF1xuN+AuwXBo
DCPBaHwokxiDGCvkVzW/tN42tgQPTObgSB5PpRoXIsq2FPvMpyIiIiIiIiLn6h0YgtQzkX4l9VSS
ghnquIbGpAON4Ie5Iul3qgXBanfaBoX+pa8gQBAECIIrPk3F5YHbUwLB5TZdxUSeDY1Mo6rCBs8h
DwEOd0kJPFEfIuEQojEgFhURiwkOywyboiFp/51J50CjRXAMD5Od19oQsES0wvjMqvo0TiDKHijn
URERERERUTEIRRMjNtTPKb/IF8fLafY2dLoghj2TNDpMeufOfR/FMXMD0iYIgOAW4BY88Hi8KPH6
4HZ7TI5+UQY1Ugc5HDNFxeVywVPihSC44PF6EYtG4olGY85LNGo0ZylniWZSkK8ILJe4neZbqhpq
oXjWKHqRVELUfFKRpyO5vLNedyIiIiIisi5QUaU5NSW+Hc/HkPzJX9X3VU5lUfZkDKIh+gM47J+i
wu6LgoB4zg2XAJfLDZfHA7c7/uMSXAYHiorHgvo5UYCYFAhLHOGMJKNCvCEutxuC4ELM7ZGmp8Rz
cOSsJSbpT5/IYNBTWu0wPCpFDg7dfyCUV6fYjI/4SE4IanQWjSSxouIOypKPihNBDse97kRERERE
ZFWpvwxAIh6Q6JUmT0dJWhdDHd1Q5+OQ/4JmX0orh4fm8zrHJ5ESWarOoTX8JPuc2k3SnEokTVMR
4HK5IAjuFElGta5OhCyaobtP5/BxuV1FBePX6BLgEgRAdMU7wbLpCvkeHaGMJCll0D6Lh6YqHh/B
Yz7JqPy9YpAsVP6HATGpKnkSDlGxrTVig8vEEhEREREVB3dJyfgjYSLIAcQ7v+O/IZUY/zM5RYdG
0EPjF+QHqffp9qFSTJcwHeCwScoZDPnuFktSNyTx+iZe9+Tghvpoo+vWD3IkdqfqOeZ0ikr8IgUI
EDXWLE6+ivy8mmLK4EZm0ssia9cIDsWWYYBDhCBCdgsm0nGoE48KhgGOiZEbgiK4YRSgISIiIiKi
wuFyu5NycIx3cqVcCqlHcqQV4NDYpTt9wUJfTJ7O0MLwAStSVJMiHWJeGDdJ0Hit0iFOXLyg2Gei
4twGOBJ038j5fhWTZ/fY35b0atQ/ajxElIVzQhUe06xHGUURATEe7TCZpyR+nxniICIiIiIqbImA
RvIUFSGpxyvAJT2WfinzdCQ9r/qqVme/cle6AQ7dHqBe4CVDiX6Tnnz3jCdotyS99pnt+U3k4NCa
E+OYJKPGBMXvfLQguceejW53FkZwWK7VXOksxSmTanPOX1kiIiIiIsqG8Q6q4qP/xJfcsmiHbJes
Dtl+4wCHbj8jRYBD92t3VZJRe3pGqb4QdtqXwPq3X6PnaFvj5SM3zPQijdKaUlFy2l8VIiIiIiIi
ciop/qQKJAmyR2a+wrb+Nbc4kfPRROzEQSM4nCBbIzeIiIiIiIiICpDOqA2tYIUAIT79RtWtnpiZ
IO91mxmXIS9jNMeBIzh0cQoFERERERERkZJRb1k78GFEscKFTgkzOILD0bI1moSjVIiIiIiIiCg7
BNXkCPkOy8MJTKZxZICjCDBlJxEREREREdktt/1Mdc9WlcJUFA0bxSkqOcWRE0RERERERFRALHdj
9VbEMXcyK0lLlRjgKADZCYsw2EJERERERETZkF6QI148dU4OPQxw5BwDC0RERERERFRA0urGWotu
qEsnBzrMBT08TsjdMPm6/FpXnDqvrPnSVtrhhHcAEREREREROVq63UdVwlHtIpbaocMhSUbZyc4f
BjmIiIiIiIgoM9q9ynh0Q0x6bOa45H1WBkRwiopjWBvHMvlGvRAREREREVFeGXVEDb43VyYN1Usk
qr3PfO/XISM4iIiIiIiIiMjpDEdc6E1HGd9vNHfA/LwC/YAHR3AQOB6EiIiIiIiI7GJ1qVe7kiY4
IsDBDBAJos5jIiIiIiIiovwy03cXFIWEFEvGplOnHk5RkWFQIYGpR4mIiIiIiMgKvakqypkrgt4z
KfJ4AMa9dgcGOBhkcBq+IkRERERERJObFHtQfBuuG5PQil1oRikmEnTo1SVKJY2/indggGOyy9fY
CY7ZICIiIiIiojirvUNz5RXZRse7oYJudtL4McnPGp3HETk4yJlEcPQGERERERHRZCdoPLJ4oO7z
yroFjZ/4/tS9U4eM4HDq6AGjKFI2WT+n8oj07qio+I20aiEiIiIiIqLiZ6q3qNOtVh4rKPcqHoop
lpkFHBPgIOdyavCJiIiIiIiInEy7J6mOeAi6G0m7x/eLov6AAAY4UsrXKA4nYZCDiIiIiIiItGn1
FlVBC51utaB6oH7O7BwD5uAoYpM9LEP2GRgYyHcTiIiIaJJra2vLdxOIKIm1r8AFeUKN8cSh0soq
iukoil3KQ3V/GOAgIkMDAwO4+OKLccMNN+S7KURERDRJXX/99fjiF7+IDz/8MN9NIZp00hnLr3eM
gPhUE0EjiqEMaugeb/CTlSkqIoDQyFAaR+pfjtfnh+Byp92mbImEwwgFhxEdG0M0GoEgCHC5PSgp
9aHUH4DLba7NI4MDCI8MwesPIFBZneVWE5mTCG58+OGH0geK1atX57lVROnZvHkzNm3ahO7ubhx9
9NE48sgjUVdXl+9mUZaEw2Fs3rwZ27Ztw6FDhxCJRFBTU4Pa2losXrwYc+bMgSBY/8i2e/duvPfe
e2hvb8fAwAD8fj+mTp2KI488EnPnzrWt/f39/fjoo4+wbNkyy8eKooiPPvoI7733Hjo7OxEKhdDQ
0IDDDjsMS5cuhdfrta2dRLlw/fXXY+3atQCAiy++GA888AAWLlyY51YRTW7K0RWpIhOpcnFoJxzV
ZjRTITsBjlgU7Tu3WzzK+I5MOWwhSnz+9BuVEfWEodHhIfQdOoDRkUHdo1yCCxV1jaiob4THU6Jb
LjwaRMeeHdJ286z58JWVZ9xqokwkBzcSHn74YQAMclDh6e3txZe+9CWEQiFp3zXXXIPvfe97eWwV
ZYMoili3bh3uuusu7Nq1S7fcpz71KVx//fVYsWKFqXp37NiBO+64A88995xumVNOOQU/+MEPMH/+
fMvtBuJBmY0bN+LZZ5/Fo48+igULFkidOrM2bdqE1atXY+PGjZrPT5kyBTfccAPOPvvstAI8RLmW
HNwAJj6fMMhB5FxWghXK5zXLKrrjzMFhI1EU0XNgH9p3bTcMbgBATIyhv6sd7Z9sRyg4olsuMhY2
3Jbqi0YRGhmWfoyyxxJlQiu4kfDwww/jjTfeyEOriNK3fv16WXADAB566CGMjo7mqUW0Y8cObNiw
QfrZunVrxnUODw/jxz/+MVatWmUY3ACA9957D5dccgl+/etfp6z3jTfewJe//GXD4AYAvPzyyzj/
/PPxj3/8w3SbRVHEli1b8F//9V/47Gc/i69+9at44IEHEAwGTdeR8D//8z+48MILdYMbAHDgwAGs
WrUKP/nJTxCNRi2fgyiX3njjDc0gn9HnFCJyloyCG8lzVswME0GWRnAIggu1LdMMy4wM9GF0OB4g
8PrLUF5da1je7cn/gi+iKKJ7/x4M9XVL+7y+AMqr6+ANBOByewBRRHRsDMHhAQx1dyImxhAZC6Fj
z8donjUPJaU+Vb2+sgr4yiowOjyIUn8Z/OWVmuePhENo37lN2p5++KcguBijInul+tCwevVqLF++
PMetIsrMI488otrX0dGBDRs24LOf/WweWkSPP/44fvOb30jbK1euxC233JJ2faIo4tZbb8WaNWtk
+z0eDxYsWICamhrs2LED7e3tsudvv/12zJo1C2eddZZmvfv378c111yD/v5+2f558+ahtbUV27Zt
w4EDB6T9wWAQ11xzDZ544gnMmDFDt70HDhzA+vXrsXbtWnzwwQdWL1flueeew4033qjaf+SRR6Ki
ogLvv/8+hoeHpf0PPPAAampqOIqJHG358uVYvXq1Zh4wjuQgciYrYwNTBjdk+wVTlWcpwCGgsq7R
sEx0bEwKcJR4S1FZ1wTAySt/CBjs7pAFN6obWlDZ0AKXS3GnfX74KypRXl2Hjj2fIDIWQjQyhu79
e9E0ax6UI0JdLheaZ81DLBqF4HZzQVbKGzPBjQsvvDDHrSLKzEcffaQ76ujxxx9ngKNIPPnkk6rg
xiWXXIJrrrkGzc3NAIBIJIIXXngBP/zhD2UBizvuuAOnnXYaPBpfptx5553o7e2VtqdNm4bbb78d
xxxzjDTF45133sH3vvc97N27FwAwODiIO+64A3fddZdmW7/73e/i8ccfz+yCk/T29uKmm26S7Vuy
ZAl+/vOfY8GCBQDiOT3uvvtu/PGPf5TK/PrXv8ZnP/tZHH300ba1hchuic8dDHIQFR6jRKO626o4
htGWmuO+/k+VFTWbP0bGQkH0HmqDMP5fVX0zqpumqoMbSbw+P+qmTpe2R0cGERzs0y3vYnCD8ojB
DSpWRtMK1q1bp/pGnwpPNBrFPffcI9t3wQUX4Oabb5aCG0B8NMcZZ5yBW2+9VVZ2586deOedd1T1
Hjx4UDX6Z/Xq1Vi6dKksf8UxxxyD22+/XVZu3bp12Llzp2Z7N23apNrn8Xgwe/ZsnSs09sQTT6Cj
o0Parqqqwj333CMFNxL7brzxRpx//vmyY++99960zkmUSxdeeKFu/i9OVyHKL6v9V3VwQ76MilY4
Q1CuMGvAcQEOpxrq7ZaGl3i8pahqbBl/xvg2+8srEaiYWBVlqLfboDRRfjC4QcUqHA7joYceku37
[...]
T7/JFEeRcyYq004KC3Zmm1mNJtKwvcuYdljmczwYt+GsD7C2HmpO3CVap5/SjwqPE00mWm4Nszrt
a9SmwoWzP3RX+vRp++7BeNaOvSFyVMimnDmDiCtVlUe66GaU+rUbrqurFWcY/jz3ps2TNLeJwW3N
JMJlEau8qcZGrbcmTq0KIAO5ElL90U2RDqzr6lKyTl667PeEbF32SS+p940rG5FD9eGzbmDoxVwb
v9orZc1JfCTzatbTUDrMxbg7h4wasdlfnGVuFYik65UaadYPs4uNheW57lw7jUj4CgSOdGbpTNvv
tZuiby7DlrElf3jM9xHS3/VPpqKuuwqHNhGVf6bSWq0TWWLxr5b8+Bzx279OWUNkJ/1Ie7VleWI5
kimTZseXJCRUYYhpzDLGvwvsXt77Q4lbsN2RNxcAh3TOnyXUWKK57E7ptt325sdaUu71eqfwPn+n
XUvIbbXb6cwbVUxzu3MGP/3WSi2Kf6biJJxuPZrMPHI4z5AYgphVJ+4/PHoPD5ot2AAz7ruyepAl
lLA3Dg81xr6sXvbbAFwCi32l1/722/+cbkvQJB+r7O2Z+PaDLXv02rfOeWduBuFlZ4NDMHWdF0xr
NcNPtfyx54W5DoGjtd/n70rYrm61LQ033bZZhb1VjJxqclBLs/fZ1tiEZmXP4mgbn6Senr+pg9LR
4OiJHDP8VN0f9zZMf2zFYfhNdJRhyazIZ4jyNd0m9e7YtqKmr48uVvVYrT3OLHzLhtzqYs6WUmyJ
xhFU9c1+MFPI760PGWYkihyRMEPyWFFzHac2ZbFUrzpdvL30xmtn/Av6MC59yyzZVCGjLL2+ZfXm
U6VMDC3eBwdDDpjbcDqOFmFeMm12piEshLhRNgQdjkOzbDWJatcUkZ28glgOZUXo9rVNui6KDfdc
7vPwV7qS7qo9gWMtc8yAyLEmUiwvmRTp4bayCCrp1AKhabtkS+6AOJThauEGZ48GNUbDVuqKixba
eV7+aHOH3ZW0hcWYeJcJMQ977bukRXPXrcAsraIph73iuHwdI/Jb7nuziymzrXzSmPLGF/+y1hJW
rPQorjfPThr8pcafYl9BHnjWJgVRR4mVqut+1Ra4S+v4eYEvhN1itB++VQl4BRSd4rACkexsy44y
ksemCa5+LjQLK88BxaiuXqefNn1LlGpy6mffS9+5n2EixrVeCb94KR3TLU0xw/CWJorpc7XSplqr
iRtvcw2E2wefiyESrie9GVEwoHD62hM4VsxUU9QWllVHkfqHBcI9cmvziV5SBiTfENw+9aXH0mVW
rVxLDyXkMv/nKvVlsxY4Ihq1k5YOQqWYEqsT6X3nUJileWDHVaeCDLJA3Rbgf7OBS+QYHVsd7/Ns
Q+psj8R779vxjIq2KNP9+9bqXdsudx3VtA/Xjmtrk5KKpLba/DemGO5H5qHLTtesq/e4Vd2I836K
cZ4Y89aaGTEnBrytwCnKySaD/KH2zo+Or35/HjrP5913ZSE+JMXuj2z5OS5y1B/qwyEeWuRfE6hi
unU9RTvaORyfsrYEjoYmZUmsbGKcelpDxdoxqmTL/MxleSietFGwzTmHa3ZkkKO8zsQ0FpULHelh
l9zN8XA0RQsYx1ItOEVCrWWX/9SDi/G772Mxw1AXOqp1/udyqFPOMaOL4+TGGBVpBuqUXq9/zY5g
fnmptz4onzfKxlRv15mLKqc4isko0wSnrhlFSl/sE0fMsNwuho/bZbTzvVkJhqQuXr12iEhwId+r
cfgy1P750FYg6fWvovwZ3RVZ4kZnX7fFDL3t6aKHLsSExI3Q9VISztY4fXTuhEtnfXB+dYSqjW5Z
fre0JXBEaGvptKETkd73Or11sf4UQBbJonhmz9QYU5mb+nDK9Pinn3CWhr+yIl8h9aSF0XP+qipH
fs0p3eTXwkiy3x/D2CVpfEfQDr1Klg+HNgIxl8W0lvlBqNzc64hhlzQ7jbGKklWRCmqcw+BoGhSb
epHDt1nsfqZwtHr6aJnuHDjS3sd6IuV+pXqwlSJ9WlpO/XS7jxmh+lI+B3Y66y28QylUjmcEA85r
wS7XNVvBVvAwF/k70cI5tTbz3Xj45qQdsf/ny73I5jldQ1/pE9OHsIYE5+apSyCKXTJZlcDRLEtt
e2XQuHmzs4zwfwQmECs3vybbwaiGuDn3XhrFOLCC7nt2WsiP8t4yoUSTAi+LPTfv/Lti8fi3fY/W
f2xEDtmGYBxZmaJsU07gLIq6klC3REOZ4Tr9kIF6imKeR0sZY1EsbU6bCltdS7+Jq0JOehLzLCNr
1QWk64RG6kmPbXS99s24GfQTNjAtOUkhpnOoyklq7KHTG2OxTm84PpvXdq+6NbskLZvcbxTZului
ubnqndOR437M7RibQrQjcKy8f+QFEMeTvOPOIkdC5ACNlAlGzP8krPvgzbysROWYqwyrjGctPzC4
YdNKiP7gYIphZ1NBzGoydzNKSpY6UPtWjqUk5G18njD+9Ea20K7arZ3q2O7iptq0XMeZ0k+ZZxJE
UixeyYCwIWbt4f28TiA4r0nIc/OT+77rnh1zdLHswrAxtURTw3fapJxUUP/qJzn0vtp5ysNRqbX4
NompW0PrhTaluJHjtR2BI8IauhpEDojRjLzRhBFHAefeiJPZsjwSEUV/tEkfhyJTvjFz/EXFjT6Y
BymmbSeiJa0lN9tqLaW0RZx1orvyyGPuhMZO80+IfTDav8G7u9ybV+sKNc6j7zVPcmgZPy5QVwiH
12KFWnk7vJAU0cJqY+pOcyf2sxucnuaSPfRY4nGWnrrRvbniiQkZZni++j0IZuEAQycfgo4iYfbG
l+21FGEo+Z5L3HCIGp3iwHQvG7e6Yf6fjQx9+zjSQwj/lM+0s/NerPcEoFAobQgcR0gUQOQ4fkxx
iqMZIcQky7A8vbz63K8VouN65/xY24QmWXYdbE9+FrRlGY6uGla6mFxvkt2ds7aor5G4zVlvZ5Vd
qB77njuiJTk2UEdsD2ZfNG83kkENkcOys9IT4Iw06OKYKDd73VGE1MVkMcaiNWZHXsD2paxFvzuU
ZH+W4GBey5hipQhBWeHaUTjaQfpCNi5u+MMyBc4cfHMAt/hg0PvdDuLG0OYHd4cZ5eqtd9c6iSwm
6564SK1KXnHDSExYlBlPSjhtCBxHjN1JyEr1L6tjgkXwv6rvuJJaW3OPw8aZZ5clj6TUzVB3mqme
LRiiVJTF60yCAce3b5lP7nXHMkXN0NOUV//Ch81dgsZuRz70BNKYue4vUv+odB4u8Waqkys1DqoU
ixyeTK4hNO1+4hRMoF3urVG60PVtTDqvFw4WbXTfg0jgatK5TxTzVpNi3XzIXOfGvxFR0SkAhyCm
/npNjSsUunk6oTPvWe51UWNXCp3Pj0+1m2bSEl9n2qeKNDHGEVb4Wnnf3Hm/6DQgcMRLqMF+NIm1
neZYfJJ/BOh7u+Nrjho7SJXSNwRTdyI6T11Oi2FXH5zOCxccqfG2SLOGLUzFSru2sace5YmeT9yY
Hp/IIdJLpx7HD7XFlJMCC4sbGxN2m52acLC5YY4srpEmlgbzfkxgqk6OuGFhL1ujXfDsCaxPrDs1
l9Jqnxntin3b/jMR3dxXHYbCELESOix0/REk1R9J39WP4VpIh04ImHmjLsh7xXO30XxdYSaLHB47
d/47I6zdd1vI0efDNnO8rTMqcikC0e67cTvoN/1ynIjHn7Q2C2rJGpfKnptdNSeacyzaWHuMxzlo
WBnrKsku00UBMxVwWTR1a7c5mFVnrLmV7Vq67aYKey318WuhZMe3dOxZj9Bd94hu8GbuuJ/vxbPD
FcJ1P352YZi+dtHj9r3yb5zlas12L9f1LFFd5Tl0kGWpV1wwdpAzNPqsUxyjxA1fLbH3voeHiw4e
9T3nGtQ4A+PA0+Ccu9K5UQcb81Sjbm4Pclii2S3QdYxDsWAMpsDa7f71zWyNBb/mT7Uxblly7nVu
t6a4kZIXg1ulf7XCMJ7F4QzfZ/nQPjVtrVq3q5/Q8N0NRWn56/w9SHiUSsBZP3QaOMFhUncntzZz
74y1mxOQRYPVepQ5DaZndpyzJ7cT98XOfXkipgw/VdzYOmtmAa0Ys2R1Du40LmRYU+WkdTgzWXUE
+rdeJPBGRWtJ6/Advt2rXxbFk8joOOXZKS2d5AXX7z5j8iua17rUVZ3qPhq9L1FjJgETCB2B7kHt
y/TPhijg6PRS+8ExKYnFYd33ONbceQ0ayi2atphRKbeCYl7ZHKh2Xqvh9YYDX1ymKGELM7103ZDP
LkEjaeNzq9wm2TtzP5wgMpj3ag6rsbAaFDjaR62UKePg8T0uDFvSpgJxV6N0hZkm7C2tC7puhi4/
dd3VBb+ulpJ0tLR4bsGWXRWqbMzRGnumSYi96zRJNA7GqcSpvrcnCt2LjPI8jfqcq9512+iGXWx7
Ka6cWdgdn+hVB16KklFr/T7y8ExoT36XT+oBF8uVeRLGFUNqIn3+XYzIuMSNh/A5gpyITPJqjL2f
X2qPGl6JJZkeVLed86Pzu3olVspj5EAz75Lyshs2azRRog/ZoqshnXbP8NfJrofS+2O/1Jw2reyT
3I5BEwYzNrN2nxMEt1x7YrY0JXC0MA/bFWJqAU44gbS1zfAreqBxNu34yBx+WElCZjPRFZFjN8jv
eDo7dhPZqWJfQT3wQqd6bEkWN3LqyHZXq5+hWjn7YHfHXO35UFai+t2fJZqRdULFXLA7V+1jLd0u
KCIPOrTiHj9o+rI/TCTOiMiR7DnFaYI55ikDXzBBjDa7rfvDCYdut3CNiR3pDxsNSUoh0hUxf1dk
l0PW0JZyRCTgdxezr8ACIohF53bj6NVErSfxItqIC8o3VyzquR61z3TGrxRdZ/hxfR8EiWFNF8L/
TAz7amnPUrvfNseZ2tND/a00/tCbEjgGVrJy2jD9LpnaTJiJH20mPsUxC43U0cYyaRZzPBODnQGN
FI1Ic+Y0gbXr1FgdPkokixsNEz6dMd69SNrcxnYzX8tWJYaQ4BAVI6rY4rlYEq0jsNJs9i2fNdNq
nTpJNSghnpDeuA0mGkDIUdqqOJFxdT452j7TfSSzx47DTn11c8Ol7fnLNGzJ4E8XKUw3/v6qV/7q
S2NtU7sTkf5Q5OgkXE29C3mlUanP3FDDskQUj82DFKKmwWHIiEKsORcz05LTnWS7jXg4kRHeEWGZ
WUzuRLW64lU5PAARCZxQABGZNUPUp3VDHkc53xBJdA4nmp19McVjjptF22N4utonnrYo27iZW7a0
E2PZnWFSrvWlqZ0rnhphLCNEx2MtF6z0VWlS09YcFfQfC5HWbeWXcNLi37zmmC/GwnGFlRNvF7hn
27F5MOj2H0cxD//31nWXW3EE1Tnc6PRi1/9pW2FJOXjvd8b3qL/4SZYSGj3BsT66ros+mKrOSY9D
ZZGdz3Gs+bfpzY2lO0F8pRk6O/VLcNE60VyFLKDB4yRLChMtZMeYnaDkkHMD9SyGYpvELiw/ydvS
tj/34fQIvXhfkTh+Lzo/FO3kUmZ8oT1q9V54L7vfnXDZXfEmYdtCul24U+I9GZLrR9IOT8xySnSu
o6iuzszRuWx/UrbZwN/97EJdxlrzRm0ht/03sMvuQN+hT6Cgc7a9uHuMWLDpC1Y7rhShwXXT9hex
ohuElOEwifruKLef3ri5EzJc9gQyyv3g0JyKrgeu9jTB8ikdPzzB+Kwy7QiJRnnkGJ42WiFwVCSp
g6jSOdkvhEoJMndiBnCIr5Z0cScgImpO5Xf7teeAR0GPOMpMIWyMeWVsC6TbkegyM2GpO1dO0cK7
3tksjnOUnNhCbQROMxPmK73XXcksJdelnQW7xUA/tKVeNoueLvbmmBwb4uHEhKfY0meqUxvpos8R
wbNo1vKm65zPzbEWdNG+NH+SHxKj8tiUpmORnfIa2bFy3ZRzlZKwzTru7eNEl2A6icTtqEDd7p9e
C0/P0yEWOz2VakGKelmAmn/uKCKz3JodzbZzj4SJwOFiRCEkdW0FYp5L5FAdlIoXqV3x+gfBAmXp
qKEUYnpZhvIs3N2Bip1HVXONIjgCTNtHpQgnvfVheYpaTrGAEdu/iocTFTmMgvCbqk6NXROBVsY0
9/6w252PmsqNMtAZHw9Djp3jqEOv/PW/qtdvTdCOFopdw1hYp9pXYWKZf6ZZb+0un52I9kYrZxPu
bfNDIbcwh3and1xlSklTp3wIufeNUa7LnfeOOF/1aop6lldHUKbQYTm1VEJVPtWfv6HEPBhp/mZH
wziG4rHFcBJnRCD+EUdJp0Ncc/XH44kHhsBRk420m9vHh4PsAiLH9mqt2I4Xa/yZytIDpJuVZeKs
TCxsLM2RSgzsxpiWylXfZq1mm1NmqDCDdI7I7plfQijD1DG2iOtFrOl0lJQJZ6qOMkpvie8P+lB3
Z831hpW8frOu8MQ1zAfmFY9MO+eIOXetkeW+0Wmpy6zDkh7av3aKI1QNYuvTTZvNbvoOoqJpBoPX
8avNLHEj4L6z2r9j47YbXGo48kEv5yGsXQyWuGGPBqq4Ee0iO48hwTzuPV1ebwUVK+6YfUlVJbHN
WpqOGrvXEKfS7LqbToKnYytwZCvmI+IYHW6Ssa6FVJquPe9QviR2Sl2KcauiR5V5vXO7omgPaRmS
zu/bync83OiFYlIG+OIAkx1NUJYtLYIrsOQzL+ILq/nbZwvjgr44yCugtGaSGKYymLtLwriqLH7y
89Bt07BT7S+ZoveEpIocLn+ag8PMKR8/azbAIVHqT1W2twYRr9e9mEHs7MpLlCsou2Q6y01J4JEl
lB/fAqO3Pih+AmXkuqVkndeWSqc47GA9MTricpWwJvb2nlqQsrZLwl4tzDN3L/edJ274C9nVvWuC
R6de8/hztInDPlivBUndvbHzqQodfox1hfZZDcuSBBTvqSUejjvVlzeUxM4k/0HdhrLR67U+tSbq
ZdhLZ/3Gc+DYChwhRnUa6tm1keEFx4sWZp9wBNjU1fBWRBskr0ALGoc2/k6z0p1H3DhiqgMIZWoz
Okd05SQ9TMf4LtJpz3pwRuW5l8vWbLeI0O3imavGmNP63rsSnMkYz6LdEjm2DiYyw3e9Vrn4tJjk
upZgiMvevu8PTxUns9xE1f3TlU77pJ4TUOfW2gNHDd/1U1NYK3K08ESvtRbLu6ACAlDn+GKF7bnu
dNfb93cmdIGUuQSvbiNseATt1KBcspt+N702+V3XqZWxdPauAivC2eoyvHfJ0SNwTMKmAAwVcNSG
cqEd9d64Evvl6lpYpzI0Tb47dq9GR7S+vD06hAqvcr1ff0fQMNuyimXyOvuyVEz5oajKeT2Vv2BS
D9ctkrg2IazFZ+JOWYYxVhCli5ES1Gmr82mNE6IuRjvlqnqipdoQtzChbE3Kco8ItCgTGbJ7kG/i
0tDboyo3XG5STU9NZu/57LRLddSlxzL1mqSzPvvs8vTFmrih/uuxyJGgToaFuTO9itB9+FGPZ6vl
5e7/uVNp3svvIP1DRk0ZPRx36kOaVVdmG3PfScWsR/4wEDhManayu20dbejP1OzcV2uf4kgNqlbz
CXZUk8ceZn3P5qg4Oxh11KilTCtRhqX6JKtqcMpgDEcLu8+Zopzz+9lWJJSs3PDtBpaFpvjJH7l7
c9DvEkJKmCgM9SWcltKF2Hi62UUOEXH24btLG1tiG4C94tZHqTY1mFdWEqOyc+mhY8GOxHyDiNoG
nc1Nqb6u+bbqJ5ytynM4EinKpsKyTVkmlvaWIf/a/UAE27YS27rRvqjdTucqK88A4dBLtn9VG821
QUr+pLrRg3ZIsp6Ahv7N3zNNs3abzk+YTWlGGuAxEzhiXdFEfbDjN12jg5RUW1uZouqUrSVrpaXN
PJmXnPRH3M6xNTbbAxKmiWfpuSUcVVL7svQaqJ37iywGJyV21MFxuUw4LyUeviV0RH3qk1mrZEcO
WzUXMfFd5jyRo9Yw4vo5ijbf6N3lUXFEtOOsQHHRd9vTt+EQkk8XuH6mspYBLiAwbq9rgoYYjqvP
5RMEypmmq/GXyIb8lrl199e91n7dYaeJHt7TOSERvBPp+sNRsLOkMaVvScguc08qlk/aifvcDiSo
2sZfEpy+npyQBCN2L59JMOWYCRzpVO9TJjgWkDO1bXE5f1hHcxvMPKlp6RTHcnOHRjJg7VSrslNP
p+YMBEym63MKCqyFMt5OQs0dsyTbWkjAQMac2PJnHezpfTfL2Z5aqP94hTQjTbGkVHCx/Q1XNQHF
UFO0RUVF3Dblp67EvsPFcad873b/mu7c+TbJoUY/E0fmrolpm57a8tA4mV2TeiHOV3IpQsPwPXyG
yRYE0lqPeq1XPpll7rXViNj8aYqz//Z0bb62FHKhP4hUqVq1inGbvkCdTY1mkilKTlvqRXbPwopY
3YzAMc9Satbu2oh6mhS2Kl5AKdPvQaYp9X1+/As2LwCoSXsjyzR9YR2fqTlVkquxHefm0c53mzeH
ccZ9giPpTIHzim8Z5RU6gpmZl9shl7sng4TGywkLNjpMx5Lq9TxyArDI3EG3OauUCxugL5fiJ6LG
khJzHtF6lBtA4LRDZ3zyBb9b+4r+86BBoPLJjnZdMAXBocjdpVVahZNKoIrQMWYXZcj3VYw70pDA
MZa2M3xa68IVLj3u0l2mUkY+5m107LGUVt9R7bQ/fgelASeFEEtQoy3Jce54krmhEU818bwKFRSk
hkanRsxoiiZOjjUnUir1vpJt44IJ7yrGiq+OyLHZjTdPIKQa4SGnh+nk8Liw9BlpsgLvdsdH9DC6
jEIycr/ffQoGoe3sOo0P7f9WXNkmeJudkKpWO8yFCJljCm690315goaw+92/qWGNy8IRvs2yD2Ve
SfCJ4kZS8I5+yS+iulCObhjp1NZJSVUgL2Z/eLUGv/HhqBJTP3LCkuvf+vlhwPuRETimoHzvYCaU
qGLiRE5XPLfQMYapbXT1BSXtOV6XwpPmlFDCd9NPbaSFlxt/HVI3BcbWi+bWeApjbBudLy1nzLEl
NlVPDKUzJ4PLr0i6zT8lb7FOnginkBF/yvg5SuQITLol4GYytm8e6A9PJ+T73/zTK+ko7me2lWW7
/1o6j8sZbXXfZlgVZGl3wEXeDitGkk0BBzlpWsM8Moy+4aGlJ1GRzjk7sVh+JYtauriajyM3Ejvr
Tv+q9xlGDGbQvfjmL/0Qtut0h5UvvRVunFgClx9r81DahPozuIzF0VhhZBOKhPK2YYGj2rAwabRD
JQ8U1oz1djpxom55LHt6Yxx1d1lz9stwpppmAAAUbElEQVRK7+aLG62RN10V6fqyp0a3XivLX9Zs
qKEz7PAmWgMGc5/iMHfO1lw2k7Xf1N1Lw0tM5DDJO/3hjiEkhNTDYX23GddHCR010AMa02MmjjZS
NaN758cCWh/NFBo3NVjCoztsXZCLuZyUMapXrldPUJ3xqTOvd8ofT8F0Mpwu213b+LPatWXHobTv
ElNc8uX21qQi5i7Ndiz13o8ynq7rosLFeGEjPacbEzjaKah0StS8atF6GXT6clqf7I63rTyF2WOa
s036G2oX+JYeikipuJHbWU81P9HCLRAfc08tHcbT+6T+bGrmy+JzwMUNAD+u2h4vsHg1b2QU8P5u
ekSQozwPH53zXsVZeu7p09egP03FUOnt25nF5+9m3flvBb8ROobxcfn649rRTfMXf/vAEGrBjGvM
EZNiarTp3ZNEou6SzJkLI79DOdGJSG++bsfnZ2SWRmtOkYZSe5NYlR7mGReC4sb2r8OUXrmXNiq6
8sqUksenN1wihWO4JehOXS7ldarOqY10GhM4JKnNOJ3UbMe7Wpg/MwiZMWZHuaxzs8PKDaZGN1Z0
WqNke6uI6SNyT6QnGNV9dTYjOSVWjREhsuMdKT7MFU9t7D3JqgFmsdDZumNF2U/jIkJoZqENff/s
KzDLjpRrWWEVBeAeDXeTbAVV9CgdQ+1NkxTxovZWy4i+dru46GvbNA71BxppNTv1FYvpJa3JAx4v
vpBK+t+p+mw73DWODrrNvs16tXTtku4k55XIaszJ7rRI5xaeN+0lWYFNCs7+7L3cucWN3W1Vyeit
shIxzbXL3BV3p34OiExVaryrU1cGrNQ4Qi7Hix8JgkvCKY66+ONqT+Bohvo9VXEj6JvZR8ummrhh
MG1e1JuQlayRrY49xW1IkAtWnvQlzBRMHe826XOnb5p9k3YYk6dr7MegBdL2jEUidXOGBtWJvq4f
M34HH0HoHaqUGAsiP2zfqXltLv+Nnc+djf4d0jx8dkXC640vnW532kjrS2kipepESTAO0c1cn7pK
pNS8FscpJ72xHva4ESloOgEPrvxPMMERvrr8TgmlQsl0jlBypsld8GvwuksLcUoThj2mefFcUPPK
TJRLwpxmJqPKM948tz0lMa34EaaG6KE/7yO+vlqdwBFcp9XsYZuYhbtVxrhpfhclE621iivjCfcm
QUW3ygzbkDqqziD0SWgpIb+TTXgyT1eUC4v5pzi8rjeNaDWTwASOZ5+wHGN+6p1Tjcv6+/qjhG9X
LdV9kqcJ2eWI0fbTc8naIzZ2kA0FxfIyTlZJu+1YRRvLOKe+obnz2ZhqwxDedpKu+TSFDfNjN3yN
rx/K8nT5cw2Hdg92hNKRc66g074VmbUEium7nEjZpFT64JKasI025C88e5eCjqSw9iltPGs6a9pV
MEm0hQyXF79dLuEyrZfRW4jP/RgxwCl0OQVq3wrQY5QznHS6XZyF/XGDNC5wzD8sjK28c5Dasa5S
mIh1hk0kKGzIGCHC15nVEzf6iVpUcldcFVc8U1SRGulZ3/AAxwt7lpRaZ+frljP6mQYanClyGB8N
lyruHNWFDYdf5Zj84Db3CIlrcu2KTi8Ht2YxXOjclx2e0oUNd43VZ3D+pB+m0PN4l0UZKz2UxNdY
FkxPIDNtMVEGfSEmNGsVznY4Styw4klt2OnnGPT2NUYYUeN2NNqQl2iwAcs6cf5ayHYf38Cy7lZa
g0w2XqZkZCRyX84uvfTqChZBTQgcOXpx1MEx6aWbWesHWPObUkqJtcG0PJkm32qH6t27makdhhX2
6eMBODqMq+VTjUe+nbyotXnz+HQUT6mnaXwih4gvz9IC9gslvql96rZImRunZmFcsOQHp+qRZoq6
z9p1vVIeeh7EUr3dQd3+bCGeA6HaXrklBIIqHWbTTnHkh5ZNQwPr4dmfhB3y9ACzsra4FLKL0OW4
0/4MV2sUUK/8LWnf+mffX1esOb2eHphZE8wQlnuBeii9owOJBLSGNafJiaUNAIAwVU5vTDaZWKbL
m2tu1NAcDKCIhp6VW4Vlk6OcWigxJG+OnxKEw8GEOVQhbGvh5AoyKZojVrEjjB9pj1d+jSWYWxWz
cm2LxoFWZ2HmWY8jQkX9bQITdHeNTDoQOAAAAAAAAABg9SBwAAAAAAAAAMDqQeAAAAAAAAAAgNWD
wAEAAAAAAAAAq2eND0YFAAAAAAAAANDgBAcAAAAAAAAArB4EDgAAAAAAAABYPQgcAAAAAAAAALB6
EDgAAAAAAAAAYPUgcAAAAAAAAADA6kHgAAAAAAAAAIDVg8ABAAAAAAAAAKsHgQMAAAAAAAAAVg8C
BwAAAAAAAACsHgQOAAAAAAAAAFg9CBwAAAAAAAAAsHoQOAAAAAAAAABg9SBwAAAAAAAAAMDqQeAA
AAAAAAAAgNWDwAEAAAAAAAAAqweBAwAAAAAAAABWDwIHAAAAAAAAAKweBA4AAAAAAAAAWD0IHAAA
AAAAAACwehA4AAAAAAAAAGD1IHAAAAAAAAAAwOpB4AAAAAAAAACA1YPAAQAAAAAAAACrB4EDAAAA
AAAAAFYPAgcAAAAAAAAArB4EDgAAAAAAAABYPQgcAAAAAAAAALB6EDgAAAAAAAAAYPUgcAAAAAAA
AADA6kHgAAAAAAAAAIDVg8ABAAAAAAAAAKsHgQMAAAAAAAAAVg8CBwAAAAAAAACsHgQOAAAAAAAA
AFg9CBwAAAAAAAAAsHoQOAAAAAAAAABg9SBwAAAAAAAAAMDqQeAAAAAAAAAAgNWDwAEAAAAAAAAA
qweBAwAAAAAAAABWDwIHwIrZ29tb2gQAAAAAAIAmQOAAWCH7+/ty48YN+dOf/iR938u7776L2AEA
AAAAAMeanyxtAACks7e3J6+88opcvXpVu35wcCC///3vresAAEtw4sQJOX36tDz66KNy8uRJOX36
tIiI3Lt3Tx4+fCjfffed3Lt3T3788ceFLQWA48rBwYH88pe/lP39/UXtuHPnjrz33nty/fr1Re0A
OCp0ItIvbQQAxHn55Zfl6tWr3oH4448/losXL85sFQDAIY888oj87Gc/k7/+67+Wp59+Ws6ePSsn
T56Uxx57TP7qr/5KRET+7//+T7799lt5+PChfPHFF/Lll1/K//7v/8rt27fl+++/XzgFAHBceOut
t+Ty5ctLm6Fx7do1+cd//MelzQBYPZzgAGic8+fPyxtvvIF4AQBNcurUKTl37pxcuHBBnn32Wfmb
v/kbOXfunDz++ONBf3/605/k1q1b8vnnn8t//Md/yM2bN+XWrVvy4MGDmSwHgOPIwcFBc+KGiMjl
y5c5yQFQAQQOgEbZ29uT1157Ta5cubK0KQAAFj/96U/lzJkz8vzzz8vBwYFcunQp61lAjz/+uPz8
5z+Xn//85/LSSy/JjRs35Pr16/LJJ5/I3bt35YcffpjQegA4rhwcHCxtgpeDgwMEDoCRIHAANMj2
ORs8OBQAWuSxxx6TZ555Rn71q1/Jiy++KE8++eSo8Pb29uSll16SZ555Rt5//31555135LPPPpNv
v/22ksUAAIcs/cyNEC3bBrAWEDgAGuLixYvyxhtvyPnz55c2BQDAyd7envziF7+Qf/qnf5IXXnih
athPPvmk/PM//7Ps7+/Lv/7rv8rHH38s9+/frxoHAAAAHF0QOAAaYH9/X1577bUmfxMKALBlb29P
/uEf/kGuXLkizz777GTxvPDCC/KXf/mX8thjj8mHH36IyAEAAABJIHAALMz2ORv8HAUAWuaxxx6T
ixcvyquvvioXLlyYPL5nn31WXn31VXnw4IH87ne/4+cqAAAAEAWBA2AhDg4O5I033uD3lgDQPD/9
6U/lmWeekV//+teziBtbLly4IL/+9a/lj3/8o3z66ac8eBQAAACCIHAAzMz+/r689dZbvPYVAFbD
mTNn5Fe/+lX1Z26k8MILL8idO3fkD3/4g9y+fXv2+AEAAGA9nFjaAIDjwva1r7dv30bcAIDVcOrU
KXn++eflxRdfXMyGF198UZ5//nk5derUYjYAAABA+yBwAMzAyy+/LLdv35arV68ubQoAQBbnzp2T
g4OD0a+CHcOTTz4pBwcHcu7cucVsAAAAgPZB4ACYkPPnz8uNGzfk2rVrPEQUAFbHI488IhcuXJBL
ly4tbYpcunRJLly4II888sjSpgAAAECjIHAATMDe3p689dZb8l//9V/8HAUAVstTTz0lzz33XBMC
7d7enjz33HPy1FNPLW0KAAAANAoCB0BlXnnlFbl9+7Zcvnx5aVMAAEZx5swZOXv27NJm7Dh79qyc
OXNmaTMAAACgURA4ACpx8eJFuX37trz55ptN7HYCAIzhxIkT8vTTTzf13Itz587J008/LSdOMH0B
AAAAG2YIACPZ39+Xd999V27cuCH7+/tLmwMAUIXTp0/L2bNn5fHHH1/alB2PP/64nD17Vk6fPr20
KQAAANAgP1naAIA189prr8mVK1c4sQEAR45HH320ydeynjp1Sh599NGlzQAAAIAGQeAAKOStt97i
ORsAcGQ5efJkswLHyZMnlzYDAAAAGoSfqAAUsLe3h7gBAEea06dPyxNPPLG0GRZPPPEEP1EBAAAA
JwgcAAXcv39/aRMAAAAAAABAAYEDoJB/+Zd/WdoEAIDJuHfvnnzzzTdLm2HxzTffyL1795Y2AwAA
ABoEgQOgkCtXrsjrr78uf/7zn5c2BQCgOg8fPpQHDx4sbYbFgwcP5OHDh0ubAQAAAA2CwAEwgqtX
r8r58+fl7bffXtoUAICqfPfdd80KHN99993SZgAAAECDIHAAjOTOnTty+fJluXTpkvz+979f2hwA
gCrcu3dPvvjii6aeOXT//n354osv+IkKAAAAOEHgAKjERx99JOfPn5dXX32Vn60AwOr58ccf5csv
v5Rbt24tbcqOW7duyZdffik//vjj0qYAAABAgyBwAFTmzTfflP39fR5CCgCr5+7du/L5558vbcaO
zz//XO7evbu0GQAAANAoCBwAE3D//n25cuWK/N3f/Z18/PHHS5sDAFDEV199JZ9++mkTP1O5f/++
fPrpp/LVV18tbQoAAAA0CgIHwIT893//t1y8eFFeeukl+frrr5c2BwAgi++//15u3rwpN27cWNoU
uXHjhty8eVO+//77pU0BAACARkHgAJiB69evy/nz5+X1119f2hQAgCxu3bol169fX1Sk/frrr+X6
9etNPQ8EAAAA2gOBA2Am7t+/L1evXpWf/exn8t577y1tDgBAEg8ePJBPPvlE3n///cVseP/99+WT
Tz5p8rW1AAAA0A4IHAAzc+fOHTk4OJBLly7xsxUAWAV3796Vd955Rz744IPZ4/7ggw/knXfe4eGi
AAAAEAWBA2AhPvroI9nf35fXX3+d18oCQNP88MMP8tlnn8lvf/tbuXnz5mzx3rx5U37729/KZ599
Jj/88MNs8QIAAMA6QeAAWJirV6/K/v6+vP3220ubAgDg5dtvv5WPPvpI3njjjVlEjps3b8obb7wh
H330kXz77beTxwcAAADrB4EDoAHu378vly9flkuXLvFaWQBolvv378uHH34ov/nNbyb9ucoHH3wg
v/nNb+TDDz9s4hW1AAAAsA5+srQBADDw0UcfycWLF+Xy5cvy5ptvyl/8xV8sbRIAgMb9+/fld7/7
nfzxj3+UO3fuyIsvvihPPvlklbC//vpref/99+Wdd96Rzz77jJMbAAAAkAUCB0CDXLt2Ta5fvy5X
r16VV155ZWlzAAA0vv32W/n000/lD3/4g/znf/6n/PKXv5S///u/LxZl//znP8u//du/yXvvvSf/
/u//Lnfv3uWZGwAwCXfu3JFf/OIXS5vh5M6dO0ubALB6OhHplzYCAPzs7+/LtWvXooPxxx9/LBcv
XpzJKgCAQ06dOiXnzp2TCxcuyHPPPSdnz56Vv/3bv5W9vb2gv/v378v//M//yBdffCGffvqp3Lx5
U27dusWrYAFgUg4ODuTdd99d2gwnL730kly/fn1pMwBWDQIHwEo4ODiQN99803sUHIEDAJbkkUce
kaeeekrOnDkjTz/9tJw9e1ZOnTolp06dkieeeEJERL755ht58OCBPHjwQL744gv58ssv5e7du/LV
V1/J999/v3AKAOC4cO3aNXn55ZeXNkPj7bfflsuXLy9tBsDqQeAAWBF7e3ty5coVuXLlinUU/PXX
X5erV68uZBkAwMCJEyfk9OnT8uijj8rJkyfl9OnTIiJy7949efjwoXz33Xdy7949+fHHHxe2FACO
KwcHB3JwcCD7+/uL2nHnzh25fv06JzcAKoHAAbBC9vf35erVq7vdh/fee08ODg4WtgoAAAAAAGA5
EDgAAAAAAAAAYPWcWNoAAAAAAAAAAICxIHAAAAAAAAAAwOpB4AAAAAAAAACA1YPAAQAAAAAAAACr
B4EDAAAAAAAAAFYPAgcAAAAAAAAArB4EDgAAAAAAAABYPQgcAAAAAAAAALB6EDgAAAAAAAAAYPUg
cAAAAAAAAADA6kHgAAAAAAAAAIDVg8ABAAAAAAAAAKsHgQMAAAAAAAAAVg8CBwAAAAAAAACsHgQO
AAAAAAAAAFg9CBwAAAAAAAAAsHoQOAAAAAAAAABg9SBwAAAAAAAAAMDqQeAAAAAAAAAAgNWDwAEA
AAAAAAAAqweBAwAAAAAAAABWDwIHAAAAAAAAAKweBA4AAAAAAAAAWD0IHAAAAAAAAACwehA4AAAA
AAAAAGD1IHAAAAAAAAAAwOpB4AAAAAAAAACA1YPAAQAAAAAAAACrB4EDAAAAAAAAAFYPAgcAAAAA
AAAArB4EDgAAAAAAAABYPQgcAAAAAAAAALB6EDgAAAAAAAAAYPUgcAAAAAAAAADA6kHgAAAAAAAA
AIDVg8ABAAAAAAAAAKsHgQMAAAAAAAAAVg8CBwAAAAAAAACsHgQOAAAAAAAAAFg9CBwAAAAAAAAA
sHoQOAAAAAAAAABg9fw/jjrGLAp3Z8wAAAAASUVORK5CYII=
" width="800px"&gt;</msg>
<doc>Takes a screenshot of the current page and embeds it into the log.</doc>
<status status="PASS" start="2024-06-03T12:26:07.446679" elapsed="1.888378"/>
</kw>
<msg time="2024-06-03T12:26:09.335057" level="INFO">xpath criteria: //android.view.View[@content-desc="09 August 2019"]</msg>
<msg time="2024-06-03T12:26:09.336045" level="FAIL">ValueError: Element locator '//android.view.View[@content-desc="09 August 2019"]' did not match any elements.</msg>
<arg>locator=//android.view.View[@content-desc="09 August 2019"]</arg>
<doc>Click element identified by `locator`.</doc>
<status status="FAIL" start="2024-06-03T12:26:06.870561" elapsed="2.466484">ValueError: Element locator '//android.view.View[@content-desc="09 August 2019"]' did not match any elements.</status>
</kw>
<kw name="Click Element" owner="AppiumLibrary">
<arg>locator=//android.widget.Button[@resource-id="android:id/button1"]</arg>
<doc>Click element identified by `locator`.</doc>
<status status="NOT RUN" start="2024-06-03T12:26:09.338044" elapsed="0.000000"/>
</kw>
<kw name="Click Element" owner="AppiumLibrary">
<arg>locator=//android.widget.TextView[@resource-id="com.example.myapplication:id/textEndDate"]</arg>
<doc>Click element identified by `locator`.</doc>
<status status="NOT RUN" start="2024-06-03T12:26:09.338044" elapsed="0.000000"/>
</kw>
<kw name="Click Element" owner="AppiumLibrary">
<arg>locator=//android.view.View[@content-desc="10 August 2019"]</arg>
<doc>Click element identified by `locator`.</doc>
<status status="NOT RUN" start="2024-06-03T12:26:09.338044" elapsed="0.000000"/>
</kw>
<kw name="Click Element" owner="AppiumLibrary">
<arg>locator=//android.widget.Button[@resource-id="android:id/button1"]</arg>
<doc>Click element identified by `locator`.</doc>
<status status="NOT RUN" start="2024-06-03T12:26:09.338044" elapsed="0.000000"/>
</kw>
<status status="FAIL" start="2024-06-03T12:26:06.619241" elapsed="2.718803">ValueError: Element locator '//android.view.View[@content-desc="09 August 2019"]' did not match any elements.</status>
</kw>
<kw name="Select flight radio button" owner="booking">
<status status="NOT RUN" start="2024-06-03T12:26:09.338044" elapsed="0.001533"/>
</kw>
<kw name="Click booking button" owner="booking">
<status status="NOT RUN" start="2024-06-03T12:26:09.339657" elapsed="0.000000"/>
</kw>
<kw name="Select price to confirm the booking" owner="booking">
<status status="NOT RUN" start="2024-06-03T12:26:09.340584" elapsed="0.000000"/>
</kw>
<kw name="Click confirm button" owner="booking">
<status status="NOT RUN" start="2024-06-03T12:26:09.341583" elapsed="0.000000"/>
</kw>
<kw name="Verify flight is booked" owner="booking">
<status status="NOT RUN" start="2024-06-03T12:26:09.341583" elapsed="0.000000"/>
</kw>
<status status="FAIL" start="2024-06-03T12:25:59.522398" elapsed="9.820186">ValueError: Element locator '//android.view.View[@content-desc="09 August 2019"]' did not match any elements.</status>
</test>
<kw name="Close Application" owner="AppiumLibrary" type="TEARDOWN">
<doc>Closes the current application and also close webdriver session.</doc>
<status status="PASS" start="2024-06-03T12:26:09.345584" elapsed="0.710358"/>
</kw>
<status status="FAIL" start="2024-06-03T12:25:41.885121" elapsed="28.170821"/>
</suite>
<statistics>
<total>
<stat pass="0" fail="1" skip="0">All Tests</stat>
</total>
<tag>
</tag>
<suite>
<stat pass="0" fail="1" skip="0" id="s1" name="testFlightApps">testFlightApps</stat>
</suite>
</statistics>
<errors>
</errors>
</robot>
